[2025-03-03 21:51:51] INFO - Richiesta: GET /favicon.ico - Risposta: 200 - IP: [0:0:0:0:0:0:0:1]
[2025-03-03 21:53:02] INFO - Richiesta: POST /api/auth/login - Risposta: 200 - IP: [0:0:0:0:0:0:0:1]
[2025-03-03 21:53:04] INFO - Richiesta: GET /api/istituti - Risposta: 200 - IP: [0:0:0:0:0:0:0:1]
[2025-03-03 21:53:26] INFO - Richiesta: POST /api/auth/login - Risposta: 200 - IP: [0:0:0:0:0:0:0:1]
[2025-03-03 21:53:27] INFO - Richiesta: GET /api/istituti - Risposta: 200 - IP: [0:0:0:0:0:0:0:1]
[2025-03-03 21:53:30] INFO - Richiesta: POST /api/auth/refresh - Risposta: 200 - IP: [0:0:0:0:0:0:0:1]
[2025-03-03 21:53:46] INFO - Richiesta: GET /api/istituti - Risposta: 200 - IP: [0:0:0:0:0:0:0:1]
[2025-03-03 21:53:46] INFO - Richiesta: GET /api/macchine - Risposta: 200 - IP: [0:0:0:0:0:0:0:1]
[2025-03-03 21:53:49] INFO - Richiesta: GET /api/macchine/1 - Risposta: 200 - IP: [0:0:0:0:0:0:0:1]
[2025-03-03 21:53:49] INFO - Richiesta: GET /api/macchine/1/bevande - Risposta: 200 - IP: [0:0:0:0:0:0:0:1]
[2025-03-03 21:56:22] INFO - Richiesta: GET /api/istituti - Risposta: 200 - IP: [0:0:0:0:0:0:0:1]
[2025-03-03 21:56:22] INFO - Richiesta: GET /api/macchine - Risposta: 200 - IP: [0:0:0:0:0:0:0:1]
[2025-03-03 21:56:25] INFO - Richiesta: POST /api/auth/refresh - Risposta: 200 - IP: [0:0:0:0:0:0:0:1]
[2025-03-03 21:56:28] INFO - Richiesta: GET /api/istituti - Risposta: 200 - IP: [0:0:0:0:0:0:0:1]
[2025-03-03 21:56:30] INFO - Richiesta: GET /api/macchine - Risposta: 200 - IP: [0:0:0:0:0:0:0:1]
[2025-03-03 21:56:38] INFO - Richiesta: GET /api/monitoraggio/stato - Risposta: 200 - IP: [0:0:0:0:0:0:0:1]
[2025-03-03 21:56:38] INFO - Richiesta: GET /api/monitoraggio/allarmi - Risposta: 200 - IP: [0:0:0:0:0:0:0:1]
[2025-03-03 21:56:38] INFO - Richiesta: GET /api/monitoraggio/performance - Risposta: 200 - IP: [0:0:0:0:0:0:0:1]
[2025-03-03 21:56:52] INFO - Richiesta: GET /api/istituti - Risposta: 200 - IP: [0:0:0:0:0:0:0:1]
[2025-03-03 22:10:19] INFO - Richiesta: GET /spegni - Risposta: 200 - IP: [0:0:0:0:0:0:0:1]
[2025-03-03 22:51:49] INFO - Richiesta: POST /api/auth/refresh - Risposta: 200 - IP: [0:0:0:0:0:0:0:1]
[2025-03-03 22:51:52] INFO - Richiesta: GET /api/istituti - Risposta: 200 - IP: [0:0:0:0:0:0:0:1]
[2025-03-03 22:51:53] INFO - Richiesta: GET /api/macchine - Risposta: 200 - IP: [0:0:0:0:0:0:0:1]
[2025-03-03 22:51:58] INFO - Richiesta: GET /api/macchine/2 - Risposta: 200 - IP: [0:0:0:0:0:0:0:1]
[2025-03-03 22:51:58] INFO - Richiesta: GET /api/macchine/2/bevande - Risposta: 200 - IP: [0:0:0:0:0:0:0:1]
[2025-03-03 22:52:04] INFO - Richiesta: GET /api/istituti - Risposta: 200 - IP: [0:0:0:0:0:0:0:1]
[2025-03-03 22:52:05] INFO - Richiesta: GET /api/macchine - Risposta: 200 - IP: [0:0:0:0:0:0:0:1]
[2025-03-03 22:52:07] INFO - Richiesta: GET /api/macchine/2 - Risposta: 200 - IP: [0:0:0:0:0:0:0:1]
[2025-03-03 22:52:07] INFO - Richiesta: GET /api/macchine/2/bevande - Risposta: 200 - IP: [0:0:0:0:0:0:0:1]
[2025-03-03 22:52:08] INFO - Richiesta: GET /api/istituti - Risposta: 200 - IP: [0:0:0:0:0:0:0:1]
[2025-03-03 22:52:09] INFO - Richiesta: GET /api/macchine - Risposta: 200 - IP: [0:0:0:0:0:0:0:1]
[2025-03-03 22:52:10] INFO - Richiesta: GET /api/macchine/4 - Risposta: 200 - IP: [0:0:0:0:0:0:0:1]
[2025-03-03 22:52:10] INFO - Richiesta: GET /api/macchine/4/bevande - Risposta: 200 - IP: [0:0:0:0:0:0:0:1]
[2025-03-03 22:54:11] INFO - Richiesta: GET /api/istituti - Risposta: 200 - IP: [0:0:0:0:0:0:0:1]
[2025-03-03 22:54:12] INFO - Richiesta: GET /api/macchine - Risposta: 200 - IP: [0:0:0:0:0:0:0:1]
[2025-03-03 22:56:29] INFO - Richiesta: GET /spegni - Risposta: 200 - IP: [0:0:0:0:0:0:0:1]
[2025-03-03 22:57:04] INFO - Richiesta: POST /api/auth/refresh - Risposta: 200 - IP: [0:0:0:0:0:0:0:1]
[2025-03-03 22:57:20] INFO - Richiesta: GET /api/istituti - Risposta: 200 - IP: [0:0:0:0:0:0:0:1]
[2025-03-03 22:57:20] INFO - Richiesta: GET /api/macchine - Risposta: 200 - IP: [0:0:0:0:0:0:0:1]
[2025-03-03 22:57:31] INFO - Richiesta: GET /api/macchine/1 - Risposta: 200 - IP: [0:0:0:0:0:0:0:1]
[2025-03-03 22:57:31] INFO - Richiesta: GET /api/macchine/1/bevande - Risposta: 200 - IP: [0:0:0:0:0:0:0:1]
[2025-03-03 22:59:09] INFO - Richiesta: GET /api/istituti - Risposta: 200 - IP: [0:0:0:0:0:0:0:1]
[2025-03-03 22:59:10] INFO - Richiesta: GET /api/macchine - Risposta: 200 - IP: [0:0:0:0:0:0:0:1]
[2025-03-03 23:04:01] INFO - Richiesta: GET /spegni - Risposta: 200 - IP: [0:0:0:0:0:0:0:1]
[2025-03-03 23:05:05] INFO - Richiesta: POST /api/auth/refresh - Risposta: 200 - IP: [0:0:0:0:0:0:0:1]
[2025-03-03 23:07:09] INFO - Richiesta: GET /api/istituti - Risposta: 200 - IP: [0:0:0:0:0:0:0:1]
[2025-03-03 23:07:09] INFO - Richiesta: GET /api/macchine - Risposta: 200 - IP: [0:0:0:0:0:0:0:1]
[2025-03-03 23:07:12] INFO - Richiesta: GET /api/macchine/1 - Risposta: 200 - IP: [0:0:0:0:0:0:0:1]
[2025-03-03 23:07:12] INFO - Richiesta: GET /api/macchine/1/bevande - Risposta: 200 - IP: [0:0:0:0:0:0:0:1]
[2025-03-03 23:08:12] INFO - Richiesta: GET /api/istituti - Risposta: 200 - IP: [0:0:0:0:0:0:0:1]
[2025-03-03 23:08:13] INFO - Richiesta: GET /api/macchine - Risposta: 200 - IP: [0:0:0:0:0:0:0:1]
[2025-03-03 23:08:14] INFO - Richiesta: GET /api/macchine/1 - Risposta: 200 - IP: [0:0:0:0:0:0:0:1]
[2025-03-03 23:08:14] INFO - Richiesta: GET /api/macchine/1/bevande - Risposta: 200 - IP: [0:0:0:0:0:0:0:1]
[2025-03-03 23:09:10] INFO - Richiesta: GET /api/istituti - Risposta: 200 - IP: [0:0:0:0:0:0:0:1]
[2025-03-03 23:09:10] INFO - Richiesta: GET /api/macchine - Risposta: 200 - IP: [0:0:0:0:0:0:0:1]
[2025-03-03 23:10:03] INFO - Richiesta: GET /api/macchine/1 - Risposta: 200 - IP: [0:0:0:0:0:0:0:1]
[2025-03-03 23:10:03] INFO - Richiesta: GET /api/macchine/1/bevande - Risposta: 200 - IP: [0:0:0:0:0:0:0:1]
[2025-03-03 23:16:43] INFO - Richiesta: GET /spegni - Risposta: 200 - IP: [0:0:0:0:0:0:0:1]
[2025-03-03 23:17:14] INFO - Richiesta: POST /api/auth/refresh - Risposta: 200 - IP: [0:0:0:0:0:0:0:1]
[2025-03-03 23:17:17] INFO - Richiesta: GET /api/istituti - Risposta: 200 - IP: [0:0:0:0:0:0:0:1]
[2025-03-03 23:17:18] INFO - Richiesta: GET /api/macchine - Risposta: 200 - IP: [0:0:0:0:0:0:0:1]
[2025-03-03 23:17:20] INFO - Richiesta: GET /api/macchine/1 - Risposta: 200 - IP: [0:0:0:0:0:0:0:1]
[2025-03-03 23:17:20] INFO - Richiesta: GET /api/macchine/1/bevande - Risposta: 200 - IP: [0:0:0:0:0:0:0:1]
[2025-03-03 23:18:34] INFO - Richiesta: GET /api/macchine/1 - Risposta: 200 - IP: [0:0:0:0:0:0:0:1]
[2025-03-03 23:18:34] INFO - Richiesta: GET /api/macchine/1/bevande - Risposta: 200 - IP: [0:0:0:0:0:0:0:1]
[2025-03-03 23:18:57] INFO - Richiesta: GET /api/macchine/1 - Risposta: 200 - IP: [0:0:0:0:0:0:0:1]
[2025-03-03 23:18:57] INFO - Richiesta: GET /api/macchine/1/bevande - Risposta: 200 - IP: [0:0:0:0:0:0:0:1]
[2025-03-03 23:24:08] INFO - Richiesta: GET /spegni - Risposta: 200 - IP: [0:0:0:0:0:0:0:1]
[2025-03-03 23:24:54] INFO - Richiesta: POST /api/auth/refresh - Risposta: 200 - IP: [0:0:0:0:0:0:0:1]
[2025-03-03 23:24:57] INFO - Richiesta: GET /api/istituti - Risposta: 200 - IP: [0:0:0:0:0:0:0:1]
[2025-03-03 23:24:58] INFO - Richiesta: GET /api/macchine - Risposta: 200 - IP: [0:0:0:0:0:0:0:1]
[2025-03-03 23:25:00] INFO - Richiesta: GET /api/macchine/1 - Risposta: 200 - IP: [0:0:0:0:0:0:0:1]
[2025-03-03 23:25:00] INFO - Richiesta: GET /api/macchine/1/bevande - Risposta: 200 - IP: [0:0:0:0:0:0:0:1]
[2025-03-03 23:25:09] INFO - Richiesta: GET /api/macchine/1 - Risposta: 200 - IP: [0:0:0:0:0:0:0:1]
[2025-03-03 23:25:09] INFO - Richiesta: GET /api/macchine/1/bevande - Risposta: 200 - IP: [0:0:0:0:0:0:0:1]
[2025-03-03 23:25:54] INFO - Richiesta: GET /spegni - Risposta: 200 - IP: [0:0:0:0:0:0:0:1]
[2025-03-03 23:26:27] INFO - Richiesta: POST /api/auth/refresh - Risposta: 200 - IP: [0:0:0:0:0:0:0:1]
[2025-03-03 23:26:43] INFO - Richiesta: GET /api/istituti - Risposta: 200 - IP: [0:0:0:0:0:0:0:1]
[2025-03-03 23:26:44] INFO - Richiesta: GET /api/macchine - Risposta: 200 - IP: [0:0:0:0:0:0:0:1]
[2025-03-03 23:26:46] INFO - Richiesta: GET /api/macchine/1 - Risposta: 200 - IP: [0:0:0:0:0:0:0:1]
[2025-03-03 23:26:46] INFO - Richiesta: GET /api/macchine/1/bevande - Risposta: 200 - IP: [0:0:0:0:0:0:0:1]
[2025-03-03 23:26:56] INFO - Richiesta: GET /spegni - Risposta: 200 - IP: [0:0:0:0:0:0:0:1]
[2025-03-03 23:27:54] INFO - Richiesta: POST /api/auth/refresh - Risposta: 200 - IP: [0:0:0:0:0:0:0:1]
[2025-03-03 23:33:39] INFO - Richiesta: GET /spegni - Risposta: 200 - IP: [0:0:0:0:0:0:0:1]
[2025-03-03 23:34:15] INFO - Richiesta: POST /api/auth/refresh - Risposta: 200 - IP: [0:0:0:0:0:0:0:1]
[2025-03-03 23:34:18] INFO - Richiesta: GET /api/istituti - Risposta: 200 - IP: [0:0:0:0:0:0:0:1]
[2025-03-03 23:34:18] INFO - Richiesta: GET /api/macchine - Risposta: 200 - IP: [0:0:0:0:0:0:0:1]
[2025-03-03 23:34:20] INFO - Richiesta: GET /api/macchine/1 - Risposta: 200 - IP: [0:0:0:0:0:0:0:1]
[2025-03-03 23:34:20] INFO - Richiesta: GET /api/macchine/1/bevande - Risposta: 200 - IP: [0:0:0:0:0:0:0:1]
[2025-03-03 23:34:58] INFO - Richiesta: GET /api/istituti - Risposta: 200 - IP: [0:0:0:0:0:0:0:1]
[2025-03-03 23:34:58] INFO - Richiesta: GET /api/macchine - Risposta: 200 - IP: [0:0:0:0:0:0:0:1]
[2025-03-03 23:35:00] INFO - Richiesta: GET /api/macchine/1 - Risposta: 200 - IP: [0:0:0:0:0:0:0:1]
[2025-03-03 23:35:00] INFO - Richiesta: GET /api/macchine/1/bevande - Risposta: 200 - IP: [0:0:0:0:0:0:0:1]
[2025-03-03 23:38:06] INFO - Richiesta: GET /api/macchine/1 - Risposta: 200 - IP: [0:0:0:0:0:0:0:1]
[2025-03-03 23:38:06] INFO - Richiesta: GET /api/macchine/1/bevande - Risposta: 200 - IP: [0:0:0:0:0:0:0:1]
[2025-03-03 23:38:16] INFO - Richiesta: GET /api/macchine/1 - Risposta: 200 - IP: [0:0:0:0:0:0:0:1]
[2025-03-03 23:38:16] INFO - Richiesta: GET /api/macchine/1/bevande - Risposta: 200 - IP: [0:0:0:0:0:0:0:1]
[2025-03-03 23:39:00] INFO - Richiesta: GET /api/macchine/1 - Risposta: 200 - IP: [0:0:0:0:0:0:0:1]
[2025-03-03 23:39:00] INFO - Richiesta: GET /api/macchine/1/bevande - Risposta: 200 - IP: [0:0:0:0:0:0:0:1]
[2025-03-03 23:39:15] INFO - Richiesta: GET /api/macchine/1 - Risposta: 200 - IP: [0:0:0:0:0:0:0:1]
[2025-03-03 23:39:15] INFO - Richiesta: GET /api/macchine/1/bevande - Risposta: 200 - IP: [0:0:0:0:0:0:0:1]
[2025-03-03 23:50:13] INFO - Richiesta: GET /spegni - Risposta: 200 - IP: [0:0:0:0:0:0:0:1]
[2025-03-03 23:52:40] INFO - Richiesta: POST /api/auth/refresh - Risposta: 200 - IP: [0:0:0:0:0:0:0:1]
[2025-03-03 23:52:54] INFO - Richiesta: GET /api/istituti - Risposta: 200 - IP: [0:0:0:0:0:0:0:1]
[2025-03-03 23:52:54] INFO - Richiesta: GET /api/macchine - Risposta: 200 - IP: [0:0:0:0:0:0:0:1]
[2025-03-03 23:53:02] INFO - Richiesta: GET /api/macchine/1 - Risposta: 200 - IP: [0:0:0:0:0:0:0:1]
[2025-03-03 23:53:02] INFO - Richiesta: GET /api/macchine/1/bevande - Risposta: 200 - IP: [0:0:0:0:0:0:0:1]
[2025-03-03 23:54:25] INFO - Richiesta: GET /spegni - Risposta: 200 - IP: [0:0:0:0:0:0:0:1]
