[2025-03-18 00:02:19] INFO - Richiesta: GET /favicon.ico - Risposta: 200 - IP: [0:0:0:0:0:0:0:1]
[2025-03-18 00:02:35] INFO - Richiesta: GET /api/istituti - Risposta: 401 - IP: [0:0:0:0:0:0:0:1]
[2025-03-18 00:02:36] INFO - Richiesta: GET /api/macchine - Risposta: 401 - IP: [0:0:0:0:0:0:0:1]
[2025-03-18 00:02:36] INFO - Richiesta: GET /api/macchine - Risposta: 401 - IP: [0:0:0:0:0:0:0:1]
[2025-03-18 00:03:21] INFO - Richiesta: GET /api/istituti - Risposta: 401 - IP: [0:0:0:0:0:0:0:1]
[2025-03-18 00:03:21] INFO - Richiesta: GET /api/macchine - Risposta: 401 - IP: [0:0:0:0:0:0:0:1]
[2025-03-18 00:03:21] INFO - Richiesta: GET /api/macchine - Risposta: 401 - IP: [0:0:0:0:0:0:0:1]
[2025-03-18 00:05:20] INFO - Richiesta: GET /favicon.ico - Risposta: 200 - IP: [0:0:0:0:0:0:0:1]
[2025-03-18 00:06:01] INFO - Richiesta: POST /api/auth/login - Risposta: 200 - IP: [0:0:0:0:0:0:0:1]
[2025-03-18 00:06:02] INFO - Richiesta: GET /api/istituti - Risposta: 200 - IP: [0:0:0:0:0:0:0:1]
[2025-03-18 00:06:06] INFO - Richiesta: GET /api/istituti - Risposta: 200 - IP: [0:0:0:0:0:0:0:1]
[2025-03-18 00:06:06] INFO - Richiesta: GET /api/macchine - Risposta: 200 - IP: [0:0:0:0:0:0:0:1]
[2025-03-18 00:06:09] INFO - Richiesta: GET /api/macchine/2 - Risposta: 200 - IP: [0:0:0:0:0:0:0:1]
[2025-03-18 00:06:09] INFO - Richiesta: GET /api/macchine/2/bevande - Risposta: 200 - IP: [0:0:0:0:0:0:0:1]
[2025-03-18 00:06:52] INFO - Richiesta: GET /api/istituti - Risposta: 200 - IP: [0:0:0:0:0:0:0:1]
[2025-03-18 00:06:54] INFO - Richiesta: GET /api/macchine - Risposta: 200 - IP: [0:0:0:0:0:0:0:1]
[2025-03-18 00:06:56] INFO - Richiesta: GET /api/admin/transazioni - Risposta: 200 - IP: [0:0:0:0:0:0:0:1]
[2025-03-18 00:13:24] INFO - Richiesta: GET /api/istituti - Risposta: 200 - IP: [0:0:0:0:0:0:0:1]
[2025-03-18 00:13:27] INFO - Richiesta: GET /api/admin/transazioni - Risposta: 200 - IP: [0:0:0:0:0:0:0:1]
[2025-03-18 00:14:15] INFO - Richiesta: GET /api/istituti - Risposta: 200 - IP: [0:0:0:0:0:0:0:1]
[2025-03-18 00:14:15] INFO - Richiesta: GET /favicon.ico - Risposta: 200 - IP: [0:0:0:0:0:0:0:1]
[2025-03-18 00:14:15] INFO - Richiesta: GET /api/admin/transazioni - Risposta: 200 - IP: [0:0:0:0:0:0:0:1]
[2025-03-18 00:14:37] INFO - Richiesta: GET /api/istituti - Risposta: 200 - IP: [0:0:0:0:0:0:0:1]
[2025-03-18 00:14:39] INFO - Richiesta: GET /api/admin/transazioni - Risposta: 200 - IP: [0:0:0:0:0:0:0:1]
[2025-03-18 00:15:00] INFO - Richiesta: GET /api/istituti - Risposta: 200 - IP: [0:0:0:0:0:0:0:1]
[2025-03-18 00:15:03] INFO - Richiesta: GET /api/admin/transazioni - Risposta: 200 - IP: [0:0:0:0:0:0:0:1]
[2025-03-18 00:15:24] INFO - Richiesta: GET /api/istituti - Risposta: 200 - IP: [0:0:0:0:0:0:0:1]
[2025-03-18 00:15:25] INFO - Richiesta: GET /api/admin/transazioni - Risposta: 200 - IP: [0:0:0:0:0:0:0:1]
[2025-03-18 00:15:44] INFO - Richiesta: GET /api/istituti - Risposta: 200 - IP: [0:0:0:0:0:0:0:1]
[2025-03-18 00:15:45] INFO - Richiesta: GET /api/admin/transazioni - Risposta: 200 - IP: [0:0:0:0:0:0:0:1]
[2025-03-18 00:16:01] INFO - Richiesta: GET /api/istituti - Risposta: 200 - IP: [0:0:0:0:0:0:0:1]
[2025-03-18 00:16:01] INFO - Richiesta: GET /api/admin/transazioni - Risposta: 200 - IP: [0:0:0:0:0:0:0:1]
[2025-03-18 00:17:20] INFO - Richiesta: GET /spegni - Risposta: 200 - IP: [0:0:0:0:0:0:0:1]
