[2025-03-04 00:00:35] INFO - Richiesta: POST /api/auth/refresh - Risposta: 200 - IP: [0:0:0:0:0:0:0:1]
[2025-03-04 00:00:38] INFO - Richiesta: GET /api/istituti - Risposta: 200 - IP: [0:0:0:0:0:0:0:1]
[2025-03-04 00:00:38] INFO - Richiesta: GET /api/macchine - Risposta: 200 - IP: [0:0:0:0:0:0:0:1]
[2025-03-04 00:00:39] INFO - Richiesta: GET /api/macchine/1 - Risposta: 200 - IP: [0:0:0:0:0:0:0:1]
[2025-03-04 00:00:40] INFO - Richiesta: GET /api/macchine/1/bevande - Risposta: 200 - IP: [0:0:0:0:0:0:0:1]
[2025-03-04 00:01:03] INFO - Richiesta: GET /api/macchine/1 - Risposta: 200 - IP: [0:0:0:0:0:0:0:1]
[2025-03-04 00:01:03] INFO - Richiesta: GET /api/macchine/1/bevande - Risposta: 200 - IP: [0:0:0:0:0:0:0:1]
[2025-03-04 23:48:00] INFO - Richiesta: GET /favicon.ico - Risposta: 200 - IP: [0:0:0:0:0:0:0:1]
[2025-03-04 23:48:01] INFO - Richiesta: POST /api/auth/refresh - Risposta: 200 - IP: [0:0:0:0:0:0:0:1]
[2025-03-04 23:48:13] INFO - Richiesta: GET /api/istituti - Risposta: 200 - IP: [0:0:0:0:0:0:0:1]
[2025-03-04 23:48:14] INFO - Richiesta: GET /api/macchine - Risposta: 200 - IP: [0:0:0:0:0:0:0:1]
[2025-03-04 23:48:16] INFO - Richiesta: GET /api/macchine/1 - Risposta: 200 - IP: [0:0:0:0:0:0:0:1]
[2025-03-04 23:48:16] INFO - Richiesta: GET /api/macchine/1/bevande - Risposta: 200 - IP: [0:0:0:0:0:0:0:1]
[2025-03-04 23:50:40] INFO - Richiesta: GET /api/istituti - Risposta: 200 - IP: [0:0:0:0:0:0:0:1]
[2025-03-04 23:50:40] INFO - Richiesta: GET /api/macchine - Risposta: 200 - IP: [0:0:0:0:0:0:0:1]
[2025-03-04 23:50:44] INFO - Richiesta: POST /api/auth/refresh - Risposta: 200 - IP: [0:0:0:0:0:0:0:1]
[2025-03-04 23:50:45] INFO - Richiesta: GET /spegni - Risposta: 200 - IP: [0:0:0:0:0:0:0:1]
[2025-03-04 23:52:39] INFO - Richiesta: POST /api/auth/refresh - Risposta: 200 - IP: [0:0:0:0:0:0:0:1]
[2025-03-04 23:52:40] INFO - Richiesta: GET /api/istituti - Risposta: 200 - IP: [0:0:0:0:0:0:0:1]
[2025-03-04 23:52:40] INFO - Richiesta: GET /api/macchine - Risposta: 200 - IP: [0:0:0:0:0:0:0:1]
[2025-03-04 23:52:42] INFO - Richiesta: GET /api/macchine/1 - Risposta: 200 - IP: [0:0:0:0:0:0:0:1]
[2025-03-04 23:52:42] INFO - Richiesta: GET /api/macchine/1/bevande - Risposta: 200 - IP: [0:0:0:0:0:0:0:1]
[2025-03-04 23:53:08] INFO - Richiesta: POST /api/auth/refresh - Risposta: 200 - IP: [0:0:0:0:0:0:0:1]
[2025-03-04 23:53:17] INFO - Richiesta: GET /istituti - Risposta: 200 - IP: [0:0:0:0:0:0:0:1]
[2025-03-04 23:53:17] INFO - Richiesta: POST /api/auth/refresh - Risposta: 200 - IP: [0:0:0:0:0:0:0:1]
[2025-03-04 23:53:21] INFO - Richiesta: POST /api/auth/refresh - Risposta: 200 - IP: [0:0:0:0:0:0:0:1]
[2025-03-04 23:53:23] INFO - Richiesta: GET /istituti - Risposta: 200 - IP: [0:0:0:0:0:0:0:1]
[2025-03-04 23:53:23] INFO - Richiesta: POST /api/auth/refresh - Risposta: 200 - IP: [0:0:0:0:0:0:0:1]
[2025-03-04 23:53:24] INFO - Richiesta: GET /istituti - Risposta: 200 - IP: [0:0:0:0:0:0:0:1]
[2025-03-04 23:53:25] INFO - Richiesta: POST /api/auth/refresh - Risposta: 200 - IP: [0:0:0:0:0:0:0:1]
[2025-03-04 23:54:22] INFO - Richiesta: POST /api/auth/login - Risposta: 200 - IP: [0:0:0:0:0:0:0:1]
[2025-03-04 23:54:22] INFO - Richiesta: GET /api/istituti - Risposta: 200 - IP: [0:0:0:0:0:0:0:1]
[2025-03-04 23:54:28] INFO - Richiesta: GET /api/macchine/istituto/undefined - Risposta: 400 - IP: [0:0:0:0:0:0:0:1]
[2025-03-04 23:54:33] INFO - Richiesta: GET /api/macchine/istituto/undefined - Risposta: 400 - IP: [0:0:0:0:0:0:0:1]
[2025-03-04 23:54:36] INFO - Richiesta: GET /api/macchine/istituto/undefined - Risposta: 400 - IP: [0:0:0:0:0:0:0:1]
[2025-03-04 23:54:38] INFO - Richiesta: GET /api/macchine/istituto/undefined - Risposta: 400 - IP: [0:0:0:0:0:0:0:1]
[2025-03-04 23:55:10] INFO - Richiesta: GET /api/istituti - Risposta: 200 - IP: [0:0:0:0:0:0:0:1]
[2025-03-04 23:55:16] INFO - Richiesta: GET /api/macchine/istituto/undefined - Risposta: 400 - IP: [0:0:0:0:0:0:0:1]
[2025-03-04 23:55:44] INFO - Richiesta: GET /api/macchine - Risposta: 200 - IP: [0:0:0:0:0:0:0:1]
[2025-03-04 23:55:48] INFO - Richiesta: GET /api/macchine/1 - Risposta: 200 - IP: [0:0:0:0:0:0:0:1]
[2025-03-04 23:56:06] INFO - Richiesta: GET /api/api/bevande - Risposta: 200 - IP: [0:0:0:0:0:0:0:1]
[2025-03-04 23:56:06] INFO - Richiesta: GET /api/api/manutenzione - Risposta: 200 - IP: [0:0:0:0:0:0:0:1]
[2025-03-04 23:57:52] INFO - Richiesta: GET /api/macchine - Risposta: 200 - IP: [0:0:0:0:0:0:0:1]
[2025-03-04 23:57:53] INFO - Richiesta: GET /api/api/bevande - Risposta: 200 - IP: [0:0:0:0:0:0:0:1]
[2025-03-04 23:57:53] INFO - Richiesta: GET /api/api/manutenzione - Risposta: 200 - IP: [0:0:0:0:0:0:0:1]
[2025-03-04 23:57:56] INFO - Richiesta: GET /api/istituti - Risposta: 200 - IP: [0:0:0:0:0:0:0:1]
[2025-03-04 23:57:58] INFO - Richiesta: GET /api/bevande - Risposta: 500 - IP: [0:0:0:0:0:0:0:1]
[2025-03-04 23:57:58] INFO - Richiesta: GET /api/manutenzione - Risposta: 500 - IP: [0:0:0:0:0:0:0:1]
[2025-03-04 23:58:18] INFO - Richiesta: GET /api/istituti - Risposta: 200 - IP: [0:0:0:0:0:0:0:1]
[2025-03-04 23:58:18] INFO - Richiesta: GET /favicon.ico - Risposta: 200 - IP: [0:0:0:0:0:0:0:1]
[2025-03-04 23:58:22] INFO - Richiesta: GET /api/bevande - Risposta: 500 - IP: [0:0:0:0:0:0:0:1]
[2025-03-04 23:58:23] INFO - Richiesta: GET /api/manutenzione - Risposta: 500 - IP: [0:0:0:0:0:0:0:1]
[2025-03-04 23:59:14] INFO - Richiesta: GET //api/bevande - Risposta: 500 - IP: [0:0:0:0:0:0:0:1]
[2025-03-04 23:59:21] INFO - Richiesta: GET /api/bevande - Risposta: 500 - IP: [0:0:0:0:0:0:0:1]
