[2025-03-12 00:00:32] INFO - Richiesta: GET /api/macchine/8 - Risposta: 200 - IP: [0:0:0:0:0:0:0:1]
[2025-03-12 00:00:32] INFO - Richiesta: GET /api/macchine/8/bevande - Risposta: 200 - IP: [0:0:0:0:0:0:0:1]
[2025-03-12 00:03:51] INFO - Richiesta: GET /api/macchine/8 - Risposta: 200 - IP: [0:0:0:0:0:0:0:1]
[2025-03-12 00:03:51] INFO - Richiesta: GET /api/macchine/8/bevande - Risposta: 200 - IP: [0:0:0:0:0:0:0:1]
[2025-03-12 00:06:21] INFO - Richiesta: GET /api/istituti - Risposta: 200 - IP: [0:0:0:0:0:0:0:1]
[2025-03-12 00:06:21] INFO - Richiesta: GET /api/macchine - Risposta: 200 - IP: [0:0:0:0:0:0:0:1]
[2025-03-12 00:07:05] INFO - Richiesta: GET /api/macchine/8 - Risposta: 200 - IP: [0:0:0:0:0:0:0:1]
[2025-03-12 00:07:05] INFO - Richiesta: GET /api/macchine/8/bevande - Risposta: 200 - IP: [0:0:0:0:0:0:0:1]
[2025-03-12 00:07:56] INFO - Richiesta: GET /api/macchine/8 - Risposta: 200 - IP: [0:0:0:0:0:0:0:1]
[2025-03-12 00:07:56] INFO - Richiesta: GET /api/macchine/8/bevande - Risposta: 200 - IP: [0:0:0:0:0:0:0:1]
[2025-03-12 00:09:43] INFO - Richiesta: GET /api/macchine/8 - Risposta: 200 - IP: [0:0:0:0:0:0:0:1]
[2025-03-12 00:09:43] INFO - Richiesta: GET /api/macchine/8/bevande - Risposta: 200 - IP: [0:0:0:0:0:0:0:1]
[2025-03-12 00:13:19] INFO - Richiesta: GET /api/macchine/8 - Risposta: 200 - IP: [0:0:0:0:0:0:0:1]
[2025-03-12 00:13:19] INFO - Richiesta: GET /api/macchine/8/bevande - Risposta: 200 - IP: [0:0:0:0:0:0:0:1]
[2025-03-12 00:13:50] INFO - Richiesta: GET /api/macchine/8 - Risposta: 200 - IP: [0:0:0:0:0:0:0:1]
[2025-03-12 00:13:51] INFO - Richiesta: GET /api/macchine/8/bevande - Risposta: 200 - IP: [0:0:0:0:0:0:0:1]
[2025-03-12 00:14:39] INFO - Richiesta: GET /api/macchine/8 - Risposta: 200 - IP: [0:0:0:0:0:0:0:1]
[2025-03-12 00:14:39] INFO - Richiesta: GET /api/macchine/8/bevande - Risposta: 200 - IP: [0:0:0:0:0:0:0:1]
[2025-03-12 00:14:52] INFO - Richiesta: GET /api/macchine/8 - Risposta: 200 - IP: [0:0:0:0:0:0:0:1]
[2025-03-12 00:14:52] INFO - Richiesta: GET /api/macchine/8/bevande - Risposta: 200 - IP: [0:0:0:0:0:0:0:1]
[2025-03-12 00:15:21] INFO - Richiesta: GET /api/macchine/8 - Risposta: 200 - IP: [0:0:0:0:0:0:0:1]
[2025-03-12 00:15:21] INFO - Richiesta: GET /api/macchine/8/bevande - Risposta: 200 - IP: [0:0:0:0:0:0:0:1]
[2025-03-12 00:15:21] INFO - Richiesta: GET /favicon.ico - Risposta: 200 - IP: [0:0:0:0:0:0:0:1]
[2025-03-12 00:15:46] INFO - Richiesta: GET /api/macchine/8 - Risposta: 200 - IP: [0:0:0:0:0:0:0:1]
[2025-03-12 00:15:46] INFO - Richiesta: GET /api/macchine/8/bevande - Risposta: 200 - IP: [0:0:0:0:0:0:0:1]
[2025-03-12 00:15:48] INFO - Richiesta: GET /spegni - Risposta: 200 - IP: [0:0:0:0:0:0:0:1]
[2025-03-12 00:16:33] INFO - Richiesta: POST /api/auth/refresh - Risposta: 200 - IP: [0:0:0:0:0:0:0:1]
[2025-03-12 00:21:15] INFO - Richiesta: GET /api/istituti - Risposta: 200 - IP: [0:0:0:0:0:0:0:1]
[2025-03-12 00:21:15] INFO - Richiesta: GET /api/macchine - Risposta: 200 - IP: [0:0:0:0:0:0:0:1]
[2025-03-12 00:21:28] INFO - Richiesta: GET /api/macchine/6 - Risposta: 200 - IP: [0:0:0:0:0:0:0:1]
[2025-03-12 00:21:28] INFO - Richiesta: GET /api/macchine/6/bevande - Risposta: 200 - IP: [0:0:0:0:0:0:0:1]
[2025-03-12 00:22:22] INFO - Richiesta: GET /api/macchine/6 - Risposta: 200 - IP: [0:0:0:0:0:0:0:1]
[2025-03-12 00:22:22] INFO - Richiesta: GET /api/macchine/6/bevande - Risposta: 200 - IP: [0:0:0:0:0:0:0:1]
[2025-03-12 00:22:41] INFO - Richiesta: GET /api/macchine/6 - Risposta: 200 - IP: [0:0:0:0:0:0:0:1]
[2025-03-12 00:22:41] INFO - Richiesta: GET /api/macchine/6/bevande - Risposta: 200 - IP: [0:0:0:0:0:0:0:1]
[2025-03-12 00:22:57] INFO - Richiesta: GET /api/macchine/6 - Risposta: 200 - IP: [0:0:0:0:0:0:0:1]
[2025-03-12 00:22:57] INFO - Richiesta: GET /api/macchine/6/bevande - Risposta: 200 - IP: [0:0:0:0:0:0:0:1]
[2025-03-12 00:23:48] INFO - Richiesta: GET /spegni - Risposta: 200 - IP: [0:0:0:0:0:0:0:1]
[2025-03-12 00:36:55] INFO - Richiesta: POST /api/auth/refresh - Risposta: 200 - IP: [0:0:0:0:0:0:0:1]
[2025-03-12 00:37:15] INFO - Richiesta: GET /api/istituti - Risposta: 200 - IP: [0:0:0:0:0:0:0:1]
[2025-03-12 00:37:15] INFO - Richiesta: GET /api/macchine - Risposta: 200 - IP: [0:0:0:0:0:0:0:1]
[2025-03-12 00:37:19] INFO - Richiesta: GET /api/macchine/1 - Risposta: 200 - IP: [0:0:0:0:0:0:0:1]
[2025-03-12 00:37:20] INFO - Richiesta: GET /api/macchine/1/bevande - Risposta: 200 - IP: [0:0:0:0:0:0:0:1]
[2025-03-12 00:38:31] INFO - Richiesta: GET /api/macchine/1 - Risposta: 200 - IP: [0:0:0:0:0:0:0:1]
[2025-03-12 00:38:31] INFO - Richiesta: GET /api/macchine/1/bevande - Risposta: 200 - IP: [0:0:0:0:0:0:0:1]
[2025-03-12 00:40:27] INFO - Richiesta: GET /api/macchine/1 - Risposta: 200 - IP: [0:0:0:0:0:0:0:1]
[2025-03-12 00:40:27] INFO - Richiesta: GET /api/macchine/1/bevande - Risposta: 200 - IP: [0:0:0:0:0:0:0:1]
[2025-03-12 00:41:10] INFO - Richiesta: GET /api/macchine/1 - Risposta: 200 - IP: [0:0:0:0:0:0:0:1]
[2025-03-12 00:41:11] INFO - Richiesta: GET /api/macchine/1/bevande - Risposta: 200 - IP: [0:0:0:0:0:0:0:1]
[2025-03-12 00:42:05] INFO - Richiesta: GET /api/macchine/1 - Risposta: 200 - IP: [0:0:0:0:0:0:0:1]
[2025-03-12 00:42:05] INFO - Richiesta: GET /api/macchine/1/bevande - Risposta: 200 - IP: [0:0:0:0:0:0:0:1]
[2025-03-12 00:42:51] INFO - Richiesta: GET /api/macchine/1 - Risposta: 200 - IP: [0:0:0:0:0:0:0:1]
[2025-03-12 00:42:51] INFO - Richiesta: GET /api/macchine/1/bevande - Risposta: 200 - IP: [0:0:0:0:0:0:0:1]
[2025-03-12 00:45:09] INFO - Richiesta: GET /api/macchine/1 - Risposta: 200 - IP: [0:0:0:0:0:0:0:1]
[2025-03-12 00:45:09] INFO - Richiesta: GET /api/macchine/1/bevande - Risposta: 200 - IP: [0:0:0:0:0:0:0:1]
[2025-03-12 00:45:24] INFO - Richiesta: GET /api/macchine/1 - Risposta: 200 - IP: [0:0:0:0:0:0:0:1]
[2025-03-12 00:45:24] INFO - Richiesta: GET /api/macchine/1/bevande - Risposta: 200 - IP: [0:0:0:0:0:0:0:1]
[2025-03-12 00:46:24] INFO - Richiesta: GET /spegni - Risposta: 200 - IP: [0:0:0:0:0:0:0:1]
[2025-03-12 00:46:54] INFO - Richiesta: POST /api/auth/refresh - Risposta: 200 - IP: [0:0:0:0:0:0:0:1]
[2025-03-12 00:46:56] INFO - Richiesta: GET /api/istituti - Risposta: 200 - IP: [0:0:0:0:0:0:0:1]
[2025-03-12 00:46:56] INFO - Richiesta: GET /api/macchine - Risposta: 200 - IP: [0:0:0:0:0:0:0:1]
[2025-03-12 00:47:06] INFO - Richiesta: GET /api/macchine/1 - Risposta: 200 - IP: [0:0:0:0:0:0:0:1]
[2025-03-12 00:47:06] INFO - Richiesta: GET /api/macchine/1/bevande - Risposta: 200 - IP: [0:0:0:0:0:0:0:1]
[2025-03-12 00:47:19] INFO - Richiesta: GET /api/istituti - Risposta: 200 - IP: [0:0:0:0:0:0:0:1]
[2025-03-12 00:47:19] INFO - Richiesta: GET /api/macchine - Risposta: 200 - IP: [0:0:0:0:0:0:0:1]
[2025-03-12 00:47:32] INFO - Richiesta: POST /api/auth/refresh - Risposta: 200 - IP: [0:0:0:0:0:0:0:1]
[2025-03-12 00:47:34] INFO - Richiesta: GET /spegni - Risposta: 200 - IP: [0:0:0:0:0:0:0:1]
