[2025-03-07 22:28:00] INFO - Richiesta: POST /api/auth/refresh - Risposta: 200 - IP: [0:0:0:0:0:0:0:1]
[2025-03-07 22:28:32] INFO - Richiesta: GET /api/istituti - Risposta: 200 - IP: [0:0:0:0:0:0:0:1]
[2025-03-07 22:28:32] INFO - Richiesta: GET /api/macchine - Risposta: 200 - IP: [0:0:0:0:0:0:0:1]
[2025-03-07 22:28:41] INFO - Richiesta: GET /api/macchine/1 - Risposta: 200 - IP: [0:0:0:0:0:0:0:1]
[2025-03-07 22:28:41] INFO - Richiesta: GET /api/macchine/1/bevande - Risposta: 200 - IP: [0:0:0:0:0:0:0:1]
[2025-03-07 22:30:04] INFO - Richiesta: POST /api/auth/refresh - Risposta: 500 - IP: [0:0:0:0:0:0:0:1]
[2025-03-07 22:30:08] INFO - Richiesta: GET /api/istituti - Risposta: 500 - IP: [0:0:0:0:0:0:0:1]
[2025-03-07 22:30:27] INFO - Richiesta: POST /api/auth/refresh - Risposta: 500 - IP: [0:0:0:0:0:0:0:1]
[2025-03-07 22:30:31] INFO - Richiesta: POST /api/auth/refresh - Risposta: 500 - IP: [0:0:0:0:0:0:0:1]
[2025-03-07 22:30:32] INFO - Richiesta: GET /favicon.ico - Risposta: 200 - IP: [0:0:0:0:0:0:0:1]
[2025-03-07 22:31:20] INFO - Richiesta: POST /api/auth/refresh - Risposta: 200 - IP: [0:0:0:0:0:0:0:1]
[2025-03-07 22:31:24] INFO - Richiesta: GET /api/istituti - Risposta: 200 - IP: [0:0:0:0:0:0:0:1]
[2025-03-07 22:31:27] INFO - Richiesta: GET /api/bevande - Risposta: 500 - IP: [0:0:0:0:0:0:0:1]
[2025-03-07 22:31:27] INFO - Richiesta: GET /api/manutenzione - Risposta: 500 - IP: [0:0:0:0:0:0:0:1]
[2025-03-07 22:31:43] INFO - Richiesta: GET /api/istituti - Risposta: 200 - IP: [0:0:0:0:0:0:0:1]
[2025-03-07 22:31:48] INFO - Richiesta: GET /api/macchine - Risposta: 200 - IP: [0:0:0:0:0:0:0:1]
[2025-03-07 22:31:49] INFO - Richiesta: GET /api/bevande - Risposta: 500 - IP: [0:0:0:0:0:0:0:1]
[2025-03-07 22:31:49] INFO - Richiesta: GET /api/manutenzione - Risposta: 500 - IP: [0:0:0:0:0:0:0:1]
[2025-03-07 22:31:51] INFO - Richiesta: GET /api/bevande - Risposta: 500 - IP: [0:0:0:0:0:0:0:1]
[2025-03-07 22:31:51] INFO - Richiesta: GET /api/manutenzione - Risposta: 500 - IP: [0:0:0:0:0:0:0:1]
[2025-03-07 22:31:53] INFO - Richiesta: GET /api/admin/transazioni/recenti - Risposta: 400 - IP: [0:0:0:0:0:0:0:1]
[2025-03-07 22:31:53] INFO - Richiesta: GET /api/admin/transazioni - Risposta: 500 - IP: [0:0:0:0:0:0:0:1]
[2025-03-07 22:32:01] INFO - Richiesta: GET /api/admin/utenti - Risposta: 200 - IP: [0:0:0:0:0:0:0:1]
[2025-03-07 22:32:02] INFO - Richiesta: GET /api/manutenzione - Risposta: 500 - IP: [0:0:0:0:0:0:0:1]
[2025-03-07 22:32:03] INFO - Richiesta: GET /api/macchine - Risposta: 200 - IP: [0:0:0:0:0:0:0:1]
[2025-03-07 22:32:07] INFO - Richiesta: GET /api/bevande - Risposta: 500 - IP: [0:0:0:0:0:0:0:1]
[2025-03-07 22:32:07] INFO - Richiesta: GET /api/manutenzione - Risposta: 500 - IP: [0:0:0:0:0:0:0:1]
[2025-03-07 22:35:13] INFO - Richiesta: GET /api/istituti - Risposta: 200 - IP: [0:0:0:0:0:0:0:1]
[2025-03-07 22:35:14] INFO - Richiesta: GET /favicon.ico - Risposta: 200 - IP: [0:0:0:0:0:0:0:1]
[2025-03-07 22:37:21] INFO - Richiesta: GET /api/api/bevande - Risposta: 200 - IP: [0:0:0:0:0:0:0:1]
[2025-03-07 22:37:21] INFO - Richiesta: GET /api/api/manutenzione - Risposta: 200 - IP: [0:0:0:0:0:0:0:1]
[2025-03-07 22:39:59] INFO - Richiesta: POST /api/auth/refresh - Risposta: 200 - IP: [0:0:0:0:0:0:0:1]
[2025-03-07 22:40:03] INFO - Richiesta: GET /api/istituti - Risposta: 200 - IP: [0:0:0:0:0:0:0:1]
[2025-03-07 22:40:03] INFO - Richiesta: GET /api/macchine - Risposta: 200 - IP: [0:0:0:0:0:0:0:1]
[2025-03-07 22:41:21] INFO - Richiesta: GET /api/macchine/1 - Risposta: 200 - IP: [0:0:0:0:0:0:0:1]
[2025-03-07 22:41:22] INFO - Richiesta: GET /favicon.ico - Risposta: 200 - IP: [0:0:0:0:0:0:0:1]
[2025-03-07 22:41:22] INFO - Richiesta: GET /api/macchine/1/bevande - Risposta: 200 - IP: [0:0:0:0:0:0:0:1]
[2025-03-07 22:42:12] INFO - Richiesta: GET /api/istituti - Risposta: 500 - IP: [0:0:0:0:0:0:0:1]
[2025-03-07 22:42:12] INFO - Richiesta: GET /api/macchine - Risposta: 500 - IP: [0:0:0:0:0:0:0:1]
[2025-03-07 22:42:12] INFO - Richiesta: GET /api/macchine - Risposta: 500 - IP: [0:0:0:0:0:0:0:1]
[2025-03-07 22:42:22] INFO - Richiesta: GET /api/istituti - Risposta: 500 - IP: [0:0:0:0:0:0:0:1]
[2025-03-07 22:42:22] INFO - Richiesta: GET /favicon.ico - Risposta: 200 - IP: [0:0:0:0:0:0:0:1]
[2025-03-07 22:42:22] INFO - Richiesta: GET /api/macchine - Risposta: 500 - IP: [0:0:0:0:0:0:0:1]
[2025-03-07 22:42:23] INFO - Richiesta: GET /api/macchine - Risposta: 500 - IP: [0:0:0:0:0:0:0:1]
[2025-03-07 22:42:26] INFO - Richiesta: GET /api/istituti - Risposta: 500 - IP: [0:0:0:0:0:0:0:1]
[2025-03-07 22:42:27] INFO - Richiesta: GET /api/macchine - Risposta: 200 - IP: [0:0:0:0:0:0:0:1]
[2025-03-07 22:42:45] INFO - Richiesta: GET /api/istituti - Risposta: 200 - IP: [0:0:0:0:0:0:0:1]
[2025-03-07 22:42:45] INFO - Richiesta: GET /api/macchine - Risposta: 200 - IP: [0:0:0:0:0:0:0:1]
[2025-03-07 22:42:51] INFO - Richiesta: GET /api/macchine/1 - Risposta: 200 - IP: [0:0:0:0:0:0:0:1]
[2025-03-07 22:42:51] INFO - Richiesta: GET /api/macchine/1/bevande - Risposta: 200 - IP: [0:0:0:0:0:0:0:1]
[2025-03-07 22:42:56] INFO - Richiesta: POST /api/auth/refresh - Risposta: 200 - IP: [0:0:0:0:0:0:0:1]
[2025-03-07 22:42:58] INFO - Richiesta: GET /api/istituti - Risposta: 500 - IP: [0:0:0:0:0:0:0:1]
[2025-03-07 22:42:58] INFO - Richiesta: GET /api/macchine - Risposta: 500 - IP: [0:0:0:0:0:0:0:1]
[2025-03-07 22:42:58] INFO - Richiesta: GET /api/macchine - Risposta: 500 - IP: [0:0:0:0:0:0:0:1]
[2025-03-07 22:43:14] INFO - Richiesta: GET /api/istituti - Risposta: 500 - IP: [0:0:0:0:0:0:0:1]
[2025-03-07 22:43:14] INFO - Richiesta: GET /api/macchine - Risposta: 500 - IP: [0:0:0:0:0:0:0:1]
[2025-03-07 22:43:14] INFO - Richiesta: GET /api/macchine - Risposta: 500 - IP: [0:0:0:0:0:0:0:1]
[2025-03-07 22:43:15] INFO - Richiesta: GET /api/istituti - Risposta: 500 - IP: [0:0:0:0:0:0:0:1]
[2025-03-07 22:43:15] INFO - Richiesta: GET /api/macchine - Risposta: 500 - IP: [0:0:0:0:0:0:0:1]
[2025-03-07 22:43:16] INFO - Richiesta: GET /api/macchine - Risposta: 200 - IP: [0:0:0:0:0:0:0:1]
[2025-03-07 22:43:18] INFO - Richiesta: GET /api/istituti - Risposta: 200 - IP: [0:0:0:0:0:0:0:1]
[2025-03-07 22:43:18] INFO - Richiesta: GET /api/macchine - Risposta: 200 - IP: [0:0:0:0:0:0:0:1]
[2025-03-07 22:43:22] INFO - Richiesta: GET /api/macchine/1 - Risposta: 200 - IP: [0:0:0:0:0:0:0:1]
[2025-03-07 22:43:23] INFO - Richiesta: GET /api/macchine/1/bevande - Risposta: 200 - IP: [0:0:0:0:0:0:0:1]
[2025-03-07 22:46:34] INFO - Richiesta: POST /api/auth/refresh - Risposta: 500 - IP: [0:0:0:0:0:0:0:1]
[2025-03-07 22:48:35] INFO - Richiesta: GET /api/istituti - Risposta: 200 - IP: [0:0:0:0:0:0:0:1]
[2025-03-07 22:48:36] INFO - Richiesta: GET /api/macchine - Risposta: 200 - IP: [0:0:0:0:0:0:0:1]
[2025-03-07 22:48:38] INFO - Richiesta: POST /api/auth/refresh - Risposta: 200 - IP: [0:0:0:0:0:0:0:1]
[2025-03-07 22:48:41] INFO - Richiesta: GET /api/istituti - Risposta: 200 - IP: [0:0:0:0:0:0:0:1]
[2025-03-07 22:49:33] INFO - Richiesta: GET /api/manutenzione - Risposta: 500 - IP: [0:0:0:0:0:0:0:1]
[2025-03-07 22:49:33] INFO - Richiesta: GET /api/bevande - Risposta: 500 - IP: [0:0:0:0:0:0:0:1]
[2025-03-07 22:50:01] INFO - Richiesta: GET /api/manutenzione - Risposta: 500 - IP: [0:0:0:0:0:0:0:1]
[2025-03-07 22:50:56] INFO - Richiesta: GET /api/bevande - Risposta: 500 - IP: [0:0:0:0:0:0:0:1]
[2025-03-07 22:51:13] INFO - Richiesta: GET /api/bevande - Risposta: 500 - IP: [0:0:0:0:0:0:0:1]
[2025-03-07 22:51:39] INFO - Richiesta: GET /api/bevande/mggkg - Risposta: 400 - IP: [0:0:0:0:0:0:0:1]
[2025-03-07 22:51:49] INFO - Richiesta: GET /api/ccc - Risposta: 401 - IP: [0:0:0:0:0:0:0:1]
[2025-03-07 22:51:51] INFO - Richiesta: GET /api/ccc - Risposta: 401 - IP: [0:0:0:0:0:0:0:1]
[2025-03-07 22:51:52] INFO - Richiesta: GET /api/ccc - Risposta: 401 - IP: [0:0:0:0:0:0:0:1]
[2025-03-07 22:51:53] INFO - Richiesta: GET /api/ccc - Risposta: 401 - IP: [0:0:0:0:0:0:0:1]
[2025-03-07 22:51:53] INFO - Richiesta: GET /api/ccc - Risposta: 401 - IP: [0:0:0:0:0:0:0:1]
[2025-03-07 22:51:54] INFO - Richiesta: GET /api/ccc - Risposta: 401 - IP: [0:0:0:0:0:0:0:1]
[2025-03-07 22:51:59] INFO - Richiesta: GET /api/bevande - Risposta: 500 - IP: [0:0:0:0:0:0:0:1]
[2025-03-07 23:10:01] INFO - Richiesta: POST /api/auth/refresh - Risposta: 200 - IP: [0:0:0:0:0:0:0:1]
[2025-03-07 23:10:05] INFO - Richiesta: GET /api/istituti - Risposta: 200 - IP: [0:0:0:0:0:0:0:1]
[2025-03-07 23:10:07] INFO - Richiesta: GET /api/manutenzione - Risposta: 500 - IP: [0:0:0:0:0:0:0:1]
[2025-03-07 23:10:07] INFO - Richiesta: GET /api/bevande - Risposta: 200 - IP: [0:0:0:0:0:0:0:1]
[2025-03-07 23:10:24] INFO - Richiesta: GET /api/istituti - Risposta: 200 - IP: [0:0:0:0:0:0:0:1]
[2025-03-07 23:10:26] INFO - Richiesta: GET /api/manutenzione - Risposta: 500 - IP: [0:0:0:0:0:0:0:1]
[2025-03-07 23:10:26] INFO - Richiesta: GET /api/bevande - Risposta: 200 - IP: [0:0:0:0:0:0:0:1]
[2025-03-07 23:10:43] INFO - Richiesta: GET /api/manutenzione - Risposta: 500 - IP: [0:0:0:0:0:0:0:1]
[2025-03-07 23:11:15] INFO - Richiesta: GET /api/bevande - Risposta: 401 - IP: [0:0:0:0:0:0:0:1]
[2025-03-07 23:17:49] INFO - Richiesta: GET /spegni - Risposta: 200 - IP: [0:0:0:0:0:0:0:1]
[2025-03-07 23:18:51] INFO - Richiesta: POST /api/auth/refresh - Risposta: 200 - IP: [0:0:0:0:0:0:0:1]
[2025-03-07 23:18:53] INFO - Richiesta: GET /api/istituti - Risposta: 200 - IP: [0:0:0:0:0:0:0:1]
[2025-03-07 23:18:53] INFO - Richiesta: GET /api/macchine - Risposta: 200 - IP: [0:0:0:0:0:0:0:1]
[2025-03-07 23:18:55] INFO - Richiesta: POST /api/auth/refresh - Risposta: 200 - IP: [0:0:0:0:0:0:0:1]
[2025-03-07 23:18:57] INFO - Richiesta: GET /api/istituti - Risposta: 200 - IP: [0:0:0:0:0:0:0:1]
[2025-03-07 23:18:59] INFO - Richiesta: GET /api/manutenzione - Risposta: 500 - IP: [0:0:0:0:0:0:0:1]
[2025-03-07 23:18:59] INFO - Richiesta: GET /api/bevande - Risposta: 200 - IP: [0:0:0:0:0:0:0:1]
[2025-03-07 23:19:13] INFO - Richiesta: GET /api/istituti - Risposta: 200 - IP: [0:0:0:0:0:0:0:1]
[2025-03-07 23:19:14] INFO - Richiesta: GET /api/bevande - Risposta: 200 - IP: [0:0:0:0:0:0:0:1]
[2025-03-07 23:19:14] INFO - Richiesta: GET /api/manutenzione - Risposta: 500 - IP: [0:0:0:0:0:0:0:1]
[2025-03-07 23:19:24] INFO - Richiesta: GET /api/manutenzione - Risposta: 401 - IP: [0:0:0:0:0:0:0:1]
[2025-03-07 23:19:56] INFO - Richiesta: GET /api/manutenzione - Risposta: 500 - IP: [0:0:0:0:0:0:0:1]
[2025-03-07 23:19:56] INFO - Richiesta: GET /api/macchine - Risposta: 200 - IP: [0:0:0:0:0:0:0:1]
[2025-03-07 23:20:21] INFO - Richiesta: GET /pages/admin/MonitoraggioMacchine.html - Risposta: 200 - IP: [0:0:0:0:0:0:0:1]
[2025-03-07 23:20:43] INFO - Richiesta: GET /api/macchine - Risposta: 200 - IP: [0:0:0:0:0:0:0:1]
[2025-03-07 23:20:54] INFO - Richiesta: GET /distributore.html - Risposta: 200 - IP: [0:0:0:0:0:0:0:1]
[2025-03-07 23:21:02] INFO - Richiesta: GET /api/macchine - Risposta: 200 - IP: [0:0:0:0:0:0:0:1]
[2025-03-07 23:22:49] INFO - Richiesta: GET /api/admin/transazioni/recenti - Risposta: 400 - IP: [0:0:0:0:0:0:0:1]
[2025-03-07 23:22:49] INFO - Richiesta: GET /api/admin/transazioni - Risposta: 500 - IP: [0:0:0:0:0:0:0:1]
[2025-03-07 23:23:30] INFO - Richiesta: GET /api/manutenzione - Risposta: 500 - IP: [0:0:0:0:0:0:0:1]
[2025-03-07 23:23:30] INFO - Richiesta: GET /api/bevande - Risposta: 200 - IP: [0:0:0:0:0:0:0:1]
[2025-03-07 23:28:32] INFO - Richiesta: GET /api/istituti - Risposta: 500 - IP: [0:0:0:0:0:0:0:1]
[2025-03-07 23:28:51] INFO - Richiesta: GET /api/istituti - Risposta: 500 - IP: [0:0:0:0:0:0:0:1]
[2025-03-07 23:28:58] INFO - Richiesta: POST /api/auth/refresh - Risposta: 500 - IP: [0:0:0:0:0:0:0:1]
[2025-03-07 23:29:01] INFO - Richiesta: GET /api/istituti - Risposta: 500 - IP: [0:0:0:0:0:0:0:1]
[2025-03-07 23:29:23] INFO - Richiesta: GET /api/istituti - Risposta: 500 - IP: [0:0:0:0:0:0:0:1]
[2025-03-07 23:29:25] INFO - Richiesta: GET /favicon.ico - Risposta: 200 - IP: [0:0:0:0:0:0:0:1]
[2025-03-07 23:29:30] INFO - Richiesta: GET /spegni - Risposta: 200 - IP: [0:0:0:0:0:0:0:1]
[2025-03-07 23:29:31] INFO - Richiesta: GET /alert-icon.png - Risposta: 200 - IP: [0:0:0:0:0:0:0:1]
[2025-03-07 23:29:32] INFO - Richiesta: GET /alert-icon.png - Risposta: 200 - IP: [0:0:0:0:0:0:0:1]
[2025-03-07 23:29:32] INFO - Richiesta: GET /alert-icon.png - Risposta: 200 - IP: [0:0:0:0:0:0:0:1]
[2025-03-07 23:29:32] INFO - Richiesta: GET /alert-icon.png - Risposta: 200 - IP: [0:0:0:0:0:0:0:1]
[2025-03-07 23:29:32] INFO - Richiesta: GET /alert-icon.png - Risposta: 200 - IP: [0:0:0:0:0:0:0:1]
[2025-03-07 23:29:32] INFO - Richiesta: GET /alert-icon.png - Risposta: 200 - IP: [0:0:0:0:0:0:0:1]
[2025-03-07 23:29:32] INFO - Richiesta: GET /alert-icon.png - Risposta: 200 - IP: [0:0:0:0:0:0:0:1]
[2025-03-07 23:29:32] INFO - Richiesta: GET /alert-icon.png - Risposta: 200 - IP: [0:0:0:0:0:0:0:1]
[2025-03-07 23:30:08] INFO - Richiesta: POST /api/auth/refresh - Risposta: 500 - IP: [0:0:0:0:0:0:0:1]
[2025-03-07 23:30:11] INFO - Richiesta: GET /api/istituti - Risposta: 500 - IP: [0:0:0:0:0:0:0:1]
[2025-03-07 23:31:01] INFO - Richiesta: GET /api/istituti - Risposta: 500 - IP: [0:0:0:0:0:0:0:1]
[2025-03-07 23:31:08] INFO - Richiesta: GET /api/istituti - Risposta: 200 - IP: [0:0:0:0:0:0:0:1]
[2025-03-07 23:31:10] INFO - Richiesta: GET /api/manutenzione - Risposta: 500 - IP: [0:0:0:0:0:0:0:1]
[2025-03-07 23:31:10] INFO - Richiesta: GET /api/bevande - Risposta: 200 - IP: [0:0:0:0:0:0:0:1]
[2025-03-07 23:35:11] INFO - Richiesta: GET /spegni - Risposta: 200 - IP: [0:0:0:0:0:0:0:1]
[2025-03-07 23:35:12] INFO - Richiesta: GET /alert-icon.png - Risposta: 200 - IP: [0:0:0:0:0:0:0:1]
[2025-03-07 23:35:13] INFO - Richiesta: GET /alert-icon.png - Risposta: 200 - IP: [0:0:0:0:0:0:0:1]
[2025-03-07 23:35:13] INFO - Richiesta: GET /alert-icon.png - Risposta: 200 - IP: [0:0:0:0:0:0:0:1]
[2025-03-07 23:35:13] INFO - Richiesta: GET /alert-icon.png - Risposta: 200 - IP: [0:0:0:0:0:0:0:1]
[2025-03-07 23:35:13] INFO - Richiesta: GET /alert-icon.png - Risposta: 200 - IP: [0:0:0:0:0:0:0:1]
[2025-03-07 23:35:13] INFO - Richiesta: GET /alert-icon.png - Risposta: 200 - IP: [0:0:0:0:0:0:0:1]
[2025-03-07 23:35:13] INFO - Richiesta: GET /alert-icon.png - Risposta: 200 - IP: [0:0:0:0:0:0:0:1]
[2025-03-07 23:35:13] INFO - Richiesta: GET /alert-icon.png - Risposta: 200 - IP: [0:0:0:0:0:0:0:1]
[2025-03-07 23:36:05] INFO - Richiesta: POST /api/auth/refresh - Risposta: 500 - IP: [0:0:0:0:0:0:0:1]
[2025-03-07 23:36:08] INFO - Richiesta: GET /api/istituti - Risposta: 500 - IP: [0:0:0:0:0:0:0:1]
[2025-03-07 23:44:38] INFO - Richiesta: POST /api/auth/refresh - Risposta: 200 - IP: [0:0:0:0:0:0:0:1]
[2025-03-07 23:44:41] INFO - Richiesta: GET /api/istituti - Risposta: 200 - IP: [0:0:0:0:0:0:0:1]
[2025-03-07 23:44:59] INFO - Richiesta: GET /api/manutenzione - Risposta: 500 - IP: [0:0:0:0:0:0:0:1]
[2025-03-07 23:45:06] INFO - Richiesta: GET /api/bevande - Risposta: 500 - IP: [0:0:0:0:0:0:0:1]
[2025-03-07 23:45:26] INFO - Richiesta: GET /api/manutenzione - Risposta: 500 - IP: [0:0:0:0:0:0:0:1]
[2025-03-07 23:45:26] INFO - Richiesta: GET /api/bevande - Risposta: 500 - IP: [0:0:0:0:0:0:0:1]
[2025-03-07 23:47:53] INFO - Richiesta: GET /api/bevande - Risposta: 500 - IP: [0:0:0:0:0:0:0:1]
[2025-03-07 23:48:44] INFO - Richiesta: GET /api/bevande - Risposta: 500 - IP: [0:0:0:0:0:0:0:1]
[2025-03-07 23:48:46] INFO - Richiesta: GET /api/bevande - Risposta: 500 - IP: [0:0:0:0:0:0:0:1]
[2025-03-07 23:49:19] INFO - Richiesta: GET /api/bevande - Risposta: 500 - IP: [0:0:0:0:0:0:0:1]
[2025-03-07 23:50:03] INFO - Richiesta: GET /api/istituti - Risposta: 500 - IP: [0:0:0:0:0:0:0:1]
[2025-03-07 23:50:27] INFO - Richiesta: GET /api/istituti - Risposta: 500 - IP: [0:0:0:0:0:0:0:1]
[2025-03-07 23:50:28] INFO - Richiesta: GET /favicon.ico - Risposta: 200 - IP: [0:0:0:0:0:0:0:1]
[2025-03-07 23:50:31] INFO - Richiesta: GET /api/istituti - Risposta: 500 - IP: [0:0:0:0:0:0:0:1]
[2025-03-07 23:51:19] INFO - Richiesta: POST /api/auth/login - Risposta: 500 - IP: [0:0:0:0:0:0:0:1]
[2025-03-07 23:51:21] INFO - Richiesta: POST /api/auth/login - Risposta: 500 - IP: [0:0:0:0:0:0:0:1]
[2025-03-07 23:51:31] INFO - Richiesta: POST /api/auth/login - Risposta: 500 - IP: [0:0:0:0:0:0:0:1]
[2025-03-07 23:51:37] INFO - Richiesta: GET /favicon.ico - Risposta: 200 - IP: [0:0:0:0:0:0:0:1]
[2025-03-07 23:52:15] INFO - Richiesta: POST /api/auth/login - Risposta: 500 - IP: [0:0:0:0:0:0:0:1]
[2025-03-07 23:52:30] INFO - Richiesta: GET /spegni - Risposta: 200 - IP: [0:0:0:0:0:0:0:1]
[2025-03-07 23:52:31] INFO - Richiesta: GET /alert-icon.png - Risposta: 200 - IP: [0:0:0:0:0:0:0:1]
[2025-03-07 23:52:32] INFO - Richiesta: GET /alert-icon.png - Risposta: 200 - IP: [0:0:0:0:0:0:0:1]
[2025-03-07 23:52:32] INFO - Richiesta: GET /alert-icon.png - Risposta: 200 - IP: [0:0:0:0:0:0:0:1]
[2025-03-07 23:52:32] INFO - Richiesta: GET /alert-icon.png - Risposta: 200 - IP: [0:0:0:0:0:0:0:1]
[2025-03-07 23:52:32] INFO - Richiesta: GET /alert-icon.png - Risposta: 200 - IP: [0:0:0:0:0:0:0:1]
[2025-03-07 23:52:32] INFO - Richiesta: GET /alert-icon.png - Risposta: 200 - IP: [0:0:0:0:0:0:0:1]
[2025-03-07 23:52:32] INFO - Richiesta: GET /alert-icon.png - Risposta: 200 - IP: [0:0:0:0:0:0:0:1]
[2025-03-07 23:52:32] INFO - Richiesta: GET /alert-icon.png - Risposta: 200 - IP: [0:0:0:0:0:0:0:1]
[2025-03-07 23:54:30] INFO - Richiesta: POST /api/auth/login - Risposta: 500 - IP: [0:0:0:0:0:0:0:1]
[2025-03-07 23:56:24] INFO - Richiesta: POST /api/auth/register - Risposta: 500 - IP: [0:0:0:0:0:0:0:1]
[2025-03-07 23:57:04] INFO - Richiesta: GET /spegni - Risposta: 200 - IP: [0:0:0:0:0:0:0:1]
[2025-03-07 23:58:06] INFO - Richiesta: POST /api/auth/login - Risposta: 500 - IP: [0:0:0:0:0:0:0:1]
