[2025-03-19 00:01:04] INFO - Richiesta: GET /favicon.ico - Risposta: 200 - IP: [0:0:0:0:0:0:0:1]
[2025-03-19 00:01:07] INFO - Richiesta: POST /api/auth/anonymous - Risposta: 200 - IP: [0:0:0:0:0:0:0:1]
[2025-03-19 00:01:07] INFO - Richiesta: GET /api/macchine - Risposta: 401 - IP: [0:0:0:0:0:0:0:1]
[2025-03-19 00:01:07] INFO - Richiesta: GET /api/istituti - Risposta: 401 - IP: [0:0:0:0:0:0:0:1]
[2025-03-19 00:01:07] INFO - Richiesta: POST /api/auth/anonymous - Risposta: 200 - IP: [0:0:0:0:0:0:0:1]
[2025-03-19 00:01:07] INFO - Richiesta: POST /api/auth/anonymous - Risposta: 200 - IP: [0:0:0:0:0:0:0:1]
[2025-03-19 00:01:07] INFO - Richiesta: GET /api/macchine - Risposta: 401 - IP: [0:0:0:0:0:0:0:1]
[2025-03-19 00:01:07] INFO - Richiesta: GET /api/istituti - Risposta: 401 - IP: [0:0:0:0:0:0:0:1]
[2025-03-19 00:02:41] INFO - Richiesta: GET //api/auth/anonymous - Risposta: 401 - IP: [0:0:0:0:0:0:0:1]
[2025-03-19 00:02:48] INFO - Richiesta: GET /api/auth/anonymous - Risposta: 401 - IP: [0:0:0:0:0:0:0:1]
[2025-03-19 00:03:08] INFO - Richiesta: GET //api/auth/anonymous - Risposta: 401 - IP: [0:0:0:0:0:0:0:1]
[2025-03-19 00:03:08] INFO - Richiesta: POST /api/auth/verify - Risposta: 401 - IP: [0:0:0:0:0:0:0:1]
[2025-03-19 00:03:09] INFO - Richiesta: POST /api/auth/anonymous - Risposta: 200 - IP: [0:0:0:0:0:0:0:1]
[2025-03-19 00:03:09] INFO - Richiesta: GET /api/macchine - Risposta: 401 - IP: [0:0:0:0:0:0:0:1]
[2025-03-19 00:03:09] INFO - Richiesta: GET /api/istituti - Risposta: 401 - IP: [0:0:0:0:0:0:0:1]
[2025-03-19 00:03:09] INFO - Richiesta: POST /api/auth/anonymous - Risposta: 200 - IP: [0:0:0:0:0:0:0:1]
[2025-03-19 00:03:09] INFO - Richiesta: POST /api/auth/anonymous - Risposta: 200 - IP: [0:0:0:0:0:0:0:1]
[2025-03-19 00:03:09] INFO - Richiesta: GET /api/macchine - Risposta: 401 - IP: [0:0:0:0:0:0:0:1]
[2025-03-19 00:03:09] INFO - Richiesta: GET /api/istituti - Risposta: 401 - IP: [0:0:0:0:0:0:0:1]
[2025-03-19 00:04:50] INFO - Richiesta: POST /api/auth/anonymous - Risposta: 200 - IP: [0:0:0:0:0:0:0:1]
[2025-03-19 00:04:50] INFO - Richiesta: GET /api/macchine - Risposta: 401 - IP: [0:0:0:0:0:0:0:1]
[2025-03-19 00:04:50] INFO - Richiesta: GET /api/istituti - Risposta: 401 - IP: [0:0:0:0:0:0:0:1]
[2025-03-19 00:04:50] INFO - Richiesta: POST /api/auth/anonymous - Risposta: 200 - IP: [0:0:0:0:0:0:0:1]
[2025-03-19 00:04:50] INFO - Richiesta: POST /api/auth/anonymous - Risposta: 200 - IP: [0:0:0:0:0:0:0:1]
[2025-03-19 00:04:50] INFO - Richiesta: GET /api/macchine - Risposta: 401 - IP: [0:0:0:0:0:0:0:1]
[2025-03-19 00:04:50] INFO - Richiesta: GET /api/istituti - Risposta: 401 - IP: [0:0:0:0:0:0:0:1]
[2025-03-19 00:06:56] INFO - Richiesta: POST /api/auth/anonymous - Risposta: 200 - IP: [0:0:0:0:0:0:0:1]
[2025-03-19 00:06:56] INFO - Richiesta: GET /api/macchine - Risposta: 401 - IP: [0:0:0:0:0:0:0:1]
[2025-03-19 00:06:56] INFO - Richiesta: POST /api/auth/anonymous - Risposta: 200 - IP: [0:0:0:0:0:0:0:1]
[2025-03-19 00:06:56] INFO - Richiesta: GET /api/istituti - Risposta: 401 - IP: [0:0:0:0:0:0:0:1]
[2025-03-19 00:06:56] INFO - Richiesta: POST /api/auth/anonymous - Risposta: 200 - IP: [0:0:0:0:0:0:0:1]
[2025-03-19 00:06:56] INFO - Richiesta: GET /api/macchine - Risposta: 401 - IP: [0:0:0:0:0:0:0:1]
[2025-03-19 00:06:57] INFO - Richiesta: GET /api/istituti - Risposta: 401 - IP: [0:0:0:0:0:0:0:1]
[2025-03-19 00:07:44] INFO - Richiesta: POST /api/auth/login - Risposta: 200 - IP: [0:0:0:0:0:0:0:1]
[2025-03-19 00:07:46] INFO - Richiesta: GET /api/istituti - Risposta: 200 - IP: [0:0:0:0:0:0:0:1]
[2025-03-19 00:07:50] INFO - Richiesta: POST /api/auth/verify - Risposta: 200 - IP: [0:0:0:0:0:0:0:1]
[2025-03-19 00:07:51] INFO - Richiesta: GET /api/macchine - Risposta: 200 - IP: [0:0:0:0:0:0:0:1]
[2025-03-19 00:07:51] INFO - Richiesta: GET /api/istituti - Risposta: 200 - IP: [0:0:0:0:0:0:0:1]
[2025-03-19 00:08:43] INFO - Richiesta: GET /api/macchine/1 - Risposta: 200 - IP: [0:0:0:0:0:0:0:1]
[2025-03-19 00:08:44] INFO - Richiesta: GET /api/macchine/1/bevande - Risposta: 200 - IP: [0:0:0:0:0:0:0:1]
[2025-03-19 00:08:52] INFO - Richiesta: POST /api/auth/verify - Risposta: 200 - IP: [0:0:0:0:0:0:0:1]
[2025-03-19 00:08:53] INFO - Richiesta: GET /api/istituti - Risposta: 200 - IP: [0:0:0:0:0:0:0:1]
[2025-03-19 00:08:53] INFO - Richiesta: GET /api/macchine - Risposta: 200 - IP: [0:0:0:0:0:0:0:1]
[2025-03-19 00:08:59] INFO - Richiesta: POST /api/auth/anonymous - Risposta: 200 - IP: [0:0:0:0:0:0:0:1]
[2025-03-19 00:08:59] INFO - Richiesta: GET /api/istituti - Risposta: 401 - IP: [0:0:0:0:0:0:0:1]
[2025-03-19 00:08:59] INFO - Richiesta: GET /api/macchine - Risposta: 401 - IP: [0:0:0:0:0:0:0:1]
[2025-03-19 00:08:59] INFO - Richiesta: POST /api/auth/anonymous - Risposta: 200 - IP: [0:0:0:0:0:0:0:1]
[2025-03-19 00:08:59] INFO - Richiesta: POST /api/auth/anonymous - Risposta: 200 - IP: [0:0:0:0:0:0:0:1]
[2025-03-19 00:08:59] INFO - Richiesta: GET /api/macchine - Risposta: 401 - IP: [0:0:0:0:0:0:0:1]
[2025-03-19 00:08:59] INFO - Richiesta: GET /api/istituti - Risposta: 401 - IP: [0:0:0:0:0:0:0:1]
[2025-03-19 00:12:05] INFO - Richiesta: POST /api/auth/verify - Risposta: 401 - IP: [0:0:0:0:0:0:0:1]
[2025-03-19 00:12:05] INFO - Richiesta: POST /api/auth/anonymous - Risposta: 200 - IP: [0:0:0:0:0:0:0:1]
[2025-03-19 00:12:05] INFO - Richiesta: GET /api/macchine - Risposta: 401 - IP: [0:0:0:0:0:0:0:1]
[2025-03-19 00:12:05] INFO - Richiesta: GET /api/istituti - Risposta: 401 - IP: [0:0:0:0:0:0:0:1]
[2025-03-19 00:12:06] INFO - Richiesta: POST /api/auth/anonymous - Risposta: 200 - IP: [0:0:0:0:0:0:0:1]
[2025-03-19 00:12:06] INFO - Richiesta: POST /api/auth/anonymous - Risposta: 200 - IP: [0:0:0:0:0:0:0:1]
[2025-03-19 00:12:06] INFO - Richiesta: GET /api/macchine - Risposta: 401 - IP: [0:0:0:0:0:0:0:1]
[2025-03-19 00:12:06] INFO - Richiesta: GET /api/istituti - Risposta: 401 - IP: [0:0:0:0:0:0:0:1]
[2025-03-19 00:14:37] INFO - Richiesta: POST /api/auth/anonymous - Risposta: 200 - IP: [0:0:0:0:0:0:0:1]
[2025-03-19 00:14:37] INFO - Richiesta: GET /api/macchine - Risposta: 401 - IP: [0:0:0:0:0:0:0:1]
[2025-03-19 00:14:37] INFO - Richiesta: GET /api/istituti - Risposta: 401 - IP: [0:0:0:0:0:0:0:1]
[2025-03-19 00:14:37] INFO - Richiesta: POST /api/auth/anonymous - Risposta: 200 - IP: [0:0:0:0:0:0:0:1]
[2025-03-19 00:14:37] INFO - Richiesta: POST /api/auth/anonymous - Risposta: 200 - IP: [0:0:0:0:0:0:0:1]
[2025-03-19 00:14:37] INFO - Richiesta: GET /api/macchine - Risposta: 401 - IP: [0:0:0:0:0:0:0:1]
[2025-03-19 00:14:37] INFO - Richiesta: GET /api/istituti - Risposta: 401 - IP: [0:0:0:0:0:0:0:1]
[2025-03-19 00:17:41] INFO - Richiesta: POST /api/auth/verify - Risposta: 401 - IP: [0:0:0:0:0:0:0:1]
[2025-03-19 00:17:41] INFO - Richiesta: POST /api/auth/anonymous - Risposta: 200 - IP: [0:0:0:0:0:0:0:1]
[2025-03-19 00:17:41] INFO - Richiesta: GET /api/macchine - Risposta: 401 - IP: [0:0:0:0:0:0:0:1]
[2025-03-19 00:17:41] INFO - Richiesta: GET /api/istituti - Risposta: 401 - IP: [0:0:0:0:0:0:0:1]
[2025-03-19 00:17:41] INFO - Richiesta: POST /api/auth/anonymous - Risposta: 200 - IP: [0:0:0:0:0:0:0:1]
[2025-03-19 00:17:41] INFO - Richiesta: POST /api/auth/anonymous - Risposta: 200 - IP: [0:0:0:0:0:0:0:1]
[2025-03-19 00:17:41] INFO - Richiesta: GET /api/macchine - Risposta: 401 - IP: [0:0:0:0:0:0:0:1]
[2025-03-19 00:17:41] INFO - Richiesta: GET /api/istituti - Risposta: 401 - IP: [0:0:0:0:0:0:0:1]
[2025-03-19 00:19:24] INFO - Richiesta: GET /spegni - Risposta: 200 - IP: [0:0:0:0:0:0:0:1]
[2025-03-19 00:26:01] INFO - Richiesta: POST /api/auth/anonymous - Risposta: 200 - IP: [0:0:0:0:0:0:0:1]
[2025-03-19 00:26:02] INFO - Richiesta: GET /api/istituti - Risposta: 401 - IP: [0:0:0:0:0:0:0:1]
[2025-03-19 00:26:02] INFO - Richiesta: GET /api/macchine - Risposta: 401 - IP: [0:0:0:0:0:0:0:1]
[2025-03-19 00:26:02] INFO - Richiesta: POST /api/auth/anonymous - Risposta: 200 - IP: [0:0:0:0:0:0:0:1]
[2025-03-19 00:26:02] INFO - Richiesta: POST /api/auth/anonymous - Risposta: 200 - IP: [0:0:0:0:0:0:0:1]
[2025-03-19 00:26:02] INFO - Richiesta: GET /api/macchine - Risposta: 401 - IP: [0:0:0:0:0:0:0:1]
[2025-03-19 00:26:02] INFO - Richiesta: GET /api/istituti - Risposta: 401 - IP: [0:0:0:0:0:0:0:1]
[2025-03-19 00:28:30] INFO - Richiesta: POST /api/auth/login - Risposta: 200 - IP: [0:0:0:0:0:0:0:1]
[2025-03-19 00:28:31] INFO - Richiesta: GET /api/istituti - Risposta: 200 - IP: [0:0:0:0:0:0:0:1]
[2025-03-19 00:28:37] INFO - Richiesta: POST /api/auth/verify - Risposta: 200 - IP: [0:0:0:0:0:0:0:1]
[2025-03-19 00:28:37] INFO - Richiesta: GET /api/istituti - Risposta: 200 - IP: [0:0:0:0:0:0:0:1]
[2025-03-19 00:28:37] INFO - Richiesta: GET /api/macchine - Risposta: 200 - IP: [0:0:0:0:0:0:0:1]
[2025-03-19 00:28:43] INFO - Richiesta: GET /api/macchine/1 - Risposta: 200 - IP: [0:0:0:0:0:0:0:1]
[2025-03-19 00:28:43] INFO - Richiesta: GET /api/macchine/1/bevande - Risposta: 200 - IP: [0:0:0:0:0:0:0:1]
[2025-03-19 00:28:47] INFO - Richiesta: POST /api/auth/verify - Risposta: 200 - IP: [0:0:0:0:0:0:0:1]
[2025-03-19 00:28:47] INFO - Richiesta: GET /api/istituti - Risposta: 200 - IP: [0:0:0:0:0:0:0:1]
[2025-03-19 00:28:47] INFO - Richiesta: GET /api/macchine - Risposta: 200 - IP: [0:0:0:0:0:0:0:1]
[2025-03-19 00:38:08] INFO - Richiesta: GET /spegni - Risposta: 200 - IP: [0:0:0:0:0:0:0:1]
[2025-03-19 00:41:50] INFO - Richiesta: POST /api/auth/anonymous - Risposta: 200 - IP: [0:0:0:0:0:0:0:1]
[2025-03-19 00:41:51] INFO - Richiesta: GET /api/istituti - Risposta: 401 - IP: [0:0:0:0:0:0:0:1]
[2025-03-19 00:41:51] INFO - Richiesta: GET /api/macchine - Risposta: 401 - IP: [0:0:0:0:0:0:0:1]
[2025-03-19 00:41:51] INFO - Richiesta: POST /api/auth/anonymous - Risposta: 200 - IP: [0:0:0:0:0:0:0:1]
[2025-03-19 00:41:51] INFO - Richiesta: POST /api/auth/anonymous - Risposta: 200 - IP: [0:0:0:0:0:0:0:1]
[2025-03-19 00:41:51] INFO - Richiesta: GET /api/macchine - Risposta: 401 - IP: [0:0:0:0:0:0:0:1]
[2025-03-19 00:41:51] INFO - Richiesta: GET /api/istituti - Risposta: 401 - IP: [0:0:0:0:0:0:0:1]
[2025-03-19 00:51:01] INFO - Richiesta: GET /spegni - Risposta: 200 - IP: [0:0:0:0:0:0:0:1]
[2025-03-19 00:52:53] INFO - Richiesta: POST /api/auth/anonymous - Risposta: 200 - IP: [0:0:0:0:0:0:0:1]
[2025-03-19 00:53:15] INFO - Richiesta: POST /api/auth/anonymous - Risposta: 200 - IP: [0:0:0:0:0:0:0:1]
[2025-03-19 00:53:15] INFO - Richiesta: GET /api/macchine - Risposta: 200 - IP: [0:0:0:0:0:0:0:1]
[2025-03-19 00:53:15] INFO - Richiesta: GET /api/istituti - Risposta: 200 - IP: [0:0:0:0:0:0:0:1]
[2025-03-19 00:53:29] INFO - Richiesta: POST /api/auth/anonymous - Risposta: 200 - IP: [0:0:0:0:0:0:0:1]
[2025-03-19 00:53:29] INFO - Richiesta: GET /api/macchine - Risposta: 200 - IP: [0:0:0:0:0:0:0:1]
[2025-03-19 00:53:29] INFO - Richiesta: GET /api/istituti - Risposta: 200 - IP: [0:0:0:0:0:0:0:1]
[2025-03-19 00:53:42] INFO - Richiesta: GET /api/macchine/2 - Risposta: 200 - IP: [0:0:0:0:0:0:0:1]
[2025-03-19 00:53:43] INFO - Richiesta: GET /api/macchine/2/bevande - Risposta: 200 - IP: [0:0:0:0:0:0:0:1]
[2025-03-19 00:56:04] INFO - Richiesta: GET /spegni - Risposta: 200 - IP: [0:0:0:0:0:0:0:1]
