[2025-03-08 00:00:07] INFO - Richiesta: GET /spegni - Risposta: 200 - IP: [0:0:0:0:0:0:0:1]
[2025-03-08 00:00:08] INFO - Richiesta: GET /alert-icon.png - Risposta: 200 - IP: [0:0:0:0:0:0:0:1]
[2025-03-08 00:00:08] INFO - Richiesta: GET /alert-icon.png - Risposta: 200 - IP: [0:0:0:0:0:0:0:1]
[2025-03-08 00:00:08] INFO - Richiesta: GET /alert-icon.png - Risposta: 200 - IP: [0:0:0:0:0:0:0:1]
[2025-03-08 00:00:09] INFO - Richiesta: GET /alert-icon.png - Risposta: 200 - IP: [0:0:0:0:0:0:0:1]
[2025-03-08 00:00:09] INFO - Richiesta: GET /alert-icon.png - Risposta: 200 - IP: [0:0:0:0:0:0:0:1]
[2025-03-08 00:00:09] INFO - Richiesta: GET /alert-icon.png - Risposta: 200 - IP: [0:0:0:0:0:0:0:1]
[2025-03-08 00:00:09] INFO - Richiesta: GET /alert-icon.png - Risposta: 200 - IP: [0:0:0:0:0:0:0:1]
[2025-03-08 00:00:09] INFO - Richiesta: GET /alert-icon.png - Risposta: 200 - IP: [0:0:0:0:0:0:0:1]
[2025-03-08 00:00:46] INFO - Richiesta: POST /api/auth/login - Risposta: 200 - IP: [0:0:0:0:0:0:0:1]
[2025-03-08 00:00:47] INFO - Richiesta: GET /api/istituti - Risposta: 200 - IP: [0:0:0:0:0:0:0:1]
[2025-03-08 00:01:15] INFO - Richiesta: GET /api/bevande - Risposta: 401 - IP: [0:0:0:0:0:0:0:1]
[2025-03-08 00:01:16] INFO - Richiesta: GET /api/bevande - Risposta: 401 - IP: [0:0:0:0:0:0:0:1]
[2025-03-08 00:11:00] INFO - Richiesta: GET /spegni - Risposta: 200 - IP: [0:0:0:0:0:0:0:1]
[2025-03-08 00:11:02] INFO - Richiesta: GET /alert-icon.png - Risposta: 200 - IP: [0:0:0:0:0:0:0:1]
[2025-03-08 00:11:02] INFO - Richiesta: GET /alert-icon.png - Risposta: 200 - IP: [0:0:0:0:0:0:0:1]
[2025-03-08 00:11:02] INFO - Richiesta: GET /alert-icon.png - Risposta: 200 - IP: [0:0:0:0:0:0:0:1]
[2025-03-08 00:11:02] INFO - Richiesta: GET /alert-icon.png - Risposta: 200 - IP: [0:0:0:0:0:0:0:1]
[2025-03-08 00:11:02] INFO - Richiesta: GET /alert-icon.png - Risposta: 200 - IP: [0:0:0:0:0:0:0:1]
[2025-03-08 00:11:02] INFO - Richiesta: GET /alert-icon.png - Risposta: 200 - IP: [0:0:0:0:0:0:0:1]
[2025-03-08 00:11:02] INFO - Richiesta: GET /alert-icon.png - Risposta: 200 - IP: [0:0:0:0:0:0:0:1]
[2025-03-08 00:11:02] INFO - Richiesta: GET /alert-icon.png - Risposta: 200 - IP: [0:0:0:0:0:0:0:1]
[2025-03-08 00:11:31] INFO - Richiesta: POST /api/auth/refresh - Risposta: 200 - IP: [0:0:0:0:0:0:0:1]
[2025-03-08 00:13:47] INFO - Richiesta: GET /api/cialde - Risposta: 401 - IP: [0:0:0:0:0:0:0:1]
[2025-03-08 00:14:07] INFO - Richiesta: GET /api/admin/cialde - Risposta: 500 - IP: [0:0:0:0:0:0:0:1]
[2025-03-08 00:18:07] INFO - Richiesta: GET /spegni - Risposta: 200 - IP: [0:0:0:0:0:0:0:1]
[2025-03-08 00:18:08] INFO - Richiesta: GET /alert-icon.png - Risposta: 200 - IP: [0:0:0:0:0:0:0:1]
[2025-03-08 00:18:09] INFO - Richiesta: GET /alert-icon.png - Risposta: 200 - IP: [0:0:0:0:0:0:0:1]
[2025-03-08 00:18:09] INFO - Richiesta: GET /alert-icon.png - Risposta: 200 - IP: [0:0:0:0:0:0:0:1]
[2025-03-08 00:18:09] INFO - Richiesta: GET /alert-icon.png - Risposta: 200 - IP: [0:0:0:0:0:0:0:1]
[2025-03-08 00:18:09] INFO - Richiesta: GET /alert-icon.png - Risposta: 200 - IP: [0:0:0:0:0:0:0:1]
[2025-03-08 00:18:09] INFO - Richiesta: GET /alert-icon.png - Risposta: 200 - IP: [0:0:0:0:0:0:0:1]
[2025-03-08 00:18:09] INFO - Richiesta: GET /alert-icon.png - Risposta: 200 - IP: [0:0:0:0:0:0:0:1]
[2025-03-08 00:18:09] INFO - Richiesta: GET /alert-icon.png - Risposta: 200 - IP: [0:0:0:0:0:0:0:1]
[2025-03-08 00:23:00] INFO - Richiesta: POST /api/auth/refresh - Risposta: 200 - IP: [0:0:0:0:0:0:0:1]
[2025-03-08 00:23:01] INFO - Richiesta: GET /api/admin/cialde - Risposta: 401 - IP: [0:0:0:0:0:0:0:1]
[2025-03-08 00:31:46] INFO - Richiesta: POST /api/auth/refresh - Risposta: 200 - IP: [0:0:0:0:0:0:0:1]
[2025-03-08 00:31:48] INFO - Richiesta: GET /api/istituti - Risposta: 200 - IP: [0:0:0:0:0:0:0:1]
[2025-03-08 00:31:50] INFO - Richiesta: GET /api/bevande - Risposta: 200 - IP: [0:0:0:0:0:0:0:1]
[2025-03-08 00:31:53] INFO - Richiesta: GET /api/admin/cialde - Risposta: 200 - IP: [0:0:0:0:0:0:0:1]
[2025-03-08 00:32:26] INFO - Richiesta: GET /api/bevande - Risposta: 200 - IP: [0:0:0:0:0:0:0:1]
[2025-03-08 00:33:33] INFO - Richiesta: GET /api/transazioni - Risposta: 401 - IP: [0:0:0:0:0:0:0:1]
[2025-03-08 00:33:37] INFO - Richiesta: GET /api/transazione - Risposta: 401 - IP: [0:0:0:0:0:0:0:1]
[2025-03-08 00:33:48] INFO - Richiesta: GET /api/admin/transazione - Risposta: 401 - IP: [0:0:0:0:0:0:0:1]
[2025-03-08 00:34:27] INFO - Richiesta: GET /api/transazioni - Risposta: 401 - IP: [0:0:0:0:0:0:0:1]
[2025-03-08 00:34:32] INFO - Richiesta: GET /transazioni - Risposta: 200 - IP: [0:0:0:0:0:0:0:1]
[2025-03-08 00:34:51] INFO - Richiesta: GET /api/transazioni - Risposta: 401 - IP: [0:0:0:0:0:0:0:1]
[2025-03-08 00:34:52] INFO - Richiesta: GET /api/admin/transazione - Risposta: 401 - IP: [0:0:0:0:0:0:0:1]
[2025-03-08 00:34:54] INFO - Richiesta: GET /api/transazioni - Risposta: 401 - IP: [0:0:0:0:0:0:0:1]
[2025-03-08 00:34:56] INFO - Richiesta: GET /api/admin/transazione - Risposta: 401 - IP: [0:0:0:0:0:0:0:1]
[2025-03-08 00:40:35] INFO - Richiesta: GET /spegni - Risposta: 200 - IP: [0:0:0:0:0:0:0:1]
[2025-03-08 00:40:36] INFO - Richiesta: GET /alert-icon.png - Risposta: 200 - IP: [0:0:0:0:0:0:0:1]
[2025-03-08 00:40:37] INFO - Richiesta: GET /alert-icon.png - Risposta: 200 - IP: [0:0:0:0:0:0:0:1]
[2025-03-08 00:40:37] INFO - Richiesta: GET /alert-icon.png - Risposta: 200 - IP: [0:0:0:0:0:0:0:1]
[2025-03-08 00:40:37] INFO - Richiesta: GET /alert-icon.png - Risposta: 200 - IP: [0:0:0:0:0:0:0:1]
[2025-03-08 00:40:37] INFO - Richiesta: GET /alert-icon.png - Risposta: 200 - IP: [0:0:0:0:0:0:0:1]
[2025-03-08 00:40:37] INFO - Richiesta: GET /alert-icon.png - Risposta: 200 - IP: [0:0:0:0:0:0:0:1]
[2025-03-08 00:41:15] INFO - Richiesta: POST /api/auth/refresh - Risposta: 200 - IP: [0:0:0:0:0:0:0:1]
[2025-03-08 00:41:41] INFO - Richiesta: GET /api/admin/transazione - Risposta: 401 - IP: [0:0:0:0:0:0:0:1]
[2025-03-08 00:43:39] INFO - Richiesta: GET /api/admin/transazioni/recenti - Risposta: 400 - IP: [0:0:0:0:0:0:0:1]
[2025-03-08 00:43:39] INFO - Richiesta: GET /api/admin/transazioni - Risposta: 500 - IP: [0:0:0:0:0:0:0:1]
[2025-03-08 00:46:38] INFO - Richiesta: GET /api/admin/transazione - Risposta: 401 - IP: [0:0:0:0:0:0:0:1]
[2025-03-08 00:47:16] INFO - Richiesta: GET /api/admin/cialde - Risposta: 401 - IP: [0:0:0:0:0:0:0:1]
[2025-03-08 00:50:58] INFO - Richiesta: GET /api/istituti - Risposta: 200 - IP: [0:0:0:0:0:0:0:1]
[2025-03-08 00:53:54] INFO - Richiesta: GET /spegni - Risposta: 200 - IP: [0:0:0:0:0:0:0:1]
[2025-03-08 00:53:56] INFO - Richiesta: GET /alert-icon.png - Risposta: 200 - IP: [0:0:0:0:0:0:0:1]
[2025-03-08 00:53:56] INFO - Richiesta: GET /alert-icon.png - Risposta: 200 - IP: [0:0:0:0:0:0:0:1]
[2025-03-08 00:53:56] INFO - Richiesta: GET /alert-icon.png - Risposta: 200 - IP: [0:0:0:0:0:0:0:1]
[2025-03-08 00:53:56] INFO - Richiesta: GET /alert-icon.png - Risposta: 200 - IP: [0:0:0:0:0:0:0:1]
[2025-03-08 00:53:56] INFO - Richiesta: GET /alert-icon.png - Risposta: 200 - IP: [0:0:0:0:0:0:0:1]
[2025-03-08 00:53:57] INFO - Richiesta: GET /alert-icon.png - Risposta: 200 - IP: [0:0:0:0:0:0:0:1]
[2025-03-08 00:54:46] INFO - Richiesta: POST /api/auth/refresh - Risposta: 200 - IP: [0:0:0:0:0:0:0:1]
[2025-03-08 00:54:55] INFO - Richiesta: GET /api/istituti - Risposta: 200 - IP: [0:0:0:0:0:0:0:1]
[2025-03-08 00:54:56] INFO - Richiesta: GET /api/admin/transazioni/recenti - Risposta: 400 - IP: [0:0:0:0:0:0:0:1]
[2025-03-08 00:54:56] INFO - Richiesta: GET /api/admin/transazioni - Risposta: 500 - IP: [0:0:0:0:0:0:0:1]
[2025-03-08 00:55:09] INFO - Richiesta: GET /api/istituti - Risposta: 200 - IP: [0:0:0:0:0:0:0:1]
[2025-03-08 00:55:13] INFO - Richiesta: GET /api/admin/transazioni - Risposta: 500 - IP: [0:0:0:0:0:0:0:1]
[2025-03-08 00:55:13] INFO - Richiesta: GET /api/admin/transazioni/recenti - Risposta: 400 - IP: [0:0:0:0:0:0:0:1]
[2025-03-08 00:55:31] INFO - Richiesta: GET /api/admin/transazioni - Risposta: 500 - IP: [0:0:0:0:0:0:0:1]
[2025-03-08 00:57:03] INFO - Richiesta: GET /api/admin/transazioni - Risposta: 500 - IP: [0:0:0:0:0:0:0:1]
[2025-03-08 00:57:14] INFO - Richiesta: GET /spegni - Risposta: 200 - IP: [0:0:0:0:0:0:0:1]
[2025-03-08 00:57:15] INFO - Richiesta: GET /alert-icon.png - Risposta: 200 - IP: [0:0:0:0:0:0:0:1]
[2025-03-08 00:57:46] INFO - Richiesta: POST /api/auth/refresh - Risposta: 200 - IP: [0:0:0:0:0:0:0:1]
[2025-03-08 00:57:51] INFO - Richiesta: GET /api/istituti - Risposta: 200 - IP: [0:0:0:0:0:0:0:1]
[2025-03-08 00:57:53] INFO - Richiesta: GET /api/admin/transazioni - Risposta: 401 - IP: [0:0:0:0:0:0:0:1]
[2025-03-08 00:57:59] INFO - Richiesta: GET /api/admin/transazioni - Risposta: 200 - IP: [0:0:0:0:0:0:0:1]
[2025-03-08 00:58:00] INFO - Richiesta: GET /api/admin/transazioni/recenti - Risposta: 400 - IP: [0:0:0:0:0:0:0:1]
[2025-03-08 01:04:13] INFO - Richiesta: GET /api/macchine - Risposta: 200 - IP: [0:0:0:0:0:0:0:1]
[2025-03-08 01:07:37] INFO - Richiesta: GET /api/istituti - Risposta: 200 - IP: [0:0:0:0:0:0:0:1]
[2025-03-08 01:07:38] INFO - Richiesta: GET /api/admin/transazioni - Risposta: 200 - IP: [0:0:0:0:0:0:0:1]
[2025-03-08 01:07:52] INFO - Richiesta: GET /api/admin/transazioni/recenti - Risposta: 400 - IP: [0:0:0:0:0:0:0:1]
[2025-03-08 01:07:54] INFO - Richiesta: GET /api/macchine - Risposta: 200 - IP: [0:0:0:0:0:0:0:1]
[2025-03-08 01:07:59] INFO - Richiesta: GET /api/admin/transazioni/macchina/1 - Risposta: 200 - IP: [0:0:0:0:0:0:0:1]
[2025-03-08 01:08:03] INFO - Richiesta: GET /api/admin/transazioni/recenti - Risposta: 400 - IP: [0:0:0:0:0:0:0:1]
[2025-03-08 01:09:01] INFO - Richiesta: GET /api/admin/transazioni/recenti - Risposta: 400 - IP: [0:0:0:0:0:0:0:1]
[2025-03-08 01:11:08] INFO - Richiesta: GET /api/admin/transazioni - Risposta: 401 - IP: [0:0:0:0:0:0:0:1]
[2025-03-08 01:11:10] INFO - Richiesta: GET /api/admin/transazioni - Risposta: 401 - IP: [0:0:0:0:0:0:0:1]
[2025-03-08 01:13:00] INFO - Richiesta: GET /api/istituti - Risposta: 200 - IP: [0:0:0:0:0:0:0:1]
[2025-03-08 01:13:01] INFO - Richiesta: GET /api/admin/transazioni - Risposta: 200 - IP: [0:0:0:0:0:0:0:1]
[2025-03-08 01:13:03] INFO - Richiesta: GET /api/macchine - Risposta: 200 - IP: [0:0:0:0:0:0:0:1]
[2025-03-08 01:13:07] INFO - Richiesta: GET /api/macchine - Risposta: 200 - IP: [0:0:0:0:0:0:0:1]
[2025-03-08 01:13:32] INFO - Richiesta: GET /api/istituti - Risposta: 200 - IP: [0:0:0:0:0:0:0:1]
[2025-03-08 01:13:33] INFO - Richiesta: GET /api/admin/transazioni - Risposta: 200 - IP: [0:0:0:0:0:0:0:1]
[2025-03-08 01:13:37] INFO - Richiesta: GET /api/macchine - Risposta: 200 - IP: [0:0:0:0:0:0:0:1]
[2025-03-08 01:13:38] INFO - Richiesta: GET /api/admin/transazioni - Risposta: 200 - IP: [0:0:0:0:0:0:0:1]
[2025-03-08 01:15:04] INFO - Richiesta: GET /api/macchine - Risposta: 200 - IP: [0:0:0:0:0:0:0:1]
[2025-03-08 01:15:07] INFO - Richiesta: GET /api/admin/transazioni/macchina/8 - Risposta: 200 - IP: [0:0:0:0:0:0:0:1]
[2025-03-08 01:15:07] INFO - Richiesta: GET /api/admin/transazioni/macchina/8 - Risposta: 200 - IP: [0:0:0:0:0:0:0:1]
[2025-03-08 01:15:39] INFO - Richiesta: GET /api/macchine - Risposta: 200 - IP: [0:0:0:0:0:0:0:1]
[2025-03-08 01:15:40] INFO - Richiesta: GET /api/manutenzione - Risposta: 200 - IP: [0:0:0:0:0:0:0:1]
[2025-03-08 01:16:49] INFO - Richiesta: GET /api/istituti - Risposta: 200 - IP: [0:0:0:0:0:0:0:1]
[2025-03-08 01:17:16] INFO - Richiesta: GET /api/istituti - Risposta: 200 - IP: [0:0:0:0:0:0:0:1]
[2025-03-08 01:17:31] INFO - Richiesta: GET /api/istituti - Risposta: 200 - IP: [0:0:0:0:0:0:0:1]
[2025-03-08 01:17:45] INFO - Richiesta: GET /api/istituti/1/macchine - Risposta: 200 - IP: [0:0:0:0:0:0:0:1]
[2025-03-08 01:17:56] INFO - Richiesta: GET /api/macchine - Risposta: 200 - IP: [0:0:0:0:0:0:0:1]
[2025-03-08 01:18:00] INFO - Richiesta: GET /api/istituti - Risposta: 200 - IP: [0:0:0:0:0:0:0:1]
[2025-03-08 01:18:01] INFO - Richiesta: GET /api/macchine - Risposta: 200 - IP: [0:0:0:0:0:0:0:1]
[2025-03-08 01:19:24] INFO - Richiesta: GET /api/istituti - Risposta: 200 - IP: [0:0:0:0:0:0:0:1]
[2025-03-08 01:19:27] INFO - Richiesta: GET /api/macchine - Risposta: 200 - IP: [0:0:0:0:0:0:0:1]
[2025-03-08 01:19:29] INFO - Richiesta: GET /api/bevande - Risposta: 200 - IP: [0:0:0:0:0:0:0:1]
[2025-03-08 01:19:31] INFO - Richiesta: GET /api/admin/transazioni - Risposta: 200 - IP: [0:0:0:0:0:0:0:1]
[2025-03-08 01:19:33] INFO - Richiesta: GET /api/admin/utenti - Risposta: 200 - IP: [0:0:0:0:0:0:0:1]
[2025-03-08 01:19:35] INFO - Richiesta: GET /api/manutenzione - Risposta: 200 - IP: [0:0:0:0:0:0:0:1]
[2025-03-08 01:19:35] INFO - Richiesta: GET /api/macchine - Risposta: 200 - IP: [0:0:0:0:0:0:0:1]
[2025-03-08 01:22:44] INFO - Richiesta: GET /api/istituti - Risposta: 200 - IP: [0:0:0:0:0:0:0:1]
[2025-03-08 01:22:45] INFO - Richiesta: GET /api/macchine - Risposta: 200 - IP: [0:0:0:0:0:0:0:1]
[2025-03-08 01:22:46] INFO - Richiesta: GET /api/bevande - Risposta: 200 - IP: [0:0:0:0:0:0:0:1]
[2025-03-08 01:22:47] INFO - Richiesta: GET /api/admin/transazioni - Risposta: 200 - IP: [0:0:0:0:0:0:0:1]
[2025-03-08 01:22:50] INFO - Richiesta: GET /api/admin/utenti - Risposta: 200 - IP: [0:0:0:0:0:0:0:1]
[2025-03-08 01:24:58] INFO - Richiesta: GET /api/istituti - Risposta: 200 - IP: [0:0:0:0:0:0:0:1]
[2025-03-08 01:24:58] INFO - Richiesta: GET /api/admin/utenti - Risposta: 200 - IP: [0:0:0:0:0:0:0:1]
[2025-03-08 01:25:01] INFO - Richiesta: GET /api/istituti - Risposta: 200 - IP: [0:0:0:0:0:0:0:1]
[2025-03-08 01:25:04] INFO - Richiesta: POST /api/auth/refresh - Risposta: 200 - IP: [0:0:0:0:0:0:0:1]
[2025-03-08 01:37:03] INFO - Richiesta: GET /api/istituti - Risposta: 200 - IP: [0:0:0:0:0:0:0:1]
[2025-03-08 01:37:03] INFO - Richiesta: GET /api/macchine - Risposta: 200 - IP: [0:0:0:0:0:0:0:1]
[2025-03-08 01:37:15] INFO - Richiesta: POST /api/auth/refresh - Risposta: 200 - IP: [0:0:0:0:0:0:0:1]
[2025-03-08 01:37:21] INFO - Richiesta: GET /api/istituti - Risposta: 200 - IP: [0:0:0:0:0:0:0:1]
[2025-03-08 01:37:28] INFO - Richiesta: GET /api/istituti/1/macchine - Risposta: 200 - IP: [0:0:0:0:0:0:0:1]
[2025-03-08 01:37:34] INFO - Richiesta: GET /api/macchine/1 - Risposta: 200 - IP: [0:0:0:0:0:0:0:1]
[2025-03-08 01:37:50] INFO - Richiesta: GET /api/istituti/2/macchine - Risposta: 200 - IP: [0:0:0:0:0:0:0:1]
[2025-03-08 01:37:52] INFO - Richiesta: GET /api/istituti/3/macchine - Risposta: 200 - IP: [0:0:0:0:0:0:0:1]
[2025-03-08 01:37:55] INFO - Richiesta: GET /api/macchine - Risposta: 200 - IP: [0:0:0:0:0:0:0:1]
[2025-03-08 01:37:59] INFO - Richiesta: GET /api/macchine/1 - Risposta: 200 - IP: [0:0:0:0:0:0:0:1]
[2025-03-08 01:38:02] INFO - Richiesta: GET /api/macchine/8 - Risposta: 200 - IP: [0:0:0:0:0:0:0:1]
[2025-03-08 01:38:07] INFO - Richiesta: GET /api/bevande - Risposta: 200 - IP: [0:0:0:0:0:0:0:1]
[2025-03-08 01:38:19] INFO - Richiesta: GET /api/admin/cialde - Risposta: 200 - IP: [0:0:0:0:0:0:0:1]
[2025-03-08 01:38:29] INFO - Richiesta: GET /api/admin/transazioni - Risposta: 200 - IP: [0:0:0:0:0:0:0:1]
[2025-03-08 01:38:39] INFO - Richiesta: GET /api/macchine - Risposta: 200 - IP: [0:0:0:0:0:0:0:1]
[2025-03-08 01:38:43] INFO - Richiesta: GET /api/admin/transazioni/macchina/10 - Risposta: 200 - IP: [0:0:0:0:0:0:0:1]
[2025-03-08 01:38:45] INFO - Richiesta: GET /api/admin/transazioni/macchina/3 - Risposta: 200 - IP: [0:0:0:0:0:0:0:1]
[2025-03-08 01:38:48] INFO - Richiesta: GET /api/admin/transazioni/macchina/4 - Risposta: 200 - IP: [0:0:0:0:0:0:0:1]
[2025-03-08 01:38:52] INFO - Richiesta: GET /api/admin/transazioni/macchina/3 - Risposta: 200 - IP: [0:0:0:0:0:0:0:1]
[2025-03-08 01:38:57] INFO - Richiesta: GET /api/admin/utenti - Risposta: 200 - IP: [0:0:0:0:0:0:0:1]
[2025-03-08 01:39:02] INFO - Richiesta: GET /api/manutenzione - Risposta: 200 - IP: [0:0:0:0:0:0:0:1]
[2025-03-08 01:39:02] INFO - Richiesta: GET /api/macchine - Risposta: 200 - IP: [0:0:0:0:0:0:0:1]
[2025-03-08 01:39:10] INFO - Richiesta: GET /api/macchine - Risposta: 200 - IP: [0:0:0:0:0:0:0:1]
[2025-03-08 01:39:13] INFO - Richiesta: GET /api/manutenzione - Risposta: 200 - IP: [0:0:0:0:0:0:0:1]
[2025-03-08 01:39:13] INFO - Richiesta: GET /api/macchine - Risposta: 200 - IP: [0:0:0:0:0:0:0:1]
[2025-03-08 01:41:18] INFO - Richiesta: POST /api/auth/refresh - Risposta: 200 - IP: [0:0:0:0:0:0:0:1]
[2025-03-08 01:41:19] INFO - Richiesta: GET /api/istituti - Risposta: 200 - IP: [0:0:0:0:0:0:0:1]
[2025-03-08 01:41:20] INFO - Richiesta: GET /api/macchine - Risposta: 200 - IP: [0:0:0:0:0:0:0:1]
[2025-03-08 01:41:47] INFO - Richiesta: GET /api/macchine/1 - Risposta: 200 - IP: [0:0:0:0:0:0:0:1]
[2025-03-08 01:41:48] INFO - Richiesta: GET /api/macchine/1/bevande - Risposta: 200 - IP: [0:0:0:0:0:0:0:1]
[2025-03-08 01:43:07] INFO - Richiesta: GET /api/macchine/1 - Risposta: 200 - IP: [0:0:0:0:0:0:0:1]
[2025-03-08 01:43:07] INFO - Richiesta: GET /api/macchine/1/bevande - Risposta: 200 - IP: [0:0:0:0:0:0:0:1]
[2025-03-08 01:43:22] INFO - Richiesta: GET /api/macchine/1 - Risposta: 200 - IP: [0:0:0:0:0:0:0:1]
[2025-03-08 01:43:22] INFO - Richiesta: GET /api/macchine/1/bevande - Risposta: 200 - IP: [0:0:0:0:0:0:0:1]
[2025-03-08 01:43:39] INFO - Richiesta: GET /api/macchine/1 - Risposta: 200 - IP: [0:0:0:0:0:0:0:1]
[2025-03-08 01:43:39] INFO - Richiesta: GET /api/macchine/1/bevande - Risposta: 200 - IP: [0:0:0:0:0:0:0:1]
[2025-03-08 01:43:51] INFO - Richiesta: GET /spegni - Risposta: 200 - IP: [0:0:0:0:0:0:0:1]
[2025-03-08 01:43:52] INFO - Richiesta: GET /alert-icon.png - Risposta: 200 - IP: [0:0:0:0:0:0:0:1]
[2025-03-08 01:43:52] INFO - Richiesta: GET /alert-icon.png - Risposta: 200 - IP: [0:0:0:0:0:0:0:1]
[2025-03-08 01:43:53] INFO - Richiesta: GET /alert-icon.png - Risposta: 200 - IP: [0:0:0:0:0:0:0:1]
