[2025-03-16 19:35:09] INFO - Richiesta: GET /favicon.ico - Risposta: 200 - IP: [0:0:0:0:0:0:0:1]
[2025-03-16 19:35:10] INFO - Richiesta: POST /api/auth/refresh - Risposta: 200 - IP: [0:0:0:0:0:0:0:1]
[2025-03-16 19:35:20] INFO - Richiesta: GET /api/istituti - Risposta: 200 - IP: [0:0:0:0:0:0:0:1]
[2025-03-16 19:35:20] INFO - Richiesta: GET /api/macchine - Risposta: 200 - IP: [0:0:0:0:0:0:0:1]
[2025-03-16 19:35:22] INFO - Richiesta: GET /api/macchine/1 - Risposta: 200 - IP: [0:0:0:0:0:0:0:1]
[2025-03-16 19:35:22] INFO - Richiesta: GET /api/macchine/1/bevande - Risposta: 200 - IP: [0:0:0:0:0:0:0:1]
[2025-03-16 19:35:24] INFO - Richiesta: GET /api/istituti - Risposta: 200 - IP: [0:0:0:0:0:0:0:1]
[2025-03-16 19:35:24] INFO - Richiesta: GET /api/macchine - Risposta: 200 - IP: [0:0:0:0:0:0:0:1]
[2025-03-16 19:35:26] INFO - Richiesta: GET /api/macchine/2 - Risposta: 200 - IP: [0:0:0:0:0:0:0:1]
[2025-03-16 19:35:26] INFO - Richiesta: GET /api/macchine/2/bevande - Risposta: 200 - IP: [0:0:0:0:0:0:0:1]
[2025-03-16 19:35:29] INFO - Richiesta: GET /api/macchine/2 - Risposta: 200 - IP: [0:0:0:0:0:0:0:1]
[2025-03-16 19:35:29] INFO - Richiesta: GET /api/macchine/2/bevande - Risposta: 200 - IP: [0:0:0:0:0:0:0:1]
[2025-03-16 19:35:47] INFO - Richiesta: GET /api/macchine/2 - Risposta: 200 - IP: [0:0:0:0:0:0:0:1]
[2025-03-16 19:35:47] INFO - Richiesta: GET /api/macchine/2/bevande - Risposta: 200 - IP: [0:0:0:0:0:0:0:1]
[2025-03-16 19:35:49] INFO - Richiesta: GET /api/istituti - Risposta: 200 - IP: [0:0:0:0:0:0:0:1]
[2025-03-16 19:35:50] INFO - Richiesta: GET /api/macchine - Risposta: 200 - IP: [0:0:0:0:0:0:0:1]
[2025-03-16 19:35:51] INFO - Richiesta: GET /api/macchine/1 - Risposta: 200 - IP: [0:0:0:0:0:0:0:1]
[2025-03-16 19:35:51] INFO - Richiesta: GET /api/macchine/1/bevande - Risposta: 200 - IP: [0:0:0:0:0:0:0:1]
[2025-03-16 19:36:01] INFO - Richiesta: GET /api/macchine/1 - Risposta: 200 - IP: [0:0:0:0:0:0:0:1]
[2025-03-16 19:36:01] INFO - Richiesta: GET /api/macchine/1/bevande - Risposta: 200 - IP: [0:0:0:0:0:0:0:1]
[2025-03-16 19:36:19] INFO - Richiesta: GET /api/macchine/1 - Risposta: 200 - IP: [0:0:0:0:0:0:0:1]
[2025-03-16 19:36:19] INFO - Richiesta: GET /api/macchine/1/bevande - Risposta: 200 - IP: [0:0:0:0:0:0:0:1]
[2025-03-16 19:36:20] INFO - Richiesta: GET /favicon.ico - Risposta: 200 - IP: [0:0:0:0:0:0:0:1]
[2025-03-16 19:36:26] INFO - Richiesta: GET /api/istituti - Risposta: 200 - IP: [0:0:0:0:0:0:0:1]
[2025-03-16 19:36:26] INFO - Richiesta: GET /api/macchine - Risposta: 200 - IP: [0:0:0:0:0:0:0:1]
[2025-03-16 19:36:27] INFO - Richiesta: GET /api/macchine/4 - Risposta: 200 - IP: [0:0:0:0:0:0:0:1]
[2025-03-16 19:36:27] INFO - Richiesta: GET /api/macchine/4/bevande - Risposta: 200 - IP: [0:0:0:0:0:0:0:1]
[2025-03-16 19:36:37] INFO - Richiesta: GET /loginMsg.js - Risposta: 200 - IP: 192.168.1.69
[2025-03-16 19:36:37] INFO - Richiesta: GET /cgi/get.cgi - Risposta: 200 - IP: 192.168.1.69
[2025-03-16 19:36:56] INFO - Richiesta: GET /api/istituti - Risposta: 200 - IP: [0:0:0:0:0:0:0:1]
[2025-03-16 19:36:56] INFO - Richiesta: GET /api/macchine - Risposta: 200 - IP: [0:0:0:0:0:0:0:1]
[2025-03-16 19:36:58] INFO - Richiesta: GET /api/macchine/1 - Risposta: 200 - IP: [0:0:0:0:0:0:0:1]
[2025-03-16 19:36:58] INFO - Richiesta: GET /api/macchine/1/bevande - Risposta: 200 - IP: [0:0:0:0:0:0:0:1]
[2025-03-16 19:37:40] INFO - Richiesta: GET /api/macchine/1 - Risposta: 200 - IP: [0:0:0:0:0:0:0:1]
[2025-03-16 19:37:40] INFO - Richiesta: GET /api/macchine/1/bevande - Risposta: 200 - IP: [0:0:0:0:0:0:0:1]
[2025-03-16 19:38:31] INFO - Richiesta: GET /macchine/1/bevande - Risposta: 200 - IP: [0:0:0:0:0:0:0:1]
[2025-03-16 19:38:47] INFO - Richiesta: GET /api/macchine/1/bevande - Risposta: 401 - IP: [0:0:0:0:0:0:0:1]
[2025-03-16 19:40:13] INFO - Richiesta: GET /api/macchine/1 - Risposta: 200 - IP: [0:0:0:0:0:0:0:1]
[2025-03-16 19:40:14] INFO - Richiesta: GET /api/macchine/1/bevande - Risposta: 200 - IP: [0:0:0:0:0:0:0:1]
[2025-03-16 19:52:09] INFO - Richiesta: GET /spegni - Risposta: 200 - IP: [0:0:0:0:0:0:0:1]
[2025-03-16 19:58:30] INFO - Richiesta: POST /api/auth/refresh - Risposta: 200 - IP: [0:0:0:0:0:0:0:1]
[2025-03-16 19:58:32] INFO - Richiesta: GET /api/istituti - Risposta: 200 - IP: [0:0:0:0:0:0:0:1]
[2025-03-16 19:58:32] INFO - Richiesta: GET /api/macchine - Risposta: 200 - IP: [0:0:0:0:0:0:0:1]
[2025-03-16 19:58:34] INFO - Richiesta: GET /api/macchine/1 - Risposta: 200 - IP: [0:0:0:0:0:0:0:1]
[2025-03-16 19:58:34] INFO - Richiesta: GET /api/macchine/1/bevande - Risposta: 200 - IP: [0:0:0:0:0:0:0:1]
[2025-03-16 21:11:14] INFO - Richiesta: GET /favicon.ico - Risposta: 200 - IP: [0:0:0:0:0:0:0:1]
[2025-03-16 21:11:15] INFO - Richiesta: POST /api/auth/refresh - Risposta: 200 - IP: [0:0:0:0:0:0:0:1]
[2025-03-16 21:11:58] INFO - Richiesta: GET /api/istituti - Risposta: 200 - IP: [0:0:0:0:0:0:0:1]
[2025-03-16 21:11:58] INFO - Richiesta: GET /api/macchine - Risposta: 200 - IP: [0:0:0:0:0:0:0:1]
[2025-03-16 21:12:00] INFO - Richiesta: GET /api/macchine/1 - Risposta: 200 - IP: [0:0:0:0:0:0:0:1]
[2025-03-16 21:12:01] INFO - Richiesta: GET /api/macchine/1/bevande - Risposta: 200 - IP: [0:0:0:0:0:0:0:1]
[2025-03-16 21:15:12] INFO - Richiesta: GET /spegni - Risposta: 200 - IP: [0:0:0:0:0:0:0:1]
[2025-03-16 23:33:48] INFO - Richiesta: POST /api/auth/refresh - Risposta: 200 - IP: [0:0:0:0:0:0:0:1]
[2025-03-16 23:34:43] INFO - Richiesta: GET /api/istituti - Risposta: 200 - IP: [0:0:0:0:0:0:0:1]
[2025-03-16 23:34:43] INFO - Richiesta: GET /api/macchine - Risposta: 200 - IP: [0:0:0:0:0:0:0:1]
[2025-03-16 23:34:45] INFO - Richiesta: GET /api/macchine/1 - Risposta: 200 - IP: [0:0:0:0:0:0:0:1]
[2025-03-16 23:34:46] INFO - Richiesta: GET /api/macchine/1/bevande - Risposta: 200 - IP: [0:0:0:0:0:0:0:1]
[2025-03-16 23:35:08] INFO - Richiesta: POST /api/auth/refresh - Risposta: 200 - IP: [0:0:0:0:0:0:0:1]
[2025-03-16 23:35:09] INFO - Richiesta: GET /api/istituti - Risposta: 200 - IP: [0:0:0:0:0:0:0:1]
[2025-03-16 23:35:11] INFO - Richiesta: GET /api/istituti/1/macchine - Risposta: 200 - IP: [0:0:0:0:0:0:0:1]
[2025-03-16 23:35:12] INFO - Richiesta: GET /api/macchine/1 - Risposta: 200 - IP: [0:0:0:0:0:0:0:1]
[2025-03-16 23:35:56] INFO - Richiesta: GET /api/macchine - Risposta: 200 - IP: [0:0:0:0:0:0:0:1]
[2025-03-16 23:35:58] INFO - Richiesta: GET /api/macchine/1 - Risposta: 200 - IP: [0:0:0:0:0:0:0:1]
[2025-03-16 23:36:04] INFO - Richiesta: GET /api/macchine/4 - Risposta: 200 - IP: [0:0:0:0:0:0:0:1]
[2025-03-16 23:36:08] INFO - Richiesta: GET /api/macchine/1 - Risposta: 200 - IP: [0:0:0:0:0:0:0:1]
[2025-03-16 23:36:11] INFO - Richiesta: GET /api/bevande - Risposta: 200 - IP: [0:0:0:0:0:0:0:1]
[2025-03-16 23:36:17] INFO - Richiesta: GET /api/admin/cialde - Risposta: 200 - IP: [0:0:0:0:0:0:0:1]
[2025-03-16 23:36:19] INFO - Richiesta: GET /api/admin/statistiche/bevande - Risposta: 200 - IP: [0:0:0:0:0:0:0:1]
[2025-03-16 23:36:37] INFO - Richiesta: GET /api/admin/transazioni - Risposta: 200 - IP: [0:0:0:0:0:0:0:1]
[2025-03-16 23:36:40] INFO - Richiesta: GET /api/admin/utenti - Risposta: 200 - IP: [0:0:0:0:0:0:0:1]
[2025-03-16 23:36:42] INFO - Richiesta: GET /api/manutenzione - Risposta: 200 - IP: [0:0:0:0:0:0:0:1]
[2025-03-16 23:36:42] INFO - Richiesta: GET /api/macchine - Risposta: 200 - IP: [0:0:0:0:0:0:0:1]
[2025-03-16 23:36:46] INFO - Richiesta: POST /api/auth/refresh - Risposta: 200 - IP: [0:0:0:0:0:0:0:1]
[2025-03-16 23:37:28] INFO - Richiesta: GET /api/istituti - Risposta: 200 - IP: [0:0:0:0:0:0:0:1]
[2025-03-16 23:37:29] INFO - Richiesta: GET /api/macchine - Risposta: 200 - IP: [0:0:0:0:0:0:0:1]
[2025-03-16 23:37:33] INFO - Richiesta: GET /api/macchine/1 - Risposta: 200 - IP: [0:0:0:0:0:0:0:1]
[2025-03-16 23:37:33] INFO - Richiesta: GET /api/macchine/1/bevande - Risposta: 200 - IP: [0:0:0:0:0:0:0:1]
[2025-03-16 23:38:02] INFO - Richiesta: GET /spegni - Risposta: 200 - IP: [0:0:0:0:0:0:0:1]
[2025-03-16 23:40:55] INFO - Richiesta: POST /api/auth/refresh - Risposta: 200 - IP: [0:0:0:0:0:0:0:1]
[2025-03-16 23:40:57] INFO - Richiesta: GET /api/istituti - Risposta: 200 - IP: [0:0:0:0:0:0:0:1]
[2025-03-16 23:40:57] INFO - Richiesta: GET /api/macchine - Risposta: 200 - IP: [0:0:0:0:0:0:0:1]
[2025-03-16 23:41:01] INFO - Richiesta: GET /api/macchine/4 - Risposta: 200 - IP: [0:0:0:0:0:0:0:1]
[2025-03-16 23:41:01] INFO - Richiesta: GET /api/macchine/4/bevande - Risposta: 200 - IP: [0:0:0:0:0:0:0:1]
[2025-03-16 23:41:49] INFO - Richiesta: POST /api/auth/refresh - Risposta: 200 - IP: [0:0:0:0:0:0:0:1]
[2025-03-16 23:41:51] INFO - Richiesta: GET /api/istituti - Risposta: 200 - IP: [0:0:0:0:0:0:0:1]
[2025-03-16 23:41:52] INFO - Richiesta: GET /api/manutenzione - Risposta: 200 - IP: [0:0:0:0:0:0:0:1]
[2025-03-16 23:41:52] INFO - Richiesta: GET /api/macchine - Risposta: 200 - IP: [0:0:0:0:0:0:0:1]
[2025-03-16 23:48:15] INFO - Richiesta: POST /api/auth/refresh - Risposta: 200 - IP: [0:0:0:0:0:0:0:1]
[2025-03-16 23:48:18] INFO - Richiesta: GET /api/istituti - Risposta: 200 - IP: [0:0:0:0:0:0:0:1]
[2025-03-16 23:48:18] INFO - Richiesta: GET /api/macchine - Risposta: 200 - IP: [0:0:0:0:0:0:0:1]
[2025-03-16 23:48:20] INFO - Richiesta: GET /api/macchine/6 - Risposta: 200 - IP: [0:0:0:0:0:0:0:1]
[2025-03-16 23:48:20] INFO - Richiesta: GET /api/macchine/6/bevande - Risposta: 200 - IP: [0:0:0:0:0:0:0:1]
[2025-03-16 23:49:32] INFO - Richiesta: POST /api/auth/refresh - Risposta: 200 - IP: [0:0:0:0:0:0:0:1]
[2025-03-16 23:49:34] INFO - Richiesta: GET /api/istituti - Risposta: 200 - IP: [0:0:0:0:0:0:0:1]
[2025-03-16 23:49:34] INFO - Richiesta: GET /api/macchine - Risposta: 200 - IP: [0:0:0:0:0:0:0:1]
[2025-03-16 23:49:37] INFO - Richiesta: GET /api/macchine/1 - Risposta: 200 - IP: [0:0:0:0:0:0:0:1]
[2025-03-16 23:49:37] INFO - Richiesta: GET /api/macchine/1/bevande - Risposta: 200 - IP: [0:0:0:0:0:0:0:1]
[2025-03-16 23:49:39] INFO - Richiesta: POST /api/auth/refresh - Risposta: 200 - IP: [0:0:0:0:0:0:0:1]
[2025-03-16 23:49:42] INFO - Richiesta: GET /api/istituti - Risposta: 200 - IP: [0:0:0:0:0:0:0:1]
[2025-03-16 23:49:43] INFO - Richiesta: GET /api/istituti - Risposta: 200 - IP: [0:0:0:0:0:0:0:1]
[2025-03-16 23:49:43] INFO - Richiesta: GET /api/macchine - Risposta: 200 - IP: [0:0:0:0:0:0:0:1]
[2025-03-16 23:49:46] INFO - Richiesta: GET /api/macchine/1 - Risposta: 200 - IP: [0:0:0:0:0:0:0:1]
[2025-03-16 23:49:46] INFO - Richiesta: GET /api/macchine/1/bevande - Risposta: 200 - IP: [0:0:0:0:0:0:0:1]
[2025-03-16 23:49:47] INFO - Richiesta: GET /api/istituti/1/macchine - Risposta: 200 - IP: [0:0:0:0:0:0:0:1]
[2025-03-16 23:49:53] INFO - Richiesta: GET /api/macchine/1 - Risposta: 200 - IP: [0:0:0:0:0:0:0:1]
[2025-03-16 23:50:50] INFO - Richiesta: GET /api/istituti - Risposta: 200 - IP: [0:0:0:0:0:0:0:1]
[2025-03-16 23:50:52] INFO - Richiesta: GET /api/istituti/1/macchine - Risposta: 200 - IP: [0:0:0:0:0:0:0:1]
[2025-03-16 23:50:53] INFO - Richiesta: GET /api/macchine/1 - Risposta: 200 - IP: [0:0:0:0:0:0:0:1]
