[2025-03-05 00:01:25] INFO - Richiesta: GET //api/bevande - Risposta: 500 - IP: [0:0:0:0:0:0:0:1]
[2025-03-05 00:01:29] INFO - Richiesta: GET /api/istituti - Risposta: 200 - IP: [0:0:0:0:0:0:0:1]
[2025-03-05 00:01:36] INFO - Richiesta: GET /api/bevande - Risposta: 500 - IP: [0:0:0:0:0:0:0:1]
[2025-03-05 00:01:36] INFO - Richiesta: GET /api/manutenzione - Risposta: 500 - IP: [0:0:0:0:0:0:0:1]
[2025-03-05 00:01:39] INFO - Richiesta: GET /api/protected/transazioni - Risposta: 200 - IP: [0:0:0:0:0:0:0:1]
[2025-03-05 00:01:40] INFO - Richiesta: GET /api/protected/transazioni - Risposta: 200 - IP: [0:0:0:0:0:0:0:1]
[2025-03-05 00:07:02] INFO - Richiesta: GET /api/bevande - Risposta: 500 - IP: [0:0:0:0:0:0:0:1]
[2025-03-05 00:07:02] INFO - Richiesta: GET /api/manutenzione - Risposta: 500 - IP: [0:0:0:0:0:0:0:1]
[2025-03-05 00:07:40] INFO - Richiesta: GET /api/protected/transazioni - Risposta: 200 - IP: [0:0:0:0:0:0:0:1]
[2025-03-05 00:07:40] INFO - Richiesta: GET /api/protected/transazioni - Risposta: 200 - IP: [0:0:0:0:0:0:0:1]
[2025-03-05 00:07:47] INFO - Richiesta: GET /api/admin/utenti - Risposta: 200 - IP: [0:0:0:0:0:0:0:1]
[2025-03-05 00:07:48] INFO - Richiesta: GET /api/manutenzione - Risposta: 500 - IP: [0:0:0:0:0:0:0:1]
[2025-03-05 00:07:48] INFO - Richiesta: GET /api/macchine - Risposta: 200 - IP: [0:0:0:0:0:0:0:1]
[2025-03-05 00:09:58] INFO - Richiesta: GET /api/macchine - Risposta: 200 - IP: [0:0:0:0:0:0:0:1]
[2025-03-05 00:10:01] INFO - Richiesta: GET /api/manutenzione - Risposta: 500 - IP: [0:0:0:0:0:0:0:1]
[2025-03-05 00:10:01] INFO - Richiesta: GET /api/bevande - Risposta: 500 - IP: [0:0:0:0:0:0:0:1]
[2025-03-05 00:10:06] INFO - Richiesta: GET /api/protected/transazioni - Risposta: 200 - IP: [0:0:0:0:0:0:0:1]
[2025-03-05 00:10:06] INFO - Richiesta: GET /api/protected/transazioni - Risposta: 200 - IP: [0:0:0:0:0:0:0:1]
[2025-03-05 00:10:11] INFO - Richiesta: GET /api/admin/utenti - Risposta: 200 - IP: [0:0:0:0:0:0:0:1]
[2025-03-05 00:10:12] INFO - Richiesta: GET /api/manutenzione - Risposta: 500 - IP: [0:0:0:0:0:0:0:1]
[2025-03-05 00:10:13] INFO - Richiesta: GET /api/macchine - Risposta: 200 - IP: [0:0:0:0:0:0:0:1]
[2025-03-05 00:10:35] INFO - Richiesta: GET /api/admin/utenti - Risposta: 200 - IP: [0:0:0:0:0:0:0:1]
[2025-03-05 00:10:36] INFO - Richiesta: GET /api/manutenzione - Risposta: 500 - IP: [0:0:0:0:0:0:0:1]
[2025-03-05 00:10:36] INFO - Richiesta: GET /api/macchine - Risposta: 200 - IP: [0:0:0:0:0:0:0:1]
[2025-03-05 00:40:25] INFO - Richiesta: POST /api/auth/refresh - Risposta: 200 - IP: [0:0:0:0:0:0:0:1]
[2025-03-05 00:40:28] INFO - Richiesta: GET /api/istituti - Risposta: 200 - IP: [0:0:0:0:0:0:0:1]
[2025-03-05 00:40:28] INFO - Richiesta: GET /api/macchine - Risposta: 200 - IP: [0:0:0:0:0:0:0:1]
[2025-03-05 00:40:31] INFO - Richiesta: GET /api/macchine/1 - Risposta: 200 - IP: [0:0:0:0:0:0:0:1]
[2025-03-05 00:40:31] INFO - Richiesta: GET /api/macchine/1/bevande - Risposta: 200 - IP: [0:0:0:0:0:0:0:1]
[2025-03-05 00:43:47] INFO - Richiesta: GET /spegni - Risposta: 200 - IP: [0:0:0:0:0:0:0:1]
[2025-03-05 00:48:56] INFO - Richiesta: POST /api/auth/refresh - Risposta: 200 - IP: [0:0:0:0:0:0:0:1]
[2025-03-05 00:48:59] INFO - Richiesta: GET /api/istituti - Risposta: 200 - IP: [0:0:0:0:0:0:0:1]
[2025-03-05 00:48:59] INFO - Richiesta: GET /api/macchine - Risposta: 200 - IP: [0:0:0:0:0:0:0:1]
[2025-03-05 00:49:01] INFO - Richiesta: GET /api/macchine/1 - Risposta: 200 - IP: [0:0:0:0:0:0:0:1]
[2025-03-05 00:49:01] INFO - Richiesta: GET /api/macchine/1/bevande - Risposta: 200 - IP: [0:0:0:0:0:0:0:1]
[2025-03-05 00:51:09] INFO - Richiesta: GET /api/macchine/1 - Risposta: 200 - IP: [0:0:0:0:0:0:0:1]
[2025-03-05 00:51:09] INFO - Richiesta: GET /api/macchine/1/bevande - Risposta: 200 - IP: [0:0:0:0:0:0:0:1]
[2025-03-05 00:51:53] INFO - Richiesta: GET /api/macchine/1 - Risposta: 200 - IP: [0:0:0:0:0:0:0:1]
[2025-03-05 00:51:53] INFO - Richiesta: GET /api/macchine/1/bevande - Risposta: 200 - IP: [0:0:0:0:0:0:0:1]
[2025-03-05 00:52:57] INFO - Richiesta: GET /api/macchine/1 - Risposta: 200 - IP: [0:0:0:0:0:0:0:1]
[2025-03-05 00:52:57] INFO - Richiesta: GET /api/macchine/1/bevande - Risposta: 200 - IP: [0:0:0:0:0:0:0:1]
[2025-03-05 00:53:13] INFO - Richiesta: GET /api/macchine/1 - Risposta: 200 - IP: [0:0:0:0:0:0:0:1]
[2025-03-05 00:53:13] INFO - Richiesta: GET /api/macchine/1/bevande - Risposta: 200 - IP: [0:0:0:0:0:0:0:1]
[2025-03-05 00:55:48] INFO - Richiesta: GET /api/macchine/1 - Risposta: 200 - IP: [0:0:0:0:0:0:0:1]
[2025-03-05 00:55:48] INFO - Richiesta: GET /api/macchine/1/bevande - Risposta: 200 - IP: [0:0:0:0:0:0:0:1]
[2025-03-05 01:06:44] INFO - Richiesta: GET /spegni - Risposta: 200 - IP: [0:0:0:0:0:0:0:1]
[2025-03-05 01:11:03] INFO - Richiesta: POST /api/auth/refresh - Risposta: 200 - IP: [0:0:0:0:0:0:0:1]
[2025-03-05 01:11:05] INFO - Richiesta: POST /api/auth/refresh - Risposta: 200 - IP: [0:0:0:0:0:0:0:1]
[2025-03-05 01:11:31] INFO - Richiesta: GET /api/istituti - Risposta: 200 - IP: [0:0:0:0:0:0:0:1]
[2025-03-05 01:11:33] INFO - Richiesta: GET /api/macchine/istituto/undefined - Risposta: 400 - IP: [0:0:0:0:0:0:0:1]
[2025-03-05 01:11:38] INFO - Richiesta: GET /api/macchine/istituto/undefined - Risposta: 400 - IP: [0:0:0:0:0:0:0:1]
[2025-03-05 01:17:24] INFO - Richiesta: GET /api/istituti - Risposta: 200 - IP: [0:0:0:0:0:0:0:1]
[2025-03-05 01:19:03] INFO - Richiesta: GET /api/istituti - Risposta: 200 - IP: [0:0:0:0:0:0:0:1]
[2025-03-05 01:19:05] INFO - Richiesta: GET /api/macchine - Risposta: 200 - IP: [0:0:0:0:0:0:0:1]
[2025-03-05 01:19:15] INFO - Richiesta: GET /api/macchine - Risposta: 200 - IP: [0:0:0:0:0:0:0:1]
[2025-03-05 01:19:18] INFO - Richiesta: GET /api/macchine - Risposta: 200 - IP: [0:0:0:0:0:0:0:1]
[2025-03-05 01:19:21] INFO - Richiesta: GET /api/macchine - Risposta: 200 - IP: [0:0:0:0:0:0:0:1]
[2025-03-05 01:22:43] INFO - Richiesta: GET /favicon.ico - Risposta: 200 - IP: [0:0:0:0:0:0:0:1]
[2025-03-05 01:22:43] INFO - Richiesta: GET /api/istituti - Risposta: 200 - IP: [0:0:0:0:0:0:0:1]
[2025-03-05 01:22:46] INFO - Richiesta: GET /api/istituti/undefined/macchine - Risposta: 200 - IP: [0:0:0:0:0:0:0:1]
[2025-03-05 01:22:53] INFO - Richiesta: GET /api/istituti/undefined/macchine - Risposta: 200 - IP: [0:0:0:0:0:0:0:1]
[2025-03-05 01:23:13] INFO - Richiesta: GET /api/istituti/1/macchine - Risposta: 401 - IP: [0:0:0:0:0:0:0:1]
[2025-03-05 01:27:05] INFO - Richiesta: GET /istituti - Risposta: 200 - IP: [0:0:0:0:0:0:0:1]
[2025-03-05 01:27:26] INFO - Richiesta: GET /api/istituti - Risposta: 401 - IP: [0:0:0:0:0:0:0:1]
[2025-03-05 01:29:03] INFO - Richiesta: GET /istituti - Risposta: 200 - IP: [0:0:0:0:0:0:0:1]
[2025-03-05 01:29:03] INFO - Richiesta: GET /api/istituti/1/macchine - Risposta: 401 - IP: [0:0:0:0:0:0:0:1]
[2025-03-05 01:29:12] INFO - Richiesta: GET /api/istituti - Risposta: 200 - IP: [0:0:0:0:0:0:0:1]
[2025-03-05 01:29:13] INFO - Richiesta: GET /api/istituti/undefined/macchine - Risposta: 200 - IP: [0:0:0:0:0:0:0:1]
[2025-03-05 01:29:46] INFO - Richiesta: GET /api/istituti - Risposta: 200 - IP: [0:0:0:0:0:0:0:1]
[2025-03-05 01:31:13] INFO - Richiesta: GET /favicon.ico - Risposta: 200 - IP: [0:0:0:0:0:0:0:1]
[2025-03-05 01:31:13] INFO - Richiesta: GET /api/istituti - Risposta: 200 - IP: [0:0:0:0:0:0:0:1]
[2025-03-05 01:31:14] INFO - Richiesta: GET /api/istituti/1/macchine - Risposta: 200 - IP: [0:0:0:0:0:0:0:1]
[2025-03-05 01:31:25] INFO - Richiesta: GET /spegni - Risposta: 200 - IP: [0:0:0:0:0:0:0:1]
[2025-03-05 01:32:03] INFO - Richiesta: POST /api/auth/refresh - Risposta: 200 - IP: [0:0:0:0:0:0:0:1]
[2025-03-05 01:32:19] INFO - Richiesta: GET /api/istituti - Risposta: 200 - IP: [0:0:0:0:0:0:0:1]
[2025-03-05 01:32:20] INFO - Richiesta: GET /api/macchine - Risposta: 200 - IP: [0:0:0:0:0:0:0:1]
[2025-03-05 01:32:24] INFO - Richiesta: GET /api/istituti - Risposta: 200 - IP: [0:0:0:0:0:0:0:1]
[2025-03-05 01:32:27] INFO - Richiesta: GET /api/istituti/1/macchine - Risposta: 200 - IP: [0:0:0:0:0:0:0:1]
[2025-03-05 01:32:31] INFO - Richiesta: GET /api/istituti/2/macchine - Risposta: 200 - IP: [0:0:0:0:0:0:0:1]
[2025-03-05 01:33:41] INFO - Richiesta: GET /api/macchine - Risposta: 200 - IP: [0:0:0:0:0:0:0:1]
[2025-03-05 01:33:49] INFO - Richiesta: POST /api/auth/refresh - Risposta: 200 - IP: [0:0:0:0:0:0:0:1]
[2025-03-05 01:33:53] INFO - Richiesta: GET /api/istituti - Risposta: 200 - IP: [0:0:0:0:0:0:0:1]
[2025-03-05 01:33:55] INFO - Richiesta: GET /api/istituti - Risposta: 200 - IP: [0:0:0:0:0:0:0:1]
[2025-03-05 01:33:56] INFO - Richiesta: GET /api/macchine - Risposta: 200 - IP: [0:0:0:0:0:0:0:1]
[2025-03-05 01:34:15] INFO - Richiesta: GET /api/istituti - Risposta: 200 - IP: [0:0:0:0:0:0:0:1]
[2025-03-05 01:34:21] INFO - Richiesta: GET /api/istituti/1/macchine - Risposta: 200 - IP: [0:0:0:0:0:0:0:1]
[2025-03-05 01:37:52] INFO - Richiesta: GET /api/istituti - Risposta: 200 - IP: [0:0:0:0:0:0:0:1]
[2025-03-05 01:37:53] INFO - Richiesta: GET /api/istituti/1/macchine - Risposta: 200 - IP: [0:0:0:0:0:0:0:1]
[2025-03-05 01:38:33] INFO - Richiesta: GET /api/istituti - Risposta: 200 - IP: [0:0:0:0:0:0:0:1]
[2025-03-05 01:38:34] INFO - Richiesta: GET /api/istituti/1/macchine - Risposta: 200 - IP: [0:0:0:0:0:0:0:1]
[2025-03-05 01:38:55] INFO - Richiesta: GET /api/istituti - Risposta: 200 - IP: [0:0:0:0:0:0:0:1]
[2025-03-05 01:38:56] INFO - Richiesta: GET /api/istituti/1/macchine - Risposta: 200 - IP: [0:0:0:0:0:0:0:1]
[2025-03-05 01:39:18] INFO - Richiesta: POST /api/auth/refresh - Risposta: 200 - IP: [0:0:0:0:0:0:0:1]
[2025-03-05 01:39:24] INFO - Richiesta: GET /api/istituti - Risposta: 200 - IP: [0:0:0:0:0:0:0:1]
[2025-03-05 01:39:24] INFO - Richiesta: GET /api/macchine - Risposta: 200 - IP: [0:0:0:0:0:0:0:1]
[2025-03-05 01:39:26] INFO - Richiesta: GET /api/istituti - Risposta: 200 - IP: [0:0:0:0:0:0:0:1]
[2025-03-05 01:42:03] INFO - Richiesta: GET /api/istituti - Risposta: 200 - IP: [0:0:0:0:0:0:0:1]
[2025-03-05 01:42:04] INFO - Richiesta: GET /api/istituti/1/macchine - Risposta: 200 - IP: [0:0:0:0:0:0:0:1]
[2025-03-05 01:42:14] INFO - Richiesta: GET /api/istituti/2/macchine - Risposta: 200 - IP: [0:0:0:0:0:0:0:1]
[2025-03-05 01:43:16] INFO - Richiesta: GET /api/macchine - Risposta: 200 - IP: [0:0:0:0:0:0:0:1]
[2025-03-05 01:43:25] INFO - Richiesta: GET /api/macchine/1 - Risposta: 200 - IP: [0:0:0:0:0:0:0:1]
[2025-03-05 01:44:38] INFO - Richiesta: GET /api/istituti - Risposta: 200 - IP: [0:0:0:0:0:0:0:1]
[2025-03-05 01:44:42] INFO - Richiesta: GET /api/istituti/1/macchine - Risposta: 200 - IP: [0:0:0:0:0:0:0:1]
[2025-03-05 01:44:43] INFO - Richiesta: GET /api/macchine/1 - Risposta: 200 - IP: [0:0:0:0:0:0:0:1]
[2025-03-05 01:44:49] INFO - Richiesta: GET /api/macchine/1 - Risposta: 200 - IP: [0:0:0:0:0:0:0:1]
[2025-03-05 01:47:23] INFO - Richiesta: GET /api/istituti - Risposta: 200 - IP: [0:0:0:0:0:0:0:1]
[2025-03-05 01:47:27] INFO - Richiesta: GET /api/istituti/1/macchine - Risposta: 200 - IP: [0:0:0:0:0:0:0:1]
[2025-03-05 01:47:43] INFO - Richiesta: GET /api/istituti - Risposta: 200 - IP: [0:0:0:0:0:0:0:1]
[2025-03-05 01:47:46] INFO - Richiesta: GET /api/istituti/1/macchine - Risposta: 200 - IP: [0:0:0:0:0:0:0:1]
[2025-03-05 01:48:50] INFO - Richiesta: GET /api/istituti - Risposta: 200 - IP: [0:0:0:0:0:0:0:1]
[2025-03-05 01:48:51] INFO - Richiesta: GET /favicon.ico - Risposta: 200 - IP: [0:0:0:0:0:0:0:1]
[2025-03-05 01:48:53] INFO - Richiesta: GET /api/istituti/1/macchine - Risposta: 200 - IP: [0:0:0:0:0:0:0:1]
[2025-03-05 01:50:17] INFO - Richiesta: GET /api/istituti - Risposta: 200 - IP: [0:0:0:0:0:0:0:1]
[2025-03-05 01:50:21] INFO - Richiesta: GET /api/istituti/1/macchine - Risposta: 200 - IP: [0:0:0:0:0:0:0:1]
[2025-03-05 01:50:45] INFO - Richiesta: GET /api/istituti - Risposta: 200 - IP: [0:0:0:0:0:0:0:1]
[2025-03-05 01:50:46] INFO - Richiesta: GET /api/istituti/1/macchine - Risposta: 200 - IP: [0:0:0:0:0:0:0:1]
[2025-03-05 01:51:12] INFO - Richiesta: GET /api/istituti - Risposta: 200 - IP: [0:0:0:0:0:0:0:1]
[2025-03-05 01:51:15] INFO - Richiesta: GET /api/istituti/1/macchine - Risposta: 200 - IP: [0:0:0:0:0:0:0:1]
[2025-03-05 01:51:16] INFO - Richiesta: GET /api/macchine/1 - Risposta: 200 - IP: [0:0:0:0:0:0:0:1]
[2025-03-05 01:51:46] INFO - Richiesta: GET /api/istituti - Risposta: 200 - IP: [0:0:0:0:0:0:0:1]
[2025-03-05 01:51:48] INFO - Richiesta: GET /api/istituti/1/macchine - Risposta: 200 - IP: [0:0:0:0:0:0:0:1]
[2025-03-05 01:52:17] INFO - Richiesta: GET /api/istituti - Risposta: 200 - IP: [0:0:0:0:0:0:0:1]
[2025-03-05 01:52:17] INFO - Richiesta: GET /favicon.ico - Risposta: 200 - IP: [0:0:0:0:0:0:0:1]
[2025-03-05 01:52:22] INFO - Richiesta: GET /api/istituti/1/macchine - Risposta: 200 - IP: [0:0:0:0:0:0:0:1]
[2025-03-05 01:57:13] INFO - Richiesta: GET /favicon.ico - Risposta: 200 - IP: [0:0:0:0:0:0:0:1]
[2025-03-05 01:57:13] INFO - Richiesta: GET /api/istituti - Risposta: 200 - IP: [0:0:0:0:0:0:0:1]
[2025-03-05 01:57:16] INFO - Richiesta: GET /api/istituti/1/macchine - Risposta: 200 - IP: [0:0:0:0:0:0:0:1]
[2025-03-05 01:57:38] INFO - Richiesta: GET /api/istituti - Risposta: 200 - IP: [0:0:0:0:0:0:0:1]
[2025-03-05 01:57:41] INFO - Richiesta: GET /api/istituti/1/macchine - Risposta: 200 - IP: [0:0:0:0:0:0:0:1]
[2025-03-05 01:58:20] INFO - Richiesta: GET /favicon.ico - Risposta: 200 - IP: [0:0:0:0:0:0:0:1]
[2025-03-05 01:58:20] INFO - Richiesta: GET /api/istituti - Risposta: 200 - IP: [0:0:0:0:0:0:0:1]
[2025-03-05 01:58:22] INFO - Richiesta: GET /api/istituti/1/macchine - Risposta: 200 - IP: [0:0:0:0:0:0:0:1]
[2025-03-05 01:58:57] INFO - Richiesta: GET /api/istituti - Risposta: 200 - IP: [0:0:0:0:0:0:0:1]
[2025-03-05 01:59:00] INFO - Richiesta: GET /api/istituti/1/macchine - Risposta: 200 - IP: [0:0:0:0:0:0:0:1]
[2025-03-05 01:59:20] INFO - Richiesta: GET /favicon.ico - Risposta: 200 - IP: [0:0:0:0:0:0:0:1]
[2025-03-05 01:59:21] INFO - Richiesta: GET /api/istituti - Risposta: 200 - IP: [0:0:0:0:0:0:0:1]
[2025-03-05 01:59:23] INFO - Richiesta: GET /api/istituti/1/macchine - Risposta: 200 - IP: [0:0:0:0:0:0:0:1]
[2025-03-05 01:59:50] INFO - Richiesta: GET /api/istituti - Risposta: 200 - IP: [0:0:0:0:0:0:0:1]
[2025-03-05 01:59:53] INFO - Richiesta: GET /api/istituti/1/macchine - Risposta: 200 - IP: [0:0:0:0:0:0:0:1]
[2025-03-05 02:00:33] INFO - Richiesta: GET /api/istituti/2/macchine - Risposta: 200 - IP: [0:0:0:0:0:0:0:1]
[2025-03-05 02:02:05] INFO - Richiesta: GET /api/istituti - Risposta: 200 - IP: [0:0:0:0:0:0:0:1]
[2025-03-05 02:02:07] INFO - Richiesta: GET /api/istituti/1/macchine - Risposta: 200 - IP: [0:0:0:0:0:0:0:1]
[2025-03-05 02:04:57] INFO - Richiesta: GET /api/istituti - Risposta: 200 - IP: [0:0:0:0:0:0:0:1]
[2025-03-05 02:04:59] INFO - Richiesta: GET /api/istituti/1/macchine - Risposta: 200 - IP: [0:0:0:0:0:0:0:1]
[2025-03-05 02:06:59] INFO - Richiesta: GET /api/istituti - Risposta: 200 - IP: [0:0:0:0:0:0:0:1]
[2025-03-05 02:07:15] INFO - Richiesta: GET /api/istituti/1/macchine - Risposta: 200 - IP: [0:0:0:0:0:0:0:1]
[2025-03-05 02:07:22] INFO - Richiesta: GET /api/istituti/7/macchine - Risposta: 200 - IP: [0:0:0:0:0:0:0:1]
[2025-03-05 02:08:30] INFO - Richiesta: GET /api/istituti - Risposta: 200 - IP: [0:0:0:0:0:0:0:1]
[2025-03-05 02:09:00] INFO - Richiesta: GET /api/istituti - Risposta: 200 - IP: [0:0:0:0:0:0:0:1]
[2025-03-05 02:09:16] INFO - Richiesta: GET /api/istituti - Risposta: 200 - IP: [0:0:0:0:0:0:0:1]
[2025-03-05 02:09:44] INFO - Richiesta: GET /api/istituti - Risposta: 200 - IP: [0:0:0:0:0:0:0:1]
[2025-03-05 02:09:48] INFO - Richiesta: GET /api/istituti/1/macchine - Risposta: 200 - IP: [0:0:0:0:0:0:0:1]
[2025-03-05 02:09:52] INFO - Richiesta: GET /api/macchine/1 - Risposta: 200 - IP: [0:0:0:0:0:0:0:1]
[2025-03-05 02:10:25] INFO - Richiesta: GET /api/istituti - Risposta: 200 - IP: [0:0:0:0:0:0:0:1]
[2025-03-05 02:10:26] INFO - Richiesta: GET /favicon.ico - Risposta: 200 - IP: [0:0:0:0:0:0:0:1]
[2025-03-05 02:10:27] INFO - Richiesta: GET /api/istituti/1/macchine - Risposta: 200 - IP: [0:0:0:0:0:0:0:1]
[2025-03-05 02:11:27] INFO - Richiesta: GET /api/istituti - Risposta: 200 - IP: [0:0:0:0:0:0:0:1]
[2025-03-05 02:11:34] INFO - Richiesta: GET /api/istituti/1/macchine - Risposta: 200 - IP: [0:0:0:0:0:0:0:1]
[2025-03-05 02:11:37] INFO - Richiesta: GET /api/macchine/1 - Risposta: 200 - IP: [0:0:0:0:0:0:0:1]
[2025-03-05 02:12:55] INFO - Richiesta: GET /api/istituti - Risposta: 200 - IP: [0:0:0:0:0:0:0:1]
[2025-03-05 02:12:55] INFO - Richiesta: GET /favicon.ico - Risposta: 200 - IP: [0:0:0:0:0:0:0:1]
[2025-03-05 02:12:58] INFO - Richiesta: GET /api/istituti/1/macchine - Risposta: 200 - IP: [0:0:0:0:0:0:0:1]
[2025-03-05 02:14:19] INFO - Richiesta: GET /api/istituti - Risposta: 200 - IP: [0:0:0:0:0:0:0:1]
[2025-03-05 02:14:20] INFO - Richiesta: GET /api/istituti/1/macchine - Risposta: 200 - IP: [0:0:0:0:0:0:0:1]
[2025-03-05 02:14:47] INFO - Richiesta: GET /api/istituti - Risposta: 200 - IP: [0:0:0:0:0:0:0:1]
[2025-03-05 02:14:50] INFO - Richiesta: GET /api/istituti/1/macchine - Risposta: 200 - IP: [0:0:0:0:0:0:0:1]
[2025-03-05 02:15:32] INFO - Richiesta: GET /api/istituti - Risposta: 200 - IP: [0:0:0:0:0:0:0:1]
[2025-03-05 02:15:34] INFO - Richiesta: GET /api/istituti/1/macchine - Risposta: 200 - IP: [0:0:0:0:0:0:0:1]
[2025-03-05 02:15:42] INFO - Richiesta: GET /api/istituti/2/macchine - Risposta: 200 - IP: [0:0:0:0:0:0:0:1]
[2025-03-05 02:17:21] INFO - Richiesta: GET /api/istituti - Risposta: 200 - IP: [0:0:0:0:0:0:0:1]
[2025-03-05 02:17:24] INFO - Richiesta: GET /api/istituti/1/macchine - Risposta: 200 - IP: [0:0:0:0:0:0:0:1]
[2025-03-05 02:17:28] INFO - Richiesta: GET /api/istituti/2/macchine - Risposta: 200 - IP: [0:0:0:0:0:0:0:1]
[2025-03-05 02:17:55] INFO - Richiesta: GET /api/istituti - Risposta: 200 - IP: [0:0:0:0:0:0:0:1]
[2025-03-05 02:17:57] INFO - Richiesta: GET /api/istituti/1/macchine - Risposta: 200 - IP: [0:0:0:0:0:0:0:1]
[2025-03-05 02:18:30] INFO - Richiesta: GET /api/macchine/1 - Risposta: 200 - IP: [0:0:0:0:0:0:0:1]
[2025-03-05 02:18:36] INFO - Richiesta: GET /api/macchine - Risposta: 200 - IP: [0:0:0:0:0:0:0:1]
[2025-03-05 02:18:43] INFO - Richiesta: GET /api/macchine/1 - Risposta: 200 - IP: [0:0:0:0:0:0:0:1]
[2025-03-05 02:18:47] INFO - Richiesta: GET /api/bevande - Risposta: 500 - IP: [0:0:0:0:0:0:0:1]
[2025-03-05 02:18:47] INFO - Richiesta: GET /api/manutenzione - Risposta: 500 - IP: [0:0:0:0:0:0:0:1]
[2025-03-05 02:18:51] INFO - Richiesta: GET /api/protected/transazioni - Risposta: 200 - IP: [0:0:0:0:0:0:0:1]
[2025-03-05 02:18:51] INFO - Richiesta: GET /api/protected/transazioni - Risposta: 200 - IP: [0:0:0:0:0:0:0:1]
[2025-03-05 02:20:36] INFO - Richiesta: GET /api/istituti - Risposta: 200 - IP: [0:0:0:0:0:0:0:1]
[2025-03-05 02:20:39] INFO - Richiesta: GET /api/transazioni - Risposta: 200 - IP: [0:0:0:0:0:0:0:1]
[2025-03-05 02:20:39] INFO - Richiesta: GET /api/transazioni - Risposta: 200 - IP: [0:0:0:0:0:0:0:1]
[2025-03-05 02:21:33] INFO - Richiesta: GET /api/istituti - Risposta: 200 - IP: [0:0:0:0:0:0:0:1]
[2025-03-05 02:21:35] INFO - Richiesta: GET /transazioni - Risposta: 200 - IP: [0:0:0:0:0:0:0:1]
[2025-03-05 02:21:35] INFO - Richiesta: GET /transazioni - Risposta: 200 - IP: [0:0:0:0:0:0:0:1]
[2025-03-05 02:22:18] INFO - Richiesta: GET /api/manutenzione - Risposta: 500 - IP: [0:0:0:0:0:0:0:1]
[2025-03-05 02:22:19] INFO - Richiesta: GET /api/macchine - Risposta: 200 - IP: [0:0:0:0:0:0:0:1]
[2025-03-05 02:22:25] INFO - Richiesta: GET /api/macchine - Risposta: 200 - IP: [0:0:0:0:0:0:0:1]
[2025-03-05 02:22:27] INFO - Richiesta: GET /api/manutenzione - Risposta: 500 - IP: [0:0:0:0:0:0:0:1]
[2025-03-05 02:22:27] INFO - Richiesta: GET /api/bevande - Risposta: 500 - IP: [0:0:0:0:0:0:0:1]
[2025-03-05 02:22:33] INFO - Richiesta: GET /api/istituti - Risposta: 200 - IP: [0:0:0:0:0:0:0:1]
[2025-03-05 02:22:41] INFO - Richiesta: GET /api/istituti/1/macchine - Risposta: 200 - IP: [0:0:0:0:0:0:0:1]
[2025-03-05 02:22:45] INFO - Richiesta: GET /api/istituti/2/macchine - Risposta: 200 - IP: [0:0:0:0:0:0:0:1]
[2025-03-05 02:22:48] INFO - Richiesta: GET /api/istituti/1/macchine - Risposta: 200 - IP: [0:0:0:0:0:0:0:1]
[2025-03-05 02:23:02] INFO - Richiesta: GET /api/istituti/2/macchine - Risposta: 200 - IP: [0:0:0:0:0:0:0:1]
[2025-03-05 02:23:09] INFO - Richiesta: GET /api/macchine/1 - Risposta: 200 - IP: [0:0:0:0:0:0:0:1]
[2025-03-05 02:24:26] INFO - Richiesta: POST /api/auth/refresh - Risposta: 200 - IP: [0:0:0:0:0:0:0:1]
[2025-03-05 02:24:33] INFO - Richiesta: GET /spegni - Risposta: 200 - IP: [0:0:0:0:0:0:0:1]
[2025-03-05 19:59:22] INFO - Richiesta: GET /favicon.ico - Risposta: 200 - IP: [0:0:0:0:0:0:0:1]
[2025-03-05 19:59:23] INFO - Richiesta: POST /api/auth/refresh - Risposta: 200 - IP: [0:0:0:0:0:0:0:1]
[2025-03-05 19:59:34] INFO - Richiesta: GET /api/istituti - Risposta: 200 - IP: [0:0:0:0:0:0:0:1]
[2025-03-05 19:59:35] INFO - Richiesta: GET /api/macchine - Risposta: 200 - IP: [0:0:0:0:0:0:0:1]
[2025-03-05 19:59:38] INFO - Richiesta: GET /api/macchine/1 - Risposta: 200 - IP: [0:0:0:0:0:0:0:1]
[2025-03-05 19:59:38] INFO - Richiesta: GET /api/macchine/1/bevande - Risposta: 200 - IP: [0:0:0:0:0:0:0:1]
[2025-03-05 20:01:04] INFO - Richiesta: POST /api/auth/refresh - Risposta: 500 - IP: [0:0:0:0:0:0:0:1]
[2025-03-05 20:02:44] INFO - Richiesta: GET /spegni - Risposta: 200 - IP: [0:0:0:0:0:0:0:1]
[2025-03-05 20:14:48] INFO - Richiesta: POST /api/auth/refresh - Risposta: 200 - IP: [0:0:0:0:0:0:0:1]
[2025-03-05 20:14:48] INFO - Richiesta: GET /favicon.ico - Risposta: 200 - IP: [0:0:0:0:0:0:0:1]
[2025-03-05 20:17:05] INFO - Richiesta: POST /api/auth/login - Risposta: 200 - IP: [0:0:0:0:0:0:0:1]
[2025-03-05 20:17:07] INFO - Richiesta: GET /api/istituti - Risposta: 200 - IP: [0:0:0:0:0:0:0:1]
[2025-03-05 20:17:22] INFO - Richiesta: GET /api/istituti/1/macchine - Risposta: 200 - IP: [0:0:0:0:0:0:0:1]
[2025-03-05 20:17:27] INFO - Richiesta: GET /api/macchine/1 - Risposta: 200 - IP: [0:0:0:0:0:0:0:1]
[2025-03-05 20:17:51] INFO - Richiesta: GET /api/macchine - Risposta: 200 - IP: [0:0:0:0:0:0:0:1]
[2025-03-05 20:17:55] INFO - Richiesta: GET /api/macchine/2 - Risposta: 200 - IP: [0:0:0:0:0:0:0:1]
[2025-03-05 20:18:08] INFO - Richiesta: POST /api/auth/refresh - Risposta: 200 - IP: [0:0:0:0:0:0:0:1]
[2025-03-05 20:18:15] INFO - Richiesta: GET /api/istituti - Risposta: 200 - IP: [0:0:0:0:0:0:0:1]
[2025-03-05 20:18:15] INFO - Richiesta: GET /api/macchine - Risposta: 200 - IP: [0:0:0:0:0:0:0:1]
[2025-03-05 20:18:34] INFO - Richiesta: GET /api/macchine/1 - Risposta: 200 - IP: [0:0:0:0:0:0:0:1]
[2025-03-05 20:18:34] INFO - Richiesta: GET /api/macchine/1/bevande - Risposta: 200 - IP: [0:0:0:0:0:0:0:1]
[2025-03-05 20:19:32] INFO - Richiesta: POST /api/auth/refresh - Risposta: 200 - IP: [0:0:0:0:0:0:0:1]
[2025-03-05 20:19:37] INFO - Richiesta: GET /spegni - Risposta: 200 - IP: [0:0:0:0:0:0:0:1]
[2025-03-05 20:27:45] INFO - Richiesta: POST /api/auth/refresh - Risposta: 200 - IP: [0:0:0:0:0:0:0:1]
[2025-03-05 20:27:48] INFO - Richiesta: GET /api/istituti - Risposta: 200 - IP: [0:0:0:0:0:0:0:1]
[2025-03-05 20:27:49] INFO - Richiesta: GET /api/macchine - Risposta: 200 - IP: [0:0:0:0:0:0:0:1]
[2025-03-05 20:27:51] INFO - Richiesta: GET /api/macchine/1 - Risposta: 200 - IP: [0:0:0:0:0:0:0:1]
[2025-03-05 20:27:52] INFO - Richiesta: GET /api/macchine/1/bevande - Risposta: 200 - IP: [0:0:0:0:0:0:0:1]
[2025-03-05 20:28:24] INFO - Richiesta: GET /api/istituti - Risposta: 500 - IP: [0:0:0:0:0:0:0:1]
[2025-03-05 20:28:24] INFO - Richiesta: GET /api/macchine - Risposta: 500 - IP: [0:0:0:0:0:0:0:1]
[2025-03-05 20:28:24] INFO - Richiesta: GET /api/macchine - Risposta: 500 - IP: [0:0:0:0:0:0:0:1]
[2025-03-05 20:28:26] INFO - Richiesta: GET /api/macchine/1 - Risposta: 500 - IP: [0:0:0:0:0:0:0:1]
[2025-03-05 20:28:30] INFO - Richiesta: GET /api/macchine/1 - Risposta: 500 - IP: [0:0:0:0:0:0:0:1]
[2025-03-05 20:28:52] INFO - Richiesta: GET /favicon.ico - Risposta: 200 - IP: [0:0:0:0:0:0:0:1]
[2025-03-05 20:28:52] INFO - Richiesta: GET /api/macchine/1 - Risposta: 200 - IP: [0:0:0:0:0:0:0:1]
[2025-03-05 20:28:52] INFO - Richiesta: GET /api/macchine/1/bevande - Risposta: 200 - IP: [0:0:0:0:0:0:0:1]
[2025-03-05 20:30:08] INFO - Richiesta: GET /api/macchine/1 - Risposta: 500 - IP: [0:0:0:0:0:0:0:1]
[2025-03-05 20:30:16] INFO - Richiesta: GET /favicon.ico - Risposta: 200 - IP: [0:0:0:0:0:0:0:1]
[2025-03-05 20:30:16] INFO - Richiesta: GET /api/macchine/1 - Risposta: 200 - IP: [0:0:0:0:0:0:0:1]
[2025-03-05 20:30:16] INFO - Richiesta: GET /api/macchine/1/bevande - Risposta: 200 - IP: [0:0:0:0:0:0:0:1]
[2025-03-05 20:39:54] INFO - Richiesta: POST /api/auth/refresh - Risposta: 500 - IP: [0:0:0:0:0:0:0:1]
[2025-03-05 20:39:55] INFO - Richiesta: GET /spegni - Risposta: 200 - IP: [0:0:0:0:0:0:0:1]
