[2025-03-10 00:06:07] INFO - Richiesta: POST /api/auth/refresh - Risposta: 200 - IP: [0:0:0:0:0:0:0:1]
[2025-03-10 00:06:13] INFO - Richiesta: GET /api/istituti - Risposta: 200 - IP: [0:0:0:0:0:0:0:1]
[2025-03-10 00:06:13] INFO - Richiesta: GET /api/macchine - Risposta: 200 - IP: [0:0:0:0:0:0:0:1]
[2025-03-10 00:06:17] INFO - Richiesta: GET /api/macchine/2 - Risposta: 200 - IP: [0:0:0:0:0:0:0:1]
[2025-03-10 00:06:17] INFO - Richiesta: GET /api/macchine/2/bevande - Risposta: 200 - IP: [0:0:0:0:0:0:0:1]
[2025-03-10 00:06:48] INFO - Richiesta: POST /api/auth/refresh - Risposta: 200 - IP: [0:0:0:0:0:0:0:1]
[2025-03-10 00:06:52] INFO - Richiesta: GET /api/istituti - Risposta: 200 - IP: [0:0:0:0:0:0:0:1]
[2025-03-10 00:06:54] INFO - Richiesta: GET /api/macchine - Risposta: 200 - IP: [0:0:0:0:0:0:0:1]
[2025-03-10 00:06:58] INFO - Richiesta: GET /api/istituti - Risposta: 200 - IP: [0:0:0:0:0:0:0:1]
[2025-03-10 00:06:59] INFO - Richiesta: GET /api/istituti/2/macchine - Risposta: 200 - IP: [0:0:0:0:0:0:0:1]
[2025-03-10 00:07:01] INFO - Richiesta: GET /api/macchine/2 - Risposta: 200 - IP: [0:0:0:0:0:0:0:1]
[2025-03-10 00:07:20] INFO - Richiesta: GET /spegni - Risposta: 200 - IP: [0:0:0:0:0:0:0:1]
[2025-03-10 00:13:53] INFO - Richiesta: POST /api/auth/refresh - Risposta: 200 - IP: [0:0:0:0:0:0:0:1]
[2025-03-10 00:14:05] INFO - Richiesta: GET /api/istituti - Risposta: 200 - IP: [0:0:0:0:0:0:0:1]
[2025-03-10 00:14:05] INFO - Richiesta: GET /api/macchine - Risposta: 200 - IP: [0:0:0:0:0:0:0:1]
[2025-03-10 00:14:08] INFO - Richiesta: GET /api/macchine/1 - Risposta: 200 - IP: [0:0:0:0:0:0:0:1]
[2025-03-10 00:14:08] INFO - Richiesta: GET /api/macchine/1/bevande - Risposta: 200 - IP: [0:0:0:0:0:0:0:1]
[2025-03-10 00:17:00] INFO - Richiesta: POST /api/auth/refresh - Risposta: 200 - IP: [0:0:0:0:0:0:0:1]
[2025-03-10 00:17:06] INFO - Richiesta: GET /api/istituti - Risposta: 401 - IP: [0:0:0:0:0:0:0:1]
[2025-03-10 00:17:06] INFO - Richiesta: GET /api/macchine - Risposta: 401 - IP: [0:0:0:0:0:0:0:1]
[2025-03-10 00:17:06] INFO - Richiesta: GET /api/macchine - Risposta: 401 - IP: [0:0:0:0:0:0:0:1]
[2025-03-10 00:18:35] INFO - Richiesta: POST /api/auth/register - Risposta: 400 - IP: [0:0:0:0:0:0:0:1]
[2025-03-10 00:19:25] INFO - Richiesta: POST /api/auth/login - Risposta: 200 - IP: [0:0:0:0:0:0:0:1]
[2025-03-10 00:19:26] INFO - Richiesta: GET /api/istituti - Risposta: 200 - IP: [0:0:0:0:0:0:0:1]
[2025-03-10 00:19:26] INFO - Richiesta: GET /api/macchine - Risposta: 200 - IP: [0:0:0:0:0:0:0:1]
[2025-03-10 00:19:31] INFO - Richiesta: POST /api/auth/refresh - Risposta: 200 - IP: [0:0:0:0:0:0:0:1]
[2025-03-10 00:19:39] INFO - Richiesta: GET /api/istituti - Risposta: 200 - IP: [0:0:0:0:0:0:0:1]
[2025-03-10 00:19:39] INFO - Richiesta: GET /api/macchine - Risposta: 200 - IP: [0:0:0:0:0:0:0:1]
[2025-03-10 00:20:14] INFO - Richiesta: GET /api/manutenzione/tecnico/null - Risposta: 200 - IP: [0:0:0:0:0:0:0:1]
[2025-03-10 00:20:14] INFO - Richiesta: GET /api/manutenzione/tecnico/null - Risposta: 200 - IP: [0:0:0:0:0:0:0:1]
[2025-03-10 00:20:14] INFO - Richiesta: GET /api/macchine - Risposta: 200 - IP: [0:0:0:0:0:0:0:1]
[2025-03-10 00:20:14] INFO - Richiesta: GET /api/manutenzione/tecnico/null - Risposta: 200 - IP: [0:0:0:0:0:0:0:1]
[2025-03-10 00:20:44] INFO - Richiesta: GET /api/manutenzione/tecnico/null - Risposta: 200 - IP: [0:0:0:0:0:0:0:1]
[2025-03-10 00:21:14] INFO - Richiesta: GET /api/manutenzione/tecnico/null - Risposta: 200 - IP: [0:0:0:0:0:0:0:1]
[2025-03-10 00:21:46] INFO - Richiesta: GET /api/manutenzione/tecnico/null - Risposta: 200 - IP: [0:0:0:0:0:0:0:1]
[2025-03-10 00:22:14] INFO - Richiesta: GET /api/manutenzione/tecnico/null - Risposta: 200 - IP: [0:0:0:0:0:0:0:1]
[2025-03-10 00:22:44] INFO - Richiesta: GET /api/manutenzione/tecnico/null - Risposta: 200 - IP: [0:0:0:0:0:0:0:1]
[2025-03-10 00:23:03] INFO - Richiesta: GET /api/macchine - Risposta: 200 - IP: [0:0:0:0:0:0:0:1]
[2025-03-10 00:23:12] INFO - Richiesta: GET /api/manutenzione/tecnico/null - Risposta: 200 - IP: [0:0:0:0:0:0:0:1]
[2025-03-10 00:23:14] INFO - Richiesta: GET /api/manutenzione/tecnico/null - Risposta: 200 - IP: [0:0:0:0:0:0:0:1]
[2025-03-10 00:23:22] INFO - Richiesta: POST /api/auth/refresh - Risposta: 200 - IP: [0:0:0:0:0:0:0:1]
[2025-03-10 00:23:25] INFO - Richiesta: GET /spegni - Risposta: 200 - IP: [0:0:0:0:0:0:0:1]
[2025-03-10 00:36:57] INFO - Richiesta: POST /api/auth/refresh - Risposta: 200 - IP: [0:0:0:0:0:0:0:1]
[2025-03-10 00:43:36] INFO - Richiesta: GET /spegni - Risposta: 200 - IP: [0:0:0:0:0:0:0:1]
[2025-03-10 00:44:13] INFO - Richiesta: POST /api/auth/refresh - Risposta: 200 - IP: [0:0:0:0:0:0:0:1]
[2025-03-10 00:47:11] INFO - Richiesta: POST /api/auth/login - Risposta: 401 - IP: [0:0:0:0:0:0:0:1]
[2025-03-10 00:47:18] INFO - Richiesta: POST /api/auth/login - Risposta: 401 - IP: [0:0:0:0:0:0:0:1]
[2025-03-10 00:47:34] INFO - Richiesta: POST /api/auth/login - Risposta: 401 - IP: [0:0:0:0:0:0:0:1]
[2025-03-10 00:47:43] INFO - Richiesta: POST /api/auth/login - Risposta: 401 - IP: [0:0:0:0:0:0:0:1]
[2025-03-10 00:47:56] INFO - Richiesta: POST /api/auth/login - Risposta: 200 - IP: [0:0:0:0:0:0:0:1]
[2025-03-10 00:49:01] INFO - Richiesta: POST /api/auth/login - Risposta: 401 - IP: [0:0:0:0:0:0:0:1]
[2025-03-10 00:49:06] INFO - Richiesta: POST /api/auth/login - Risposta: 200 - IP: [0:0:0:0:0:0:0:1]
[2025-03-10 00:50:05] INFO - Richiesta: POST /api/auth/login - Risposta: 200 - IP: [0:0:0:0:0:0:0:1]
[2025-03-10 00:50:42] INFO - Richiesta: POST /api/auth/login - Risposta: 200 - IP: [0:0:0:0:0:0:0:1]
[2025-03-10 00:50:43] INFO - Richiesta: GET /api/istituti - Risposta: 200 - IP: [0:0:0:0:0:0:0:1]
[2025-03-10 00:51:28] INFO - Richiesta: POST /api/auth/login - Risposta: 401 - IP: [0:0:0:0:0:0:0:1]
[2025-03-10 00:52:41] INFO - Richiesta: POST /api/auth/register - Risposta: 400 - IP: [0:0:0:0:0:0:0:1]
[2025-03-10 00:52:55] INFO - Richiesta: POST /api/auth/login - Risposta: 200 - IP: [0:0:0:0:0:0:0:1]
[2025-03-10 00:52:56] INFO - Richiesta: GET /api/istituti - Risposta: 200 - IP: [0:0:0:0:0:0:0:1]
[2025-03-10 00:52:56] INFO - Richiesta: GET /api/macchine - Risposta: 200 - IP: [0:0:0:0:0:0:0:1]
[2025-03-10 00:52:59] INFO - Richiesta: POST /api/auth/refresh - Risposta: 200 - IP: [0:0:0:0:0:0:0:1]
[2025-03-10 00:53:02] INFO - Richiesta: GET /api/manutenzione/tecnico/null - Risposta: 200 - IP: [0:0:0:0:0:0:0:1]
[2025-03-10 00:53:02] INFO - Richiesta: GET /api/manutenzione/tecnico/null - Risposta: 200 - IP: [0:0:0:0:0:0:0:1]
[2025-03-10 00:53:02] INFO - Richiesta: GET /api/manutenzione/tecnico/null - Risposta: 200 - IP: [0:0:0:0:0:0:0:1]
[2025-03-10 00:53:02] INFO - Richiesta: GET /api/macchine - Risposta: 200 - IP: [0:0:0:0:0:0:0:1]
[2025-03-10 00:53:32] INFO - Richiesta: GET /api/manutenzione/tecnico/null - Risposta: 200 - IP: [0:0:0:0:0:0:0:1]
[2025-03-10 00:54:02] INFO - Richiesta: GET /api/manutenzione/tecnico/null - Risposta: 200 - IP: [0:0:0:0:0:0:0:1]
[2025-03-10 00:54:07] INFO - Richiesta: GET /api/manutenzione/tecnico/null - Risposta: 200 - IP: [0:0:0:0:0:0:0:1]
[2025-03-10 00:54:07] INFO - Richiesta: GET /api/macchine - Risposta: 200 - IP: [0:0:0:0:0:0:0:1]
[2025-03-10 00:54:07] INFO - Richiesta: GET /api/manutenzione/tecnico/null - Risposta: 200 - IP: [0:0:0:0:0:0:0:1]
[2025-03-10 00:54:07] INFO - Richiesta: GET /api/manutenzione/tecnico/null - Risposta: 200 - IP: [0:0:0:0:0:0:0:1]
[2025-03-10 00:54:37] INFO - Richiesta: GET /api/manutenzione/tecnico/null - Risposta: 200 - IP: [0:0:0:0:0:0:0:1]
[2025-03-10 00:54:58] INFO - Richiesta: GET /api/manutenzione/tecnico/18 - Risposta: 200 - IP: [0:0:0:0:0:0:0:1]
[2025-03-10 00:54:58] INFO - Richiesta: GET /api/manutenzione/tecnico/18 - Risposta: 200 - IP: [0:0:0:0:0:0:0:1]
[2025-03-10 00:54:59] INFO - Richiesta: GET /api/manutenzione/tecnico/18 - Risposta: 200 - IP: [0:0:0:0:0:0:0:1]
[2025-03-10 00:54:59] INFO - Richiesta: GET /api/macchine - Risposta: 200 - IP: [0:0:0:0:0:0:0:1]
[2025-03-10 00:55:28] INFO - Richiesta: GET /api/manutenzione/tecnico/18 - Risposta: 200 - IP: [0:0:0:0:0:0:0:1]
[2025-03-10 00:55:58] INFO - Richiesta: GET /api/manutenzione/tecnico/18 - Risposta: 200 - IP: [0:0:0:0:0:0:0:1]
[2025-03-10 00:56:28] INFO - Richiesta: GET /api/manutenzione/tecnico/18 - Risposta: 200 - IP: [0:0:0:0:0:0:0:1]
[2025-03-10 00:56:58] INFO - Richiesta: GET /api/manutenzione/tecnico/18 - Risposta: 200 - IP: [0:0:0:0:0:0:0:1]
[2025-03-10 00:57:28] INFO - Richiesta: GET /api/manutenzione/tecnico/18 - Risposta: 200 - IP: [0:0:0:0:0:0:0:1]
[2025-03-10 00:57:34] INFO - Richiesta: POST /api/auth/refresh - Risposta: 200 - IP: [0:0:0:0:0:0:0:1]
[2025-03-10 00:57:35] INFO - Richiesta: GET /spegni - Risposta: 200 - IP: [0:0:0:0:0:0:0:1]
[2025-03-10 00:58:13] INFO - Richiesta: POST /api/auth/refresh - Risposta: 200 - IP: [0:0:0:0:0:0:0:1]
[2025-03-10 00:58:16] INFO - Richiesta: GET /api/manutenzione/tecnico/18 - Risposta: 500 - IP: [0:0:0:0:0:0:0:1]
[2025-03-10 00:58:16] INFO - Richiesta: GET /api/manutenzione/tecnico/18 - Risposta: 500 - IP: [0:0:0:0:0:0:0:1]
[2025-03-10 00:58:16] INFO - Richiesta: GET /api/manutenzione/tecnico/18 - Risposta: 500 - IP: [0:0:0:0:0:0:0:1]
[2025-03-10 00:58:16] INFO - Richiesta: GET /api/macchine - Risposta: 200 - IP: [0:0:0:0:0:0:0:1]
[2025-03-10 00:58:25] INFO - Richiesta: GET /api/manutenzione/tecnico/18 - Risposta: 500 - IP: [0:0:0:0:0:0:0:1]
[2025-03-10 00:58:25] INFO - Richiesta: GET /api/manutenzione/tecnico/18 - Risposta: 500 - IP: [0:0:0:0:0:0:0:1]
[2025-03-10 00:58:25] INFO - Richiesta: GET /api/manutenzione/tecnico/18 - Risposta: 500 - IP: [0:0:0:0:0:0:0:1]
[2025-03-10 00:58:25] INFO - Richiesta: GET /api/macchine - Risposta: 200 - IP: [0:0:0:0:0:0:0:1]
[2025-03-10 00:58:43] INFO - Richiesta: GET /api/manutenzione/tecnico/18 - Risposta: 500 - IP: [0:0:0:0:0:0:0:1]
[2025-03-10 00:58:56] INFO - Richiesta: GET /api/manutenzione/tecnico/18 - Risposta: 500 - IP: [0:0:0:0:0:0:0:1]
[2025-03-10 00:59:26] INFO - Richiesta: GET /api/manutenzione/tecnico/18 - Risposta: 500 - IP: [0:0:0:0:0:0:0:1]
[2025-03-10 00:59:56] INFO - Richiesta: GET /api/manutenzione/tecnico/18 - Risposta: 500 - IP: [0:0:0:0:0:0:0:1]
[2025-03-10 01:00:26] INFO - Richiesta: GET /api/manutenzione/tecnico/18 - Risposta: 500 - IP: [0:0:0:0:0:0:0:1]
[2025-03-10 01:01:55] INFO - Richiesta: GET /api/manutenzione/tecnico/18 - Risposta: 500 - IP: [0:0:0:0:0:0:0:1]
[2025-03-10 01:02:37] INFO - Richiesta: GET /api/manutenzione/tecnico/18 - Risposta: 500 - IP: [0:0:0:0:0:0:0:1]
[2025-03-10 01:02:40] INFO - Richiesta: GET /api/manutenzione/tecnico/18 - Risposta: 500 - IP: [0:0:0:0:0:0:0:1]
[2025-03-10 01:02:40] INFO - Richiesta: GET /api/manutenzione/tecnico/18 - Risposta: 500 - IP: [0:0:0:0:0:0:0:1]
[2025-03-10 01:02:40] INFO - Richiesta: GET /api/macchine - Risposta: 200 - IP: [0:0:0:0:0:0:0:1]
[2025-03-10 01:02:40] INFO - Richiesta: GET /api/manutenzione/tecnico/18 - Risposta: 500 - IP: [0:0:0:0:0:0:0:1]
[2025-03-10 01:02:44] INFO - Richiesta: POST /api/auth/refresh - Risposta: 200 - IP: [0:0:0:0:0:0:0:1]
[2025-03-10 01:02:45] INFO - Richiesta: GET /spegni - Risposta: 200 - IP: [0:0:0:0:0:0:0:1]
[2025-03-10 01:03:17] INFO - Richiesta: POST /api/auth/refresh - Risposta: 200 - IP: [0:0:0:0:0:0:0:1]
[2025-03-10 01:03:20] INFO - Richiesta: GET /api/manutenzione/tecnico/18 - Risposta: 200 - IP: [0:0:0:0:0:0:0:1]
[2025-03-10 01:03:20] INFO - Richiesta: GET /api/manutenzione/tecnico/18 - Risposta: 200 - IP: [0:0:0:0:0:0:0:1]
[2025-03-10 01:03:20] INFO - Richiesta: GET /api/manutenzione/tecnico/18 - Risposta: 200 - IP: [0:0:0:0:0:0:0:1]
[2025-03-10 01:03:20] INFO - Richiesta: GET /api/macchine - Risposta: 200 - IP: [0:0:0:0:0:0:0:1]
[2025-03-10 01:03:23] INFO - Richiesta: GET /api/macchine - Risposta: 200 - IP: [0:0:0:0:0:0:0:1]
[2025-03-10 01:03:27] INFO - Richiesta: GET /api/macchine/1 - Risposta: 200 - IP: [0:0:0:0:0:0:0:1]
[2025-03-10 01:03:27] INFO - Richiesta: GET /api/manutenzione - Risposta: 200 - IP: [0:0:0:0:0:0:0:1]
[2025-03-10 01:03:41] INFO - Richiesta: GET /api/macchine/2 - Risposta: 200 - IP: [0:0:0:0:0:0:0:1]
[2025-03-10 01:03:41] INFO - Richiesta: GET /api/manutenzione - Risposta: 200 - IP: [0:0:0:0:0:0:0:1]
[2025-03-10 01:03:44] INFO - Richiesta: GET /api/macchine/3 - Risposta: 200 - IP: [0:0:0:0:0:0:0:1]
[2025-03-10 01:03:44] INFO - Richiesta: GET /api/manutenzione - Risposta: 200 - IP: [0:0:0:0:0:0:0:1]
[2025-03-10 01:03:49] INFO - Richiesta: GET /api/macchine/5 - Risposta: 200 - IP: [0:0:0:0:0:0:0:1]
[2025-03-10 01:03:49] INFO - Richiesta: GET /api/manutenzione - Risposta: 200 - IP: [0:0:0:0:0:0:0:1]
[2025-03-10 01:03:50] INFO - Richiesta: GET /api/manutenzione/tecnico/18 - Risposta: 200 - IP: [0:0:0:0:0:0:0:1]
[2025-03-10 01:04:01] INFO - Richiesta: GET /api/manutenzione/tecnico/18 - Risposta: 200 - IP: [0:0:0:0:0:0:0:1]
[2025-03-10 01:04:20] INFO - Richiesta: GET /api/manutenzione/tecnico/18 - Risposta: 200 - IP: [0:0:0:0:0:0:0:1]
[2025-03-10 01:04:50] INFO - Richiesta: GET /api/manutenzione/tecnico/18 - Risposta: 200 - IP: [0:0:0:0:0:0:0:1]
[2025-03-10 01:05:20] INFO - Richiesta: GET /api/manutenzione/tecnico/18 - Risposta: 200 - IP: [0:0:0:0:0:0:0:1]
[2025-03-10 01:05:50] INFO - Richiesta: GET /api/manutenzione/tecnico/18 - Risposta: 200 - IP: [0:0:0:0:0:0:0:1]
[2025-03-10 01:06:55] INFO - Richiesta: GET /api/manutenzione/tecnico/18 - Risposta: 200 - IP: [0:0:0:0:0:0:0:1]
[2025-03-10 01:07:20] INFO - Richiesta: GET /api/manutenzione/tecnico/18 - Risposta: 200 - IP: [0:0:0:0:0:0:0:1]
[2025-03-10 01:07:21] INFO - Richiesta: GET /api/manutenzione/tecnico/18 - Risposta: 200 - IP: [0:0:0:0:0:0:0:1]
[2025-03-10 01:07:21] INFO - Richiesta: GET /api/manutenzione/tecnico/18 - Risposta: 200 - IP: [0:0:0:0:0:0:0:1]
[2025-03-10 01:07:21] INFO - Richiesta: GET /api/macchine - Risposta: 200 - IP: [0:0:0:0:0:0:0:1]
[2025-03-10 01:07:21] INFO - Richiesta: GET /api/manutenzione/tecnico/18 - Risposta: 200 - IP: [0:0:0:0:0:0:0:1]
[2025-03-10 01:07:23] INFO - Richiesta: GET /api/manutenzione/tecnico/18 - Risposta: 200 - IP: [0:0:0:0:0:0:0:1]
[2025-03-10 01:07:31] INFO - Richiesta: GET /api/manutenzione/tecnico/18 - Risposta: 200 - IP: [0:0:0:0:0:0:0:1]
[2025-03-10 01:07:34] INFO - Richiesta: GET /api/manutenzione/tecnico/18 - Risposta: 200 - IP: [0:0:0:0:0:0:0:1]
[2025-03-10 01:07:45] INFO - Richiesta: GET /api/manutenzione/tecnico/18 - Risposta: 200 - IP: [0:0:0:0:0:0:0:1]
[2025-03-10 01:07:51] INFO - Richiesta: GET /api/manutenzione/tecnico/18 - Risposta: 200 - IP: [0:0:0:0:0:0:0:1]
[2025-03-10 01:07:54] INFO - Richiesta: GET /api/macchine - Risposta: 200 - IP: [0:0:0:0:0:0:0:1]
[2025-03-10 01:07:57] INFO - Richiesta: GET /api/manutenzione/tecnico/18 - Risposta: 200 - IP: [0:0:0:0:0:0:0:1]
[2025-03-10 01:08:14] INFO - Richiesta: POST /api/auth/refresh - Risposta: 200 - IP: [0:0:0:0:0:0:0:1]
[2025-03-10 01:08:58] INFO - Richiesta: POST /api/auth/refresh - Risposta: 200 - IP: [0:0:0:0:0:0:0:1]
[2025-03-10 01:09:00] INFO - Richiesta: GET /api/manutenzione/tecnico/18 - Risposta: 200 - IP: [0:0:0:0:0:0:0:1]
[2025-03-10 01:09:01] INFO - Richiesta: GET /api/macchine - Risposta: 200 - IP: [0:0:0:0:0:0:0:1]
[2025-03-10 01:09:01] INFO - Richiesta: GET /api/manutenzione/tecnico/18 - Risposta: 200 - IP: [0:0:0:0:0:0:0:1]
[2025-03-10 01:09:01] INFO - Richiesta: GET /api/manutenzione/tecnico/18 - Risposta: 200 - IP: [0:0:0:0:0:0:0:1]
[2025-03-10 01:09:09] INFO - Richiesta: GET /api/macchine/4 - Risposta: 200 - IP: [0:0:0:0:0:0:0:1]
[2025-03-10 01:09:09] INFO - Richiesta: GET /api/manutenzione - Risposta: 200 - IP: [0:0:0:0:0:0:0:1]
[2025-03-10 01:09:09] INFO - Richiesta: GET /api/macchine - Risposta: 200 - IP: [0:0:0:0:0:0:0:1]
[2025-03-10 01:09:11] INFO - Richiesta: GET /api/manutenzione/tecnico/18 - Risposta: 200 - IP: [0:0:0:0:0:0:0:1]
[2025-03-10 01:09:30] INFO - Richiesta: GET /api/manutenzione/tecnico/18 - Risposta: 200 - IP: [0:0:0:0:0:0:0:1]
[2025-03-10 01:09:41] INFO - Richiesta: GET /api/manutenzione/tecnico/18 - Risposta: 200 - IP: [0:0:0:0:0:0:0:1]
[2025-03-10 01:09:42] INFO - Richiesta: GET /api/manutenzione/tecnico/18 - Risposta: 200 - IP: [0:0:0:0:0:0:0:1]
[2025-03-10 01:09:44] INFO - Richiesta: GET /api/manutenzione/tecnico/18 - Risposta: 200 - IP: [0:0:0:0:0:0:0:1]
[2025-03-10 01:09:46] INFO - Richiesta: GET /api/manutenzione/tecnico/18 - Risposta: 200 - IP: [0:0:0:0:0:0:0:1]
[2025-03-10 01:10:00] INFO - Richiesta: GET /api/manutenzione/tecnico/18 - Risposta: 200 - IP: [0:0:0:0:0:0:0:1]
[2025-03-10 01:10:30] INFO - Richiesta: GET /api/manutenzione/tecnico/18 - Risposta: 200 - IP: [0:0:0:0:0:0:0:1]
[2025-03-10 01:10:31] INFO - Richiesta: GET /api/macchine - Risposta: 200 - IP: [0:0:0:0:0:0:0:1]
[2025-03-10 01:10:40] INFO - Richiesta: GET /api/macchine/4 - Risposta: 200 - IP: [0:0:0:0:0:0:0:1]
[2025-03-10 01:10:40] INFO - Richiesta: GET /api/manutenzione/macchina/4/cialde-necessarie - Risposta: 200 - IP: [0:0:0:0:0:0:0:1]
[2025-03-10 01:11:00] INFO - Richiesta: GET /api/manutenzione/tecnico/18 - Risposta: 200 - IP: [0:0:0:0:0:0:0:1]
[2025-03-10 01:11:31] INFO - Richiesta: GET /api/manutenzione/tecnico/18 - Risposta: 200 - IP: [0:0:0:0:0:0:0:1]
[2025-03-10 01:12:01] INFO - Richiesta: GET /api/manutenzione/tecnico/18 - Risposta: 200 - IP: [0:0:0:0:0:0:0:1]
[2025-03-10 01:12:55] INFO - Richiesta: GET /api/manutenzione/tecnico/18 - Risposta: 200 - IP: [0:0:0:0:0:0:0:1]
[2025-03-10 01:13:55] INFO - Richiesta: GET /api/manutenzione/tecnico/18 - Risposta: 200 - IP: [0:0:0:0:0:0:0:1]
[2025-03-10 01:14:41] INFO - Richiesta: GET /api/manutenzione/tecnico/18 - Risposta: 200 - IP: [0:0:0:0:0:0:0:1]
[2025-03-10 01:15:01] INFO - Richiesta: GET /api/manutenzione/tecnico/18 - Risposta: 200 - IP: [0:0:0:0:0:0:0:1]
[2025-03-10 01:15:31] INFO - Richiesta: GET /api/manutenzione/tecnico/18 - Risposta: 200 - IP: [0:0:0:0:0:0:0:1]
[2025-03-10 01:16:55] INFO - Richiesta: GET /api/manutenzione/tecnico/18 - Risposta: 200 - IP: [0:0:0:0:0:0:0:1]
[2025-03-10 01:17:55] INFO - Richiesta: GET /api/manutenzione/tecnico/18 - Risposta: 200 - IP: [0:0:0:0:0:0:0:1]
[2025-03-10 01:18:55] INFO - Richiesta: GET /api/manutenzione/tecnico/18 - Risposta: 200 - IP: [0:0:0:0:0:0:0:1]
[2025-03-10 01:19:55] INFO - Richiesta: GET /api/manutenzione/tecnico/18 - Risposta: 200 - IP: [0:0:0:0:0:0:0:1]
[2025-03-10 01:20:55] INFO - Richiesta: GET /api/manutenzione/tecnico/18 - Risposta: 200 - IP: [0:0:0:0:0:0:0:1]
[2025-03-10 01:21:04] INFO - Richiesta: GET /api/manutenzione/tecnico/18 - Risposta: 200 - IP: [0:0:0:0:0:0:0:1]
[2025-03-10 01:21:07] INFO - Richiesta: GET /api/manutenzione/tecnico/18 - Risposta: 200 - IP: [0:0:0:0:0:0:0:1]
[2025-03-10 01:21:07] INFO - Richiesta: GET /api/macchine - Risposta: 200 - IP: [0:0:0:0:0:0:0:1]
[2025-03-10 01:21:07] INFO - Richiesta: GET /api/manutenzione/tecnico/18 - Risposta: 200 - IP: [0:0:0:0:0:0:0:1]
[2025-03-10 01:21:07] INFO - Richiesta: GET /api/manutenzione/tecnico/18 - Risposta: 200 - IP: [0:0:0:0:0:0:0:1]
[2025-03-10 01:21:37] INFO - Richiesta: GET /api/manutenzione/tecnico/18 - Risposta: 200 - IP: [0:0:0:0:0:0:0:1]
[2025-03-10 01:22:07] INFO - Richiesta: GET /api/manutenzione/tecnico/18 - Risposta: 200 - IP: [0:0:0:0:0:0:0:1]
[2025-03-10 01:22:37] INFO - Richiesta: GET /api/manutenzione/tecnico/18 - Risposta: 200 - IP: [0:0:0:0:0:0:0:1]
[2025-03-10 01:23:07] INFO - Richiesta: GET /api/manutenzione/tecnico/18 - Risposta: 200 - IP: [0:0:0:0:0:0:0:1]
[2025-03-10 01:23:41] INFO - Richiesta: GET /api/manutenzione/tecnico/18 - Risposta: 200 - IP: [0:0:0:0:0:0:0:1]
[2025-03-10 01:24:49] INFO - Richiesta: GET /api/macchine - Risposta: 200 - IP: [0:0:0:0:0:0:0:1]
[2025-03-10 01:24:50] INFO - Richiesta: GET /api/manutenzione/tecnico/18 - Risposta: 200 - IP: [0:0:0:0:0:0:0:1]
[2025-03-10 01:24:50] INFO - Richiesta: GET /api/manutenzione/tecnico/18 - Risposta: 200 - IP: [0:0:0:0:0:0:0:1]
[2025-03-10 01:24:50] INFO - Richiesta: GET /api/manutenzione/tecnico/18 - Risposta: 200 - IP: [0:0:0:0:0:0:0:1]
[2025-03-10 01:24:50] INFO - Richiesta: GET /api/macchine - Risposta: 200 - IP: [0:0:0:0:0:0:0:1]
[2025-03-10 01:25:21] INFO - Richiesta: GET /api/manutenzione/tecnico/18 - Risposta: 200 - IP: [0:0:0:0:0:0:0:1]
[2025-03-10 01:25:21] INFO - Richiesta: GET /api/macchine - Risposta: 200 - IP: [0:0:0:0:0:0:0:1]
[2025-03-10 01:25:21] INFO - Richiesta: GET /api/manutenzione/tecnico/18 - Risposta: 200 - IP: [0:0:0:0:0:0:0:1]
[2025-03-10 01:25:21] INFO - Richiesta: GET /api/macchine - Risposta: 200 - IP: [0:0:0:0:0:0:0:1]
[2025-03-10 01:25:21] INFO - Richiesta: GET /api/manutenzione/tecnico/18 - Risposta: 200 - IP: [0:0:0:0:0:0:0:1]
[2025-03-10 01:25:26] INFO - Richiesta: GET /api/macchine - Risposta: 200 - IP: [0:0:0:0:0:0:0:1]
[2025-03-10 01:25:51] INFO - Richiesta: GET /api/manutenzione/tecnico/18 - Risposta: 200 - IP: [0:0:0:0:0:0:0:1]
[2025-03-10 01:26:21] INFO - Richiesta: GET /api/manutenzione/tecnico/18 - Risposta: 200 - IP: [0:0:0:0:0:0:0:1]
[2025-03-10 01:26:54] INFO - Richiesta: GET /api/manutenzione/tecnico/18 - Risposta: 200 - IP: [0:0:0:0:0:0:0:1]
[2025-03-10 01:26:59] INFO - Richiesta: GET /api/manutenzione/tecnico/18 - Risposta: 200 - IP: [0:0:0:0:0:0:0:1]
[2025-03-10 01:27:00] INFO - Richiesta: GET /api/macchine - Risposta: 200 - IP: [0:0:0:0:0:0:0:1]
[2025-03-10 01:27:00] INFO - Richiesta: GET /api/manutenzione/tecnico/18 - Risposta: 200 - IP: [0:0:0:0:0:0:0:1]
[2025-03-10 01:27:00] INFO - Richiesta: GET /api/manutenzione/tecnico/18 - Risposta: 200 - IP: [0:0:0:0:0:0:0:1]
[2025-03-10 01:27:03] INFO - Richiesta: GET /api/manutenzione/tecnico/18 - Risposta: 200 - IP: [0:0:0:0:0:0:0:1]
[2025-03-10 01:27:30] INFO - Richiesta: GET /api/manutenzione/tecnico/18 - Risposta: 200 - IP: [0:0:0:0:0:0:0:1]
[2025-03-10 01:28:00] INFO - Richiesta: GET /api/manutenzione/tecnico/18 - Risposta: 200 - IP: [0:0:0:0:0:0:0:1]
[2025-03-10 01:28:30] INFO - Richiesta: GET /api/manutenzione/tecnico/18 - Risposta: 200 - IP: [0:0:0:0:0:0:0:1]
[2025-03-10 01:28:48] INFO - Richiesta: GET /api/macchine - Risposta: 200 - IP: [0:0:0:0:0:0:0:1]
[2025-03-10 01:28:48] INFO - Richiesta: GET /api/manutenzione/tecnico/18 - Risposta: 200 - IP: [0:0:0:0:0:0:0:1]
[2025-03-10 01:28:48] INFO - Richiesta: GET /api/manutenzione/tecnico/18 - Risposta: 200 - IP: [0:0:0:0:0:0:0:1]
[2025-03-10 01:28:48] INFO - Richiesta: GET /api/macchine - Risposta: 200 - IP: [0:0:0:0:0:0:0:1]
[2025-03-10 01:28:48] INFO - Richiesta: GET /api/manutenzione/tecnico/18 - Risposta: 200 - IP: [0:0:0:0:0:0:0:1]
[2025-03-10 01:28:48] INFO - Richiesta: GET /favicon.ico - Risposta: 200 - IP: [0:0:0:0:0:0:0:1]
[2025-03-10 01:29:08] INFO - Richiesta: GET /api/manutenzione/tecnico/18 - Risposta: 200 - IP: [0:0:0:0:0:0:0:1]
[2025-03-10 01:29:08] INFO - Richiesta: GET /api/macchine - Risposta: 200 - IP: [0:0:0:0:0:0:0:1]
[2025-03-10 01:29:08] INFO - Richiesta: GET /api/manutenzione/tecnico/18 - Risposta: 200 - IP: [0:0:0:0:0:0:0:1]
[2025-03-10 01:29:08] INFO - Richiesta: GET /api/macchine - Risposta: 200 - IP: [0:0:0:0:0:0:0:1]
[2025-03-10 01:29:08] INFO - Richiesta: GET /api/manutenzione/tecnico/18 - Risposta: 200 - IP: [0:0:0:0:0:0:0:1]
[2025-03-10 01:29:16] INFO - Richiesta: GET /api/macchine - Risposta: 200 - IP: [0:0:0:0:0:0:0:1]
[2025-03-10 01:29:38] INFO - Richiesta: GET /distributore.html - Risposta: 200 - IP: [0:0:0:0:0:0:0:1]
[2025-03-10 01:29:39] INFO - Richiesta: GET /api/manutenzione/tecnico/18 - Risposta: 200 - IP: [0:0:0:0:0:0:0:1]
[2025-03-10 01:29:47] INFO - Richiesta: GET /api/macchine - Risposta: 200 - IP: [0:0:0:0:0:0:0:1]
[2025-03-10 01:29:47] INFO - Richiesta: GET /api/manutenzione/tecnico/18 - Risposta: 200 - IP: [0:0:0:0:0:0:0:1]
[2025-03-10 01:29:47] INFO - Richiesta: GET /api/manutenzione/tecnico/18 - Risposta: 200 - IP: [0:0:0:0:0:0:0:1]
[2025-03-10 01:29:47] INFO - Richiesta: GET /api/macchine - Risposta: 200 - IP: [0:0:0:0:0:0:0:1]
[2025-03-10 01:29:48] INFO - Richiesta: GET /api/manutenzione/tecnico/18 - Risposta: 200 - IP: [0:0:0:0:0:0:0:1]
[2025-03-10 01:29:53] INFO - Richiesta: GET /api/macchine - Risposta: 200 - IP: [0:0:0:0:0:0:0:1]
[2025-03-10 01:29:58] INFO - Richiesta: GET /api/macchine - Risposta: 200 - IP: [0:0:0:0:0:0:0:1]
[2025-03-10 01:30:17] INFO - Richiesta: GET /api/manutenzione/tecnico/18 - Risposta: 200 - IP: [0:0:0:0:0:0:0:1]
[2025-03-10 01:30:47] INFO - Richiesta: GET /api/manutenzione/tecnico/18 - Risposta: 200 - IP: [0:0:0:0:0:0:0:1]
[2025-03-10 01:31:17] INFO - Richiesta: GET /api/manutenzione/tecnico/18 - Risposta: 200 - IP: [0:0:0:0:0:0:0:1]
[2025-03-10 01:31:19] INFO - Richiesta: GET /api/macchine - Risposta: 200 - IP: [0:0:0:0:0:0:0:1]
[2025-03-10 01:31:22] INFO - Richiesta: GET /api/macchine/4 - Risposta: 200 - IP: [0:0:0:0:0:0:0:1]
[2025-03-10 01:31:22] INFO - Richiesta: GET /api/macchine/4 - Risposta: 200 - IP: [0:0:0:0:0:0:0:1]
[2025-03-10 01:31:22] INFO - Richiesta: GET /api/manutenzione - Risposta: 200 - IP: [0:0:0:0:0:0:0:1]
[2025-03-10 01:31:22] INFO - Richiesta: GET /api/manutenzione - Risposta: 200 - IP: [0:0:0:0:0:0:0:1]
[2025-03-10 01:31:47] INFO - Richiesta: GET /api/manutenzione/tecnico/18 - Risposta: 200 - IP: [0:0:0:0:0:0:0:1]
[2025-03-10 01:32:17] INFO - Richiesta: GET /api/manutenzione/tecnico/18 - Risposta: 200 - IP: [0:0:0:0:0:0:0:1]
[2025-03-10 01:32:48] INFO - Richiesta: GET /api/manutenzione/tecnico/18 - Risposta: 200 - IP: [0:0:0:0:0:0:0:1]
[2025-03-10 01:32:50] INFO - Richiesta: GET /api/manutenzione/tecnico/18 - Risposta: 200 - IP: [0:0:0:0:0:0:0:1]
[2025-03-10 01:32:50] INFO - Richiesta: GET /api/macchine - Risposta: 200 - IP: [0:0:0:0:0:0:0:1]
[2025-03-10 01:32:50] INFO - Richiesta: GET /api/manutenzione/tecnico/18 - Risposta: 200 - IP: [0:0:0:0:0:0:0:1]
[2025-03-10 01:32:50] INFO - Richiesta: GET /api/manutenzione/tecnico/18 - Risposta: 200 - IP: [0:0:0:0:0:0:0:1]
[2025-03-10 01:32:50] INFO - Richiesta: GET /api/macchine - Risposta: 200 - IP: [0:0:0:0:0:0:0:1]
[2025-03-10 01:32:50] INFO - Richiesta: GET /api/macchine - Risposta: 200 - IP: [0:0:0:0:0:0:0:1]
[2025-03-10 01:33:05] INFO - Richiesta: GET /api/manutenzione/tecnico/18 - Risposta: 200 - IP: [0:0:0:0:0:0:0:1]
[2025-03-10 01:33:05] INFO - Richiesta: GET /api/macchine - Risposta: 200 - IP: [0:0:0:0:0:0:0:1]
[2025-03-10 01:33:05] INFO - Richiesta: GET /api/manutenzione/tecnico/18 - Risposta: 200 - IP: [0:0:0:0:0:0:0:1]
[2025-03-10 01:33:05] INFO - Richiesta: GET /api/macchine - Risposta: 200 - IP: [0:0:0:0:0:0:0:1]
[2025-03-10 01:33:05] INFO - Richiesta: GET /api/manutenzione/tecnico/18 - Risposta: 200 - IP: [0:0:0:0:0:0:0:1]
[2025-03-10 01:33:07] INFO - Richiesta: GET /api/macchine - Risposta: 200 - IP: [0:0:0:0:0:0:0:1]
[2025-03-10 01:33:35] INFO - Richiesta: GET /api/manutenzione/tecnico/18 - Risposta: 200 - IP: [0:0:0:0:0:0:0:1]
[2025-03-10 01:33:40] INFO - Richiesta: GET /api/manutenzione/tecnico/18 - Risposta: 200 - IP: [0:0:0:0:0:0:0:1]
[2025-03-10 01:33:40] INFO - Richiesta: GET /api/manutenzione/tecnico/18 - Risposta: 200 - IP: [0:0:0:0:0:0:0:1]
[2025-03-10 01:33:40] INFO - Richiesta: GET /api/macchine - Risposta: 200 - IP: [0:0:0:0:0:0:0:1]
[2025-03-10 01:33:40] INFO - Richiesta: GET /api/manutenzione/tecnico/18 - Risposta: 200 - IP: [0:0:0:0:0:0:0:1]
[2025-03-10 01:33:41] INFO - Richiesta: GET /api/macchine - Risposta: 200 - IP: [0:0:0:0:0:0:0:1]
[2025-03-10 01:33:42] INFO - Richiesta: GET /api/macchine - Risposta: 200 - IP: [0:0:0:0:0:0:0:1]
[2025-03-10 01:33:51] INFO - Richiesta: GET /api/manutenzione/tecnico/18 - Risposta: 200 - IP: [0:0:0:0:0:0:0:1]
[2025-03-10 01:33:51] INFO - Richiesta: GET /api/macchine - Risposta: 200 - IP: [0:0:0:0:0:0:0:1]
[2025-03-10 01:33:51] INFO - Richiesta: GET /api/manutenzione/tecnico/18 - Risposta: 200 - IP: [0:0:0:0:0:0:0:1]
[2025-03-10 01:33:51] INFO - Richiesta: GET /api/macchine - Risposta: 200 - IP: [0:0:0:0:0:0:0:1]
[2025-03-10 01:33:51] INFO - Richiesta: GET /api/manutenzione/tecnico/18 - Risposta: 200 - IP: [0:0:0:0:0:0:0:1]
[2025-03-10 01:33:52] INFO - Richiesta: GET /api/macchine - Risposta: 200 - IP: [0:0:0:0:0:0:0:1]
[2025-03-10 01:34:21] INFO - Richiesta: GET /api/manutenzione/tecnico/18 - Risposta: 200 - IP: [0:0:0:0:0:0:0:1]
[2025-03-10 01:34:46] INFO - Richiesta: GET /api/macchine - Risposta: 200 - IP: [0:0:0:0:0:0:0:1]
[2025-03-10 01:34:46] INFO - Richiesta: GET /api/manutenzione/tecnico/18 - Risposta: 200 - IP: [0:0:0:0:0:0:0:1]
[2025-03-10 01:34:46] INFO - Richiesta: GET /api/manutenzione/tecnico/18 - Risposta: 200 - IP: [0:0:0:0:0:0:0:1]
[2025-03-10 01:34:46] INFO - Richiesta: GET /api/macchine - Risposta: 200 - IP: [0:0:0:0:0:0:0:1]
[2025-03-10 01:34:46] INFO - Richiesta: GET /api/manutenzione/tecnico/18 - Risposta: 200 - IP: [0:0:0:0:0:0:0:1]
[2025-03-10 01:34:47] INFO - Richiesta: GET /api/macchine - Risposta: 200 - IP: [0:0:0:0:0:0:0:1]
[2025-03-10 01:35:13] INFO - Richiesta: GET /api/manutenzione/tecnico/18 - Risposta: 200 - IP: [0:0:0:0:0:0:0:1]
[2025-03-10 01:35:16] INFO - Richiesta: GET /api/manutenzione/tecnico/18 - Risposta: 200 - IP: [0:0:0:0:0:0:0:1]
[2025-03-10 01:35:44] INFO - Richiesta: GET /api/manutenzione/tecnico/18 - Risposta: 200 - IP: [0:0:0:0:0:0:0:1]
[2025-03-10 01:35:44] INFO - Richiesta: GET /api/macchine - Risposta: 200 - IP: [0:0:0:0:0:0:0:1]
[2025-03-10 01:35:45] INFO - Richiesta: GET /api/manutenzione/tecnico/18 - Risposta: 200 - IP: [0:0:0:0:0:0:0:1]
[2025-03-10 01:35:45] INFO - Richiesta: GET /api/manutenzione/tecnico/18 - Risposta: 200 - IP: [0:0:0:0:0:0:0:1]
[2025-03-10 01:35:45] INFO - Richiesta: GET /api/macchine - Risposta: 200 - IP: [0:0:0:0:0:0:0:1]
[2025-03-10 01:35:46] INFO - Richiesta: GET /api/macchine - Risposta: 200 - IP: [0:0:0:0:0:0:0:1]
[2025-03-10 01:36:02] INFO - Richiesta: GET /api/macchine - Risposta: 200 - IP: [0:0:0:0:0:0:0:1]
[2025-03-10 01:36:02] INFO - Richiesta: GET /api/manutenzione/tecnico/18 - Risposta: 200 - IP: [0:0:0:0:0:0:0:1]
[2025-03-10 01:36:02] INFO - Richiesta: GET /api/macchine - Risposta: 200 - IP: [0:0:0:0:0:0:0:1]
[2025-03-10 01:36:02] INFO - Richiesta: GET /api/manutenzione/tecnico/18 - Risposta: 200 - IP: [0:0:0:0:0:0:0:1]
[2025-03-10 01:36:02] INFO - Richiesta: GET /api/manutenzione/tecnico/18 - Risposta: 200 - IP: [0:0:0:0:0:0:0:1]
[2025-03-10 01:36:04] INFO - Richiesta: GET /api/macchine - Risposta: 200 - IP: [0:0:0:0:0:0:0:1]
[2025-03-10 01:36:31] INFO - Richiesta: GET /api/manutenzione/tecnico/18 - Risposta: 200 - IP: [0:0:0:0:0:0:0:1]
[2025-03-10 01:37:02] INFO - Richiesta: GET /api/manutenzione/tecnico/18 - Risposta: 200 - IP: [0:0:0:0:0:0:0:1]
[2025-03-10 01:37:32] INFO - Richiesta: GET /api/manutenzione/tecnico/18 - Risposta: 200 - IP: [0:0:0:0:0:0:0:1]
[2025-03-10 01:38:01] INFO - Richiesta: GET /api/manutenzione/tecnico/18 - Risposta: 200 - IP: [0:0:0:0:0:0:0:1]
[2025-03-10 01:38:31] INFO - Richiesta: GET /api/manutenzione/tecnico/18 - Risposta: 200 - IP: [0:0:0:0:0:0:0:1]
[2025-03-10 01:39:01] INFO - Richiesta: GET /api/manutenzione/tecnico/18 - Risposta: 200 - IP: [0:0:0:0:0:0:0:1]
[2025-03-10 01:39:31] INFO - Richiesta: GET /api/manutenzione/tecnico/18 - Risposta: 200 - IP: [0:0:0:0:0:0:0:1]
[2025-03-10 01:40:02] INFO - Richiesta: GET /api/manutenzione/tecnico/18 - Risposta: 200 - IP: [0:0:0:0:0:0:0:1]
[2025-03-10 01:40:32] INFO - Richiesta: GET /api/manutenzione/tecnico/18 - Risposta: 200 - IP: [0:0:0:0:0:0:0:1]
[2025-03-10 01:41:01] INFO - Richiesta: GET /api/manutenzione/tecnico/18 - Risposta: 200 - IP: [0:0:0:0:0:0:0:1]
[2025-03-10 01:41:19] INFO - Richiesta: GET /api/macchine - Risposta: 200 - IP: [0:0:0:0:0:0:0:1]
[2025-03-10 01:41:19] INFO - Richiesta: GET /api/manutenzione/tecnico/18 - Risposta: 200 - IP: [0:0:0:0:0:0:0:1]
[2025-03-10 01:41:19] INFO - Richiesta: GET /api/macchine - Risposta: 200 - IP: [0:0:0:0:0:0:0:1]
[2025-03-10 01:41:19] INFO - Richiesta: GET /api/manutenzione/tecnico/18 - Risposta: 200 - IP: [0:0:0:0:0:0:0:1]
[2025-03-10 01:41:19] INFO - Richiesta: GET /api/manutenzione/tecnico/18 - Risposta: 200 - IP: [0:0:0:0:0:0:0:1]
[2025-03-10 01:41:24] INFO - Richiesta: GET /api/macchine - Risposta: 200 - IP: [0:0:0:0:0:0:0:1]
[2025-03-10 01:41:49] INFO - Richiesta: GET /api/manutenzione/tecnico/18 - Risposta: 200 - IP: [0:0:0:0:0:0:0:1]
[2025-03-10 01:41:52] INFO - Richiesta: GET /api/macchine/1 - Risposta: 200 - IP: [0:0:0:0:0:0:0:1]
[2025-03-10 01:42:19] INFO - Richiesta: GET /api/manutenzione/tecnico/18 - Risposta: 200 - IP: [0:0:0:0:0:0:0:1]
[2025-03-10 01:42:27] INFO - Richiesta: GET /api/macchine/6 - Risposta: 200 - IP: [0:0:0:0:0:0:0:1]
[2025-03-10 01:42:30] INFO - Richiesta: GET /api/macchine/1 - Risposta: 200 - IP: [0:0:0:0:0:0:0:1]
[2025-03-10 01:42:33] INFO - Richiesta: GET /api/macchine/10 - Risposta: 200 - IP: [0:0:0:0:0:0:0:1]
[2025-03-10 01:42:38] INFO - Richiesta: GET /api/macchine/5 - Risposta: 200 - IP: [0:0:0:0:0:0:0:1]
[2025-03-10 01:42:49] INFO - Richiesta: GET /api/manutenzione/tecnico/18 - Risposta: 200 - IP: [0:0:0:0:0:0:0:1]
[2025-03-10 01:43:07] INFO - Richiesta: GET /api/macchine - Risposta: 200 - IP: [0:0:0:0:0:0:0:1]
[2025-03-10 01:43:07] INFO - Richiesta: GET /api/manutenzione/tecnico/18 - Risposta: 200 - IP: [0:0:0:0:0:0:0:1]
[2025-03-10 01:43:07] INFO - Richiesta: GET /api/manutenzione/tecnico/18 - Risposta: 200 - IP: [0:0:0:0:0:0:0:1]
[2025-03-10 01:43:07] INFO - Richiesta: GET /api/macchine - Risposta: 200 - IP: [0:0:0:0:0:0:0:1]
[2025-03-10 01:43:07] INFO - Richiesta: GET /api/manutenzione/tecnico/18 - Risposta: 200 - IP: [0:0:0:0:0:0:0:1]
[2025-03-10 01:43:08] INFO - Richiesta: GET /api/macchine - Risposta: 200 - IP: [0:0:0:0:0:0:0:1]
[2025-03-10 01:43:37] INFO - Richiesta: GET /api/manutenzione/tecnico/18 - Risposta: 200 - IP: [0:0:0:0:0:0:0:1]
[2025-03-10 01:43:39] INFO - Richiesta: GET /api/manutenzione/tecnico/18 - Risposta: 200 - IP: [0:0:0:0:0:0:0:1]
[2025-03-10 01:44:07] INFO - Richiesta: GET /api/manutenzione/tecnico/18 - Risposta: 200 - IP: [0:0:0:0:0:0:0:1]
[2025-03-10 01:44:30] INFO - Richiesta: GET /api/manutenzione/tecnico/18 - Risposta: 200 - IP: [0:0:0:0:0:0:0:1]
[2025-03-10 01:44:30] INFO - Richiesta: GET /api/macchine - Risposta: 200 - IP: [0:0:0:0:0:0:0:1]
[2025-03-10 01:44:30] INFO - Richiesta: GET /api/manutenzione/tecnico/18 - Risposta: 200 - IP: [0:0:0:0:0:0:0:1]
[2025-03-10 01:44:30] INFO - Richiesta: GET /api/manutenzione/tecnico/18 - Risposta: 200 - IP: [0:0:0:0:0:0:0:1]
[2025-03-10 01:44:30] INFO - Richiesta: GET /api/macchine - Risposta: 200 - IP: [0:0:0:0:0:0:0:1]
[2025-03-10 01:45:00] INFO - Richiesta: GET /api/manutenzione/tecnico/18 - Risposta: 200 - IP: [0:0:0:0:0:0:0:1]
[2025-03-10 01:45:02] INFO - Richiesta: GET /api/macchine - Risposta: 200 - IP: [0:0:0:0:0:0:0:1]
[2025-03-10 01:45:06] INFO - Richiesta: GET /api/macchine/2 - Risposta: 200 - IP: [0:0:0:0:0:0:0:1]
[2025-03-10 01:45:06] INFO - Richiesta: GET /api/manutenzione - Risposta: 200 - IP: [0:0:0:0:0:0:0:1]
[2025-03-10 01:45:15] INFO - Richiesta: GET /api/manutenzione/tecnico/18 - Risposta: 200 - IP: [0:0:0:0:0:0:0:1]
[2025-03-10 01:45:17] INFO - Richiesta: GET /api/macchine/4 - Risposta: 200 - IP: [0:0:0:0:0:0:0:1]
[2025-03-10 01:45:17] INFO - Richiesta: GET /api/manutenzione - Risposta: 200 - IP: [0:0:0:0:0:0:0:1]
[2025-03-10 01:45:17] INFO - Richiesta: GET /api/macchine - Risposta: 200 - IP: [0:0:0:0:0:0:0:1]
[2025-03-10 01:45:20] INFO - Richiesta: GET /api/manutenzione/tecnico/18 - Risposta: 200 - IP: [0:0:0:0:0:0:0:1]
[2025-03-10 01:45:21] INFO - Richiesta: GET /api/macchine/4 - Risposta: 200 - IP: [0:0:0:0:0:0:0:1]
[2025-03-10 01:45:30] INFO - Richiesta: GET /api/manutenzione/tecnico/18 - Risposta: 200 - IP: [0:0:0:0:0:0:0:1]
[2025-03-10 01:45:42] INFO - Richiesta: PUT /api/manutenzione/4/completa - Risposta: 500 - IP: [0:0:0:0:0:0:0:1]
[2025-03-10 01:46:00] INFO - Richiesta: GET /api/manutenzione/tecnico/18 - Risposta: 200 - IP: [0:0:0:0:0:0:0:1]
[2025-03-10 01:46:01] INFO - Richiesta: PUT /api/manutenzione/4/completa - Risposta: 500 - IP: [0:0:0:0:0:0:0:1]
[2025-03-10 01:46:31] INFO - Richiesta: GET /api/istituti - Risposta: 401 - IP: [0:0:0:0:0:0:0:1]
[2025-03-10 01:46:31] INFO - Richiesta: GET /api/macchine - Risposta: 401 - IP: [0:0:0:0:0:0:0:1]
[2025-03-10 01:46:31] INFO - Richiesta: GET /api/macchine - Risposta: 401 - IP: [0:0:0:0:0:0:0:1]
[2025-03-10 01:47:15] INFO - Richiesta: POST /api/auth/login - Risposta: 200 - IP: [0:0:0:0:0:0:0:1]
[2025-03-10 01:47:16] INFO - Richiesta: GET /api/istituti - Risposta: 200 - IP: [0:0:0:0:0:0:0:1]
[2025-03-10 01:47:19] INFO - Richiesta: POST /api/auth/refresh - Risposta: 200 - IP: [0:0:0:0:0:0:0:1]
[2025-03-10 01:47:21] INFO - Richiesta: GET /api/istituti - Risposta: 200 - IP: [0:0:0:0:0:0:0:1]
[2025-03-10 01:47:21] INFO - Richiesta: GET /api/macchine - Risposta: 200 - IP: [0:0:0:0:0:0:0:1]
[2025-03-10 01:47:26] INFO - Richiesta: POST /api/auth/refresh - Risposta: 200 - IP: [0:0:0:0:0:0:0:1]
[2025-03-10 01:47:32] INFO - Richiesta: GET /api/istituti - Risposta: 200 - IP: [0:0:0:0:0:0:0:1]
[2025-03-10 01:47:40] INFO - Richiesta: GET /api/macchine - Risposta: 200 - IP: [0:0:0:0:0:0:0:1]
[2025-03-10 01:47:41] INFO - Richiesta: GET /api/bevande - Risposta: 200 - IP: [0:0:0:0:0:0:0:1]
[2025-03-10 01:47:44] INFO - Richiesta: GET /api/admin/transazioni - Risposta: 200 - IP: [0:0:0:0:0:0:0:1]
[2025-03-10 01:47:46] INFO - Richiesta: GET /api/admin/utenti - Risposta: 200 - IP: [0:0:0:0:0:0:0:1]
[2025-03-10 01:47:49] INFO - Richiesta: GET /api/manutenzione - Risposta: 200 - IP: [0:0:0:0:0:0:0:1]
[2025-03-10 01:47:49] INFO - Richiesta: GET /api/macchine - Risposta: 200 - IP: [0:0:0:0:0:0:0:1]
